#
# There is insufficient memory for the Java Runtime Environment to continue.
# Native memory allocation (mmap) failed to map 398458880 bytes for G1 virtual space
# Possible reasons:
#   The system is out of physical RAM or swap space
#   The process is running with CompressedOops enabled, and the Java Heap may be blocking the growth of the native heap
# Possible solutions:
#   Reduce memory load on the system
#   Increase physical memory or swap space
#   Check if swap backing store is full
#   Decrease Java heap size (-Xmx/-Xms)
#   Decrease number of Java threads
#   Decrease Java thread stack sizes (-Xss)
#   Set larger code cache with -XX:ReservedCodeCacheSize=
#   JVM is running with Unscaled Compressed Oops mode in which the Java heap is
#     placed in the first 4GB address space. The Java Heap base address is the
#     maximum limit for the native heap growth. Please use -XX:HeapBaseMinAddress
#     to set the Java Heap base and to place the Java Heap above 4GB virtual address.
# This output file may be truncated or incomplete.
#
#  Out of Memory Error (os_windows.cpp:3769), pid=4288, tid=11916
#
# JRE version: OpenJDK Runtime Environment (17.0.6) (build 17.0.6+0-b2043.56-9586694)
# Java VM: OpenJDK 64-Bit Server VM (17.0.6+0-b2043.56-9586694, mixed mode, tiered, compressed oops, compressed class ptrs, g1 gc, windows-amd64)
# No core dump will be written. Minidumps are not enabled by default on client versions of Windows
#

---------------  S U M M A R Y ------------

Command Line: --add-opens=java.base/java.util=ALL-UNNAMED --add-opens=java.base/java.lang=ALL-UNNAMED --add-opens=java.base/java.lang.invoke=ALL-UNNAMED --add-opens=java.prefs/java.util.prefs=ALL-UNNAMED --add-opens=java.base/java.nio.charset=ALL-UNNAMED --add-opens=java.base/java.net=ALL-UNNAMED --add-opens=java.base/java.util.concurrent.atomic=ALL-UNNAMED -Xmx2048m -Dfile.encoding=UTF-8 -Duser.country=ID -Duser.language=en -Duser.variant org.gradle.launcher.daemon.bootstrap.GradleDaemon 8.0

Host: Intel(R) Core(TM) i3-10110U CPU @ 2.10GHz, 4 cores, 3G,  Windows 11 , 64 bit Build 22621 (10.0.22621.3672)
Time: Wed Jun 26 16:19:00 2024 SE Asia Standard Time elapsed time: 27.799870 seconds (0d 0h 0m 27s)

---------------  T H R E A D  ---------------

Current thread (0x0000022777b92cd0):  VMThread "VM Thread" [stack: 0x000000616a500000,0x000000616a600000] [id=11916]

Stack: [0x000000616a500000,0x000000616a600000]
Native frames: (J=compiled Java code, j=interpreted, Vv=VM code, C=native code)
V  [jvm.dll+0x683b4a]
V  [jvm.dll+0x842654]
V  [jvm.dll+0x843dfe]
V  [jvm.dll+0x844463]
V  [jvm.dll+0x249b75]
V  [jvm.dll+0x680a19]
V  [jvm.dll+0x674f0a]
V  [jvm.dll+0x309acb]
V  [jvm.dll+0x310f86]
V  [jvm.dll+0x3608ee]
V  [jvm.dll+0x360b1f]
V  [jvm.dll+0x2dfbf8]
V  [jvm.dll+0x2ddec4]
V  [jvm.dll+0x2dd4cc]
V  [jvm.dll+0x321f3b]
V  [jvm.dll+0x84893b]
V  [jvm.dll+0x849674]
V  [jvm.dll+0x849b8d]
V  [jvm.dll+0x849f64]
V  [jvm.dll+0x84a030]
V  [jvm.dll+0x7f25fa]
V  [jvm.dll+0x682985]
C  [ucrtbase.dll+0x29333]
C  [KERNEL32.DLL+0x1257d]
C  [ntdll.dll+0x5af28]

VM_Operation (0x000000616c1fe780): G1CollectForAllocation, mode: safepoint, requested by thread 0x0000022779232220


---------------  P R O C E S S  ---------------

Threads class SMR info:
_java_thread_list=0x00000227018d18f0, length=88, elements={
0x000002275e60e970, 0x0000022777b99910, 0x0000022777b9a780, 0x0000022777bec4d0,
0x0000022777bf1260, 0x0000022777bf4e90, 0x0000022777bf5840, 0x0000022778500dc0,
0x00000227785016c0, 0x000002277850b0b0, 0x0000022778673780, 0x0000022778676470,
0x00000227796f4fc0, 0x000002277a093740, 0x00000227794adf80, 0x00000227799334b0,
0x00000227797113b0, 0x0000022779231880, 0x0000022779232bc0, 0x0000022779230ee0,
0x0000022779233090, 0x0000022779233560, 0x0000022779230540, 0x0000022779230a10,
0x0000022779232220, 0x00000227787f16e0, 0x00000227787ef530, 0x00000227787efa00,
0x00000227787efed0, 0x00000227787f0d40, 0x00000227787f03a0, 0x00000227787f1bb0,
0x00000227787f0870, 0x00000227787f2080, 0x00000227787f2550, 0x000002277ccbd310,
0x000002277ccbb160, 0x000002277ccb9950, 0x000002277ccbb630, 0x000002277ccbc970,
0x000002277ccbeff0, 0x000002277ccbeb20, 0x000002277ccbe650, 0x000002277ccba7c0,
0x000002277ccbbfd0, 0x000002277ccbc4a0, 0x000002277ccc0330, 0x000002277ccb8fb0,
0x000002277ccbf4c0, 0x000002277ccbce40, 0x000002277ccbdcb0, 0x000002277ccbac90,
0x000002277ccbe180, 0x000002277ccbf990, 0x000002277ccb8ae0, 0x000002277ccb9480,
0x000002277ccb9e20, 0x000002277ba644f0, 0x000002277ba67eb0, 0x000002277ba666a0,
0x000002277ba66b70, 0x000002277ba6a530, 0x000002277ba64e90, 0x000002277ba696c0,
0x000002277ba6aa00, 0x000002277ba679e0, 0x000002277ba68d20, 0x000002277ba63680,
0x000002277ba63b50, 0x000002277ba6a060, 0x000002277ba67040, 0x000002277ba65360,
0x000002277ba67510, 0x000002277ba649c0, 0x000002277ba69b90, 0x000002277ba631b0,
0x000002277ba65830, 0x000002277ba64020, 0x000002277ba68380, 0x000002277ba661d0,
0x000002277ba68850, 0x000002277ff8d770, 0x000002277ff8a750, 0x000002277ff8b0f0,
0x000002277ff8c900, 0x000002277ff8f450, 0x000002277ff8cdd0, 0x000002277ff8b5c0
}

Java Threads: ( => current thread )
  0x000002275e60e970 JavaThread "main" [_thread_blocked, id=12816, stack(0x0000006169f00000,0x000000616a000000)]
  0x0000022777b99910 JavaThread "Reference Handler" daemon [_thread_blocked, id=7172, stack(0x000000616a600000,0x000000616a700000)]
  0x0000022777b9a780 JavaThread "Finalizer" daemon [_thread_blocked, id=14012, stack(0x000000616a700000,0x000000616a800000)]
  0x0000022777bec4d0 JavaThread "Signal Dispatcher" daemon [_thread_blocked, id=6192, stack(0x000000616a800000,0x000000616a900000)]
  0x0000022777bf1260 JavaThread "Attach Listener" daemon [_thread_blocked, id=18524, stack(0x000000616a900000,0x000000616aa00000)]
  0x0000022777bf4e90 JavaThread "Service Thread" daemon [_thread_blocked, id=19448, stack(0x000000616aa00000,0x000000616ab00000)]
  0x0000022777bf5840 JavaThread "Monitor Deflation Thread" daemon [_thread_blocked, id=8144, stack(0x000000616ab00000,0x000000616ac00000)]
  0x0000022778500dc0 JavaThread "C2 CompilerThread0" daemon [_thread_blocked, id=6324, stack(0x000000616ac00000,0x000000616ad00000)]
  0x00000227785016c0 JavaThread "C1 CompilerThread0" daemon [_thread_blocked, id=9100, stack(0x000000616ad00000,0x000000616ae00000)]
  0x000002277850b0b0 JavaThread "Sweeper thread" daemon [_thread_blocked, id=11436, stack(0x000000616ae00000,0x000000616af00000)]
  0x0000022778673780 JavaThread "Common-Cleaner" daemon [_thread_blocked, id=3280, stack(0x000000616af00000,0x000000616b000000)]
  0x0000022778676470 JavaThread "Notification Thread" daemon [_thread_blocked, id=5832, stack(0x000000616b000000,0x000000616b100000)]
  0x00000227796f4fc0 JavaThread "Daemon health stats" [_thread_blocked, id=10040, stack(0x000000616b500000,0x000000616b600000)]
  0x000002277a093740 JavaThread "Incoming local TCP Connector on port 57644" [_thread_in_native, id=6392, stack(0x000000616b600000,0x000000616b700000)]
  0x00000227794adf80 JavaThread "Daemon periodic checks" [_thread_blocked, id=6480, stack(0x000000616b700000,0x000000616b800000)]
  0x00000227799334b0 JavaThread "Daemon" [_thread_blocked, id=13376, stack(0x000000616b800000,0x000000616b900000)]
  0x00000227797113b0 JavaThread "Handler for socket connection from /127.0.0.1:57644 to /127.0.0.1:57645" [_thread_in_native, id=6940, stack(0x000000616b900000,0x000000616ba00000)]
  0x0000022779231880 JavaThread "Cancel handler" [_thread_blocked, id=18916, stack(0x000000616ba00000,0x000000616bb00000)]
  0x0000022779232bc0 JavaThread "Daemon worker" [_thread_blocked, id=10636, stack(0x000000616bb00000,0x000000616bc00000)]
  0x0000022779230ee0 JavaThread "Asynchronous log dispatcher for DefaultDaemonConnection: socket connection from /127.0.0.1:57644 to /127.0.0.1:57645" [_thread_blocked, id=448, stack(0x000000616bc00000,0x000000616bd00000)]
  0x0000022779233090 JavaThread "Stdin handler" [_thread_blocked, id=11960, stack(0x000000616bd00000,0x000000616be00000)]
  0x0000022779233560 JavaThread "Daemon client event forwarder" [_thread_blocked, id=11452, stack(0x000000616be00000,0x000000616bf00000)]
  0x0000022779230540 JavaThread "Cache worker for journal cache (C:\Users\abd.goffar\.gradle\caches\journal-1)" [_thread_blocked, id=8652, stack(0x000000616bf00000,0x000000616c000000)]
  0x0000022779230a10 JavaThread "File lock request listener" [_thread_in_native, id=10432, stack(0x000000616c000000,0x000000616c100000)]
  0x0000022779232220 JavaThread "Cache worker for file hash cache (C:\Users\abd.goffar\.gradle\caches\8.0\fileHashes)" [_thread_blocked, id=13808, stack(0x000000616c100000,0x000000616c200000)]
  0x00000227787f16e0 JavaThread "File watcher server" daemon [_thread_blocked, id=8684, stack(0x000000616c200000,0x000000616c300000)]
  0x00000227787ef530 JavaThread "File watcher consumer" daemon [_thread_blocked, id=14432, stack(0x000000616c300000,0x000000616c400000)]
  0x00000227787efa00 JavaThread "Cache worker for checksums cache (C:\onlineShop\.gradle\8.0\checksums)" [_thread_blocked, id=10092, stack(0x000000616c400000,0x000000616c500000)]
  0x00000227787efed0 JavaThread "Cache worker for cache directory md-rule (C:\Users\abd.goffar\.gradle\caches\8.0\md-rule)" [_thread_blocked, id=14376, stack(0x000000616c500000,0x000000616c600000)]
  0x00000227787f0d40 JavaThread "Cache worker for file content cache (C:\Users\abd.goffar\.gradle\caches\8.0\fileContent)" [_thread_blocked, id=7208, stack(0x000000616c600000,0x000000616c700000)]
  0x00000227787f03a0 JavaThread "Cache worker for file hash cache (C:\onlineShop\.gradle\8.0\fileHashes)" [_thread_blocked, id=8928, stack(0x000000616c700000,0x000000616c800000)]
  0x00000227787f1bb0 JavaThread "Cache worker for cache directory md-supplier (C:\Users\abd.goffar\.gradle\caches\8.0\md-supplier)" [_thread_blocked, id=14496, stack(0x000000616c800000,0x000000616c900000)]
  0x00000227787f0870 JavaThread "Cache worker for execution history cache (C:\Users\abd.goffar\.gradle\caches\8.0\executionHistory)" [_thread_blocked, id=5728, stack(0x000000616c900000,0x000000616ca00000)]
  0x00000227787f2080 JavaThread "jar transforms" [_thread_blocked, id=6824, stack(0x000000616cb00000,0x000000616cc00000)]
  0x00000227787f2550 JavaThread "jar transforms Thread 2" [_thread_blocked, id=916, stack(0x000000616cc00000,0x000000616cd00000)]
  0x000002277ccbd310 JavaThread "jar transforms Thread 3" [_thread_blocked, id=8044, stack(0x000000616cd00000,0x000000616ce00000)]
  0x000002277ccbb160 JavaThread "jar transforms Thread 4" [_thread_blocked, id=11128, stack(0x000000616ce00000,0x000000616cf00000)]
  0x000002277ccb9950 JavaThread "Cache worker for dependencies-accessors (C:\onlineShop\.gradle\8.0\dependencies-accessors)" [_thread_blocked, id=19312, stack(0x000000616cf00000,0x000000616d000000)]
  0x000002277ccbb630 JavaThread "Cache worker for Build Output Cleanup Cache (C:\onlineShop\.gradle\buildOutputCleanup)" [_thread_blocked, id=1672, stack(0x000000616d000000,0x000000616d100000)]
  0x000002277ccbc970 JavaThread "Unconstrained build operations" [_thread_blocked, id=17160, stack(0x000000616d100000,0x000000616d200000)]
  0x000002277ccbeff0 JavaThread "Unconstrained build operations Thread 2" [_thread_blocked, id=15440, stack(0x000000616d200000,0x000000616d300000)]
  0x000002277ccbeb20 JavaThread "Unconstrained build operations Thread 3" [_thread_blocked, id=13796, stack(0x000000616d300000,0x000000616d400000)]
  0x000002277ccbe650 JavaThread "Unconstrained build operations Thread 4" [_thread_blocked, id=7844, stack(0x000000616d400000,0x000000616d500000)]
  0x000002277ccba7c0 JavaThread "Unconstrained build operations Thread 5" [_thread_blocked, id=9360, stack(0x000000616d500000,0x000000616d600000)]
  0x000002277ccbbfd0 JavaThread "Unconstrained build operations Thread 6" [_thread_blocked, id=13784, stack(0x000000616d600000,0x000000616d700000)]
  0x000002277ccbc4a0 JavaThread "Unconstrained build operations Thread 7" [_thread_blocked, id=18444, stack(0x000000616d700000,0x000000616d800000)]
  0x000002277ccc0330 JavaThread "Unconstrained build operations Thread 8" [_thread_blocked, id=18024, stack(0x000000616d800000,0x000000616d900000)]
  0x000002277ccb8fb0 JavaThread "Unconstrained build operations Thread 9" [_thread_blocked, id=9136, stack(0x000000616d900000,0x000000616da00000)]
  0x000002277ccbf4c0 JavaThread "Unconstrained build operations Thread 10" [_thread_blocked, id=5088, stack(0x000000616da00000,0x000000616db00000)]
  0x000002277ccbce40 JavaThread "Unconstrained build operations Thread 11" [_thread_blocked, id=13532, stack(0x000000616db00000,0x000000616dc00000)]
  0x000002277ccbdcb0 JavaThread "Unconstrained build operations Thread 12" [_thread_blocked, id=19556, stack(0x000000616dc00000,0x000000616dd00000)]
  0x000002277ccbac90 JavaThread "Unconstrained build operations Thread 13" [_thread_blocked, id=7988, stack(0x000000616dd00000,0x000000616de00000)]
  0x000002277ccbe180 JavaThread "Unconstrained build operations Thread 14" [_thread_blocked, id=17144, stack(0x000000616de00000,0x000000616df00000)]
  0x000002277ccbf990 JavaThread "Unconstrained build operations Thread 15" [_thread_blocked, id=16212, stack(0x000000616df00000,0x000000616e000000)]
  0x000002277ccb8ae0 JavaThread "Unconstrained build operations Thread 16" [_thread_blocked, id=8588, stack(0x000000616e000000,0x000000616e100000)]
  0x000002277ccb9480 JavaThread "Unconstrained build operations Thread 17" [_thread_blocked, id=10672, stack(0x000000616e100000,0x000000616e200000)]
  0x000002277ccb9e20 JavaThread "Unconstrained build operations Thread 18" [_thread_blocked, id=6436, stack(0x000000616e200000,0x000000616e300000)]
  0x000002277ba644f0 JavaThread "Unconstrained build operations Thread 19" [_thread_blocked, id=19908, stack(0x000000616e300000,0x000000616e400000)]
  0x000002277ba67eb0 JavaThread "Unconstrained build operations Thread 20" [_thread_blocked, id=15452, stack(0x000000616e400000,0x000000616e500000)]
  0x000002277ba666a0 JavaThread "Unconstrained build operations Thread 21" [_thread_blocked, id=2388, stack(0x000000616e500000,0x000000616e600000)]
  0x000002277ba66b70 JavaThread "Unconstrained build operations Thread 22" [_thread_blocked, id=9356, stack(0x000000616e600000,0x000000616e700000)]
  0x000002277ba6a530 JavaThread "Unconstrained build operations Thread 23" [_thread_blocked, id=9560, stack(0x000000616e700000,0x000000616e800000)]
  0x000002277ba64e90 JavaThread "Unconstrained build operations Thread 24" [_thread_blocked, id=11592, stack(0x000000616e800000,0x000000616e900000)]
  0x000002277ba696c0 JavaThread "Unconstrained build operations Thread 25" [_thread_blocked, id=8024, stack(0x000000616e900000,0x000000616ea00000)]
  0x000002277ba6aa00 JavaThread "Unconstrained build operations Thread 26" [_thread_blocked, id=14912, stack(0x000000616ea00000,0x000000616eb00000)]
  0x000002277ba679e0 JavaThread "Unconstrained build operations Thread 27" [_thread_blocked, id=10824, stack(0x000000616eb00000,0x000000616ec00000)]
  0x000002277ba68d20 JavaThread "Unconstrained build operations Thread 28" [_thread_blocked, id=14464, stack(0x000000616ec00000,0x000000616ed00000)]
  0x000002277ba63680 JavaThread "Unconstrained build operations Thread 29" [_thread_blocked, id=2684, stack(0x000000616ed00000,0x000000616ee00000)]
  0x000002277ba63b50 JavaThread "Unconstrained build operations Thread 30" [_thread_blocked, id=6608, stack(0x000000616ee00000,0x000000616ef00000)]
  0x000002277ba6a060 JavaThread "Unconstrained build operations Thread 31" [_thread_blocked, id=4740, stack(0x000000616ef00000,0x000000616f000000)]
  0x000002277ba67040 JavaThread "Unconstrained build operations Thread 32" [_thread_blocked, id=20164, stack(0x000000616f000000,0x000000616f100000)]
  0x000002277ba65360 JavaThread "Unconstrained build operations Thread 33" [_thread_blocked, id=12844, stack(0x000000616f100000,0x000000616f200000)]
  0x000002277ba67510 JavaThread "Unconstrained build operations Thread 34" [_thread_blocked, id=19976, stack(0x000000616f200000,0x000000616f300000)]
  0x000002277ba649c0 JavaThread "Unconstrained build operations Thread 35" [_thread_blocked, id=12516, stack(0x000000616f300000,0x000000616f400000)]
  0x000002277ba69b90 JavaThread "Unconstrained build operations Thread 36" [_thread_blocked, id=14744, stack(0x000000616f400000,0x000000616f500000)]
  0x000002277ba631b0 JavaThread "Unconstrained build operations Thread 37" [_thread_blocked, id=15200, stack(0x000000616f500000,0x000000616f600000)]
  0x000002277ba65830 JavaThread "Unconstrained build operations Thread 38" [_thread_blocked, id=19100, stack(0x000000616f600000,0x000000616f700000)]
  0x000002277ba64020 JavaThread "Unconstrained build operations Thread 39" [_thread_blocked, id=19252, stack(0x000000616f700000,0x000000616f800000)]
  0x000002277ba68380 JavaThread "Unconstrained build operations Thread 40" [_thread_blocked, id=5216, stack(0x000000616f800000,0x000000616f900000)]
  0x000002277ba661d0 JavaThread "build event listener" [_thread_blocked, id=2408, stack(0x000000616f900000,0x000000616fa00000)]
  0x000002277ba68850 JavaThread "Memory manager" [_thread_blocked, id=16012, stack(0x000000616fa00000,0x000000616fb00000)]
  0x000002277ff8d770 JavaThread "pool-3-thread-1" [_thread_blocked, id=9868, stack(0x000000616fb00000,0x000000616fc00000)]
  0x000002277ff8a750 JavaThread "build event listener" [_thread_blocked, id=17740, stack(0x000000616fc00000,0x000000616fd00000)]
  0x000002277ff8b0f0 JavaThread "included builds" [_thread_blocked, id=19528, stack(0x000000616fd00000,0x000000616fe00000)]
  0x000002277ff8c900 JavaThread "Execution worker" [_thread_blocked, id=8812, stack(0x000000616fe00000,0x000000616ff00000)]
  0x000002277ff8f450 JavaThread "Execution worker Thread 2" [_thread_blocked, id=16568, stack(0x000000616ff00000,0x0000006170000000)]
  0x000002277ff8cdd0 JavaThread "Execution worker Thread 3" [_thread_blocked, id=8708, stack(0x0000006170000000,0x0000006170100000)]
  0x000002277ff8b5c0 JavaThread "Cache worker for execution history cache (C:\onlineShop\.gradle\8.0\executionHistory)" [_thread_blocked, id=12860, stack(0x0000006170100000,0x0000006170200000)]

Other Threads:
=>0x0000022777b92cd0 VMThread "VM Thread" [stack: 0x000000616a500000,0x000000616a600000] [id=11916]
  0x0000022777b35370 WatcherThread [stack: 0x000000616b100000,0x000000616b200000] [id=17528]
  0x000002275e668e20 GCTaskThread "GC Thread#0" [stack: 0x000000616a000000,0x000000616a100000] [id=15740]
  0x00000227788ee410 GCTaskThread "GC Thread#1" [stack: 0x000000616b200000,0x000000616b300000] [id=13408]
  0x0000022778e124e0 GCTaskThread "GC Thread#2" [stack: 0x000000616b300000,0x000000616b400000] [id=15932]
  0x00000227793818b0 GCTaskThread "GC Thread#3" [stack: 0x000000616b400000,0x000000616b500000] [id=18164]
  0x000002275e67a500 ConcurrentGCThread "G1 Main Marker" [stack: 0x000000616a100000,0x000000616a200000] [id=16968]
  0x000002275e67af10 ConcurrentGCThread "G1 Conc#0" [stack: 0x000000616a200000,0x000000616a300000] [id=7200]
  0x000002275e6cb1a0 ConcurrentGCThread "G1 Refine#0" [stack: 0x000000616a300000,0x000000616a400000] [id=4668]
  0x00000227790babb0 ConcurrentGCThread "G1 Refine#1" [stack: 0x000000616ca00000,0x000000616cb00000] [id=14112]
  0x000002275e6cbbc0 ConcurrentGCThread "G1 Service" [stack: 0x000000616a400000,0x000000616a500000] [id=6960]

Threads with active compile tasks:
C2 CompilerThread0    27860 11865       4       com.google.common.collect.ImmutableSortedMap$1::compare (13 bytes)

VM state: at safepoint (normal execution)

VM Mutex/Monitor currently owned by a thread:  ([mutex/lock_event])
[0x000002275e609450] Threads_lock - owner thread: 0x0000022777b92cd0
[0x000002275e60afe0] Heap_lock - owner thread: 0x0000022779232220

Heap address: 0x0000000080000000, size: 2048 MB, Compressed Oops mode: 32-bit

CDS archive(s) not mapped
Compressed class space mapped at: 0x0000000100000000-0x0000000140000000, reserved size: 1073741824
Narrow klass base: 0x0000000000000000, Narrow klass shift: 3, Narrow klass range: 0x140000000

GC Precious Log:
 CPUs: 4 total, 4 available
 Memory: 3930M
 Large Page Support: Disabled
 NUMA Support: Disabled
 Compressed Oops: Enabled (32-bit)
 Heap Region Size: 1M
 Heap Min Capacity: 8M
 Heap Initial Capacity: 62M
 Heap Max Capacity: 2G
 Pre-touch: Disabled
 Parallel Workers: 4
 Concurrent Workers: 1
 Concurrent Refinement Workers: 4
 Periodic GC: Disabled

Heap:
 garbage-first heap   total 240640K, used 113423K [0x0000000080000000, 0x0000000100000000)
  region size 1024K, 10 young (10240K), 10 survivors (10240K)
 Metaspace       used 97756K, committed 98432K, reserved 1138688K
  class space    used 13150K, committed 13440K, reserved 1048576K

Heap Regions: E=young(eden), S=young(survivor), O=old, HS=humongous(starts), HC=humongous(continues), CS=collection set, F=free, OA=open archive, CA=closed archive, TAMS=top-at-mark-start (previous, next)
|   0|0x0000000080000000, 0x0000000080100000, 0x0000000080100000|100%| O|  |TAMS 0x0000000080100000, 0x0000000080000000| Untracked 
|   1|0x0000000080100000, 0x0000000080200000, 0x0000000080200000|100%| O|  |TAMS 0x0000000080200000, 0x0000000080100000| Untracked 
|   2|0x0000000080200000, 0x0000000080300000, 0x0000000080300000|100%|HS|  |TAMS 0x0000000080300000, 0x0000000080200000| Complete 
|   3|0x0000000080300000, 0x0000000080400000, 0x0000000080400000|100%|HC|  |TAMS 0x0000000080400000, 0x0000000080300000| Complete 
|   4|0x0000000080400000, 0x0000000080500000, 0x0000000080500000|100%|HC|  |TAMS 0x0000000080500000, 0x0000000080400000| Complete 
|   5|0x0000000080500000, 0x0000000080600000, 0x0000000080600000|100%|HC|  |TAMS 0x0000000080600000, 0x0000000080500000| Complete 
|   6|0x0000000080600000, 0x0000000080700000, 0x0000000080700000|100%| O|  |TAMS 0x0000000080700000, 0x0000000080600000| Untracked 
|   7|0x0000000080700000, 0x0000000080800000, 0x0000000080800000|100%| O|  |TAMS 0x0000000080800000, 0x0000000080700000| Untracked 
|   8|0x0000000080800000, 0x0000000080900000, 0x0000000080900000|100%| O|  |TAMS 0x0000000080900000, 0x0000000080800000| Untracked 
|   9|0x0000000080900000, 0x0000000080a00000, 0x0000000080a00000|100%| O|  |TAMS 0x0000000080a00000, 0x0000000080900000| Untracked 
|  10|0x0000000080a00000, 0x0000000080b00000, 0x0000000080b00000|100%| O|  |TAMS 0x0000000080b00000, 0x0000000080a00000| Untracked 
|  11|0x0000000080b00000, 0x0000000080c00000, 0x0000000080c00000|100%| O|  |TAMS 0x0000000080c00000, 0x0000000080b00000| Untracked 
|  12|0x0000000080c00000, 0x0000000080d00000, 0x0000000080d00000|100%| O|  |TAMS 0x0000000080d00000, 0x0000000080c00000| Untracked 
|  13|0x0000000080d00000, 0x0000000080e00000, 0x0000000080e00000|100%| O|  |TAMS 0x0000000080e00000, 0x0000000080d00000| Untracked 
|  14|0x0000000080e00000, 0x0000000080f00000, 0x0000000080f00000|100%| O|  |TAMS 0x0000000080f00000, 0x0000000080e00000| Untracked 
|  15|0x0000000080f00000, 0x0000000081000000, 0x0000000081000000|100%| O|  |TAMS 0x0000000081000000, 0x0000000080f00000| Untracked 
|  16|0x0000000081000000, 0x0000000081100000, 0x0000000081100000|100%| O|  |TAMS 0x0000000081100000, 0x0000000081000000| Untracked 
|  17|0x0000000081100000, 0x0000000081200000, 0x0000000081200000|100%| O|  |TAMS 0x0000000081200000, 0x0000000081100000| Untracked 
|  18|0x0000000081200000, 0x0000000081300000, 0x0000000081300000|100%| O|  |TAMS 0x0000000081300000, 0x0000000081200000| Untracked 
|  19|0x0000000081300000, 0x0000000081400000, 0x0000000081400000|100%| O|  |TAMS 0x0000000081400000, 0x0000000081300000| Untracked 
|  20|0x0000000081400000, 0x0000000081500000, 0x0000000081500000|100%| O|  |TAMS 0x0000000081500000, 0x0000000081400000| Untracked 
|  21|0x0000000081500000, 0x0000000081600000, 0x0000000081600000|100%| O|  |TAMS 0x0000000081600000, 0x0000000081500000| Untracked 
|  22|0x0000000081600000, 0x0000000081700000, 0x0000000081700000|100%| O|  |TAMS 0x0000000081700000, 0x0000000081600000| Untracked 
|  23|0x0000000081700000, 0x0000000081800000, 0x0000000081800000|100%| O|  |TAMS 0x0000000081800000, 0x0000000081700000| Untracked 
|  24|0x0000000081800000, 0x0000000081900000, 0x0000000081900000|100%| O|  |TAMS 0x0000000081900000, 0x0000000081800000| Untracked 
|  25|0x0000000081900000, 0x0000000081a00000, 0x0000000081a00000|100%| O|  |TAMS 0x0000000081a00000, 0x0000000081900000| Untracked 
|  26|0x0000000081a00000, 0x0000000081b00000, 0x0000000081b00000|100%| O|  |TAMS 0x0000000081b00000, 0x0000000081a00000| Untracked 
|  27|0x0000000081b00000, 0x0000000081c00000, 0x0000000081c00000|100%| O|  |TAMS 0x0000000081c00000, 0x0000000081b00000| Untracked 
|  28|0x0000000081c00000, 0x0000000081d00000, 0x0000000081d00000|100%| O|  |TAMS 0x0000000081d00000, 0x0000000081c00000| Untracked 
|  29|0x0000000081d00000, 0x0000000081e00000, 0x0000000081e00000|100%| O|  |TAMS 0x0000000081e00000, 0x0000000081d00000| Untracked 
|  30|0x0000000081e00000, 0x0000000081f00000, 0x0000000081f00000|100%| O|  |TAMS 0x0000000081f00000, 0x0000000081e00000| Untracked 
|  31|0x0000000081f00000, 0x0000000082000000, 0x0000000082000000|100%| O|  |TAMS 0x0000000082000000, 0x0000000081f00000| Untracked 
|  32|0x0000000082000000, 0x0000000082100000, 0x0000000082100000|100%| O|  |TAMS 0x0000000082100000, 0x0000000082000000| Untracked 
|  33|0x0000000082100000, 0x0000000082200000, 0x0000000082200000|100%| O|  |TAMS 0x0000000082200000, 0x0000000082100000| Untracked 
|  34|0x0000000082200000, 0x0000000082300000, 0x0000000082300000|100%| O|  |TAMS 0x0000000082200000, 0x0000000082200000| Untracked 
|  35|0x0000000082300000, 0x0000000082400000, 0x0000000082400000|100%| O|  |TAMS 0x0000000082400000, 0x0000000082300000| Untracked 
|  36|0x0000000082400000, 0x0000000082500000, 0x0000000082500000|100%| O|  |TAMS 0x0000000082500000, 0x0000000082400000| Untracked 
|  37|0x0000000082500000, 0x0000000082600000, 0x0000000082600000|100%| O|  |TAMS 0x0000000082600000, 0x0000000082500000| Untracked 
|  38|0x0000000082600000, 0x0000000082700000, 0x0000000082700000|100%| O|  |TAMS 0x0000000082700000, 0x0000000082600000| Untracked 
|  39|0x0000000082700000, 0x0000000082800000, 0x0000000082800000|100%|HS|  |TAMS 0x0000000082800000, 0x0000000082700000| Complete 
|  40|0x0000000082800000, 0x0000000082900000, 0x0000000082900000|100%|HS|  |TAMS 0x0000000082900000, 0x0000000082800000| Complete 
|  41|0x0000000082900000, 0x0000000082a00000, 0x0000000082a00000|100%|HC|  |TAMS 0x0000000082a00000, 0x0000000082900000| Complete 
|  42|0x0000000082a00000, 0x0000000082b00000, 0x0000000082b00000|100%| O|  |TAMS 0x0000000082b00000, 0x0000000082a00000| Untracked 
|  43|0x0000000082b00000, 0x0000000082c00000, 0x0000000082c00000|100%| O|  |TAMS 0x0000000082b00000, 0x0000000082b00000| Untracked 
|  44|0x0000000082c00000, 0x0000000082d00000, 0x0000000082d00000|100%|HS|  |TAMS 0x0000000082d00000, 0x0000000082c00000| Complete 
|  45|0x0000000082d00000, 0x0000000082e00000, 0x0000000082e00000|100%|HS|  |TAMS 0x0000000082e00000, 0x0000000082d00000| Complete 
|  46|0x0000000082e00000, 0x0000000082f00000, 0x0000000082f00000|100%|HC|  |TAMS 0x0000000082f00000, 0x0000000082e00000| Complete 
|  47|0x0000000082f00000, 0x0000000083000000, 0x0000000083000000|100%|HC|  |TAMS 0x0000000083000000, 0x0000000082f00000| Complete 
|  48|0x0000000083000000, 0x0000000083100000, 0x0000000083100000|100%|HC|  |TAMS 0x0000000083100000, 0x0000000083000000| Complete 
|  49|0x0000000083100000, 0x0000000083200000, 0x0000000083200000|100%| O|  |TAMS 0x0000000083200000, 0x0000000083100000| Untracked 
|  50|0x0000000083200000, 0x0000000083300000, 0x0000000083300000|100%| O|  |TAMS 0x0000000083200000, 0x0000000083200000| Untracked 
|  51|0x0000000083300000, 0x0000000083400000, 0x0000000083400000|100%| O|  |TAMS 0x0000000083400000, 0x0000000083300000| Untracked 
|  52|0x0000000083400000, 0x0000000083500000, 0x0000000083500000|100%| O|  |TAMS 0x0000000083500000, 0x0000000083400000| Untracked 
|  53|0x0000000083500000, 0x0000000083600000, 0x0000000083600000|100%| O|  |TAMS 0x0000000083600000, 0x0000000083500000| Untracked 
|  54|0x0000000083600000, 0x0000000083700000, 0x0000000083700000|100%| O|  |TAMS 0x0000000083700000, 0x0000000083600000| Untracked 
|  55|0x0000000083700000, 0x0000000083800000, 0x0000000083800000|100%| O|  |TAMS 0x0000000083800000, 0x0000000083700000| Untracked 
|  56|0x0000000083800000, 0x0000000083900000, 0x0000000083900000|100%| O|  |TAMS 0x0000000083900000, 0x0000000083800000| Untracked 
|  57|0x0000000083900000, 0x0000000083a00000, 0x0000000083a00000|100%| O|  |TAMS 0x0000000083a00000, 0x0000000083900000| Untracked 
|  58|0x0000000083a00000, 0x0000000083b00000, 0x0000000083b00000|100%| O|  |TAMS 0x0000000083b00000, 0x0000000083a00000| Untracked 
|  59|0x0000000083b00000, 0x0000000083bfba00, 0x0000000083c00000| 98%| O|  |TAMS 0x0000000083bfba00, 0x0000000083b00000| Untracked 
|  60|0x0000000083c00000, 0x0000000083d00000, 0x0000000083d00000|100%| O|  |TAMS 0x0000000083c00000, 0x0000000083c00000| Untracked 
|  61|0x0000000083d00000, 0x0000000083e00000, 0x0000000083e00000|100%| O|  |TAMS 0x0000000083d00000, 0x0000000083d00000| Untracked 
|  62|0x0000000083e00000, 0x0000000083f00000, 0x0000000083f00000|100%| O|  |TAMS 0x0000000083e00000, 0x0000000083e00000| Untracked 
|  63|0x0000000083f00000, 0x0000000084000000, 0x0000000084000000|100%| O|  |TAMS 0x0000000083f00000, 0x0000000083f00000| Untracked 
|  64|0x0000000084000000, 0x0000000084100000, 0x0000000084100000|100%| O|  |TAMS 0x0000000084000000, 0x0000000084000000| Untracked 
|  65|0x0000000084100000, 0x0000000084200000, 0x0000000084200000|100%| O|  |TAMS 0x0000000084100000, 0x0000000084100000| Untracked 
|  66|0x0000000084200000, 0x0000000084300000, 0x0000000084300000|100%| O|  |TAMS 0x0000000084200000, 0x0000000084200000| Untracked 
|  67|0x0000000084300000, 0x0000000084400000, 0x0000000084400000|100%| O|  |TAMS 0x0000000084300000, 0x0000000084300000| Untracked 
|  68|0x0000000084400000, 0x0000000084500000, 0x0000000084500000|100%| O|  |TAMS 0x0000000084400000, 0x0000000084400000| Untracked 
|  69|0x0000000084500000, 0x0000000084600000, 0x0000000084600000|100%| O|  |TAMS 0x0000000084500000, 0x0000000084500000| Untracked 
|  70|0x0000000084600000, 0x0000000084700000, 0x0000000084700000|100%| O|  |TAMS 0x0000000084600000, 0x0000000084600000| Untracked 
|  71|0x0000000084700000, 0x0000000084800000, 0x0000000084800000|100%| O|  |TAMS 0x0000000084700000, 0x0000000084700000| Untracked 
|  72|0x0000000084800000, 0x0000000084900000, 0x0000000084900000|100%| O|  |TAMS 0x0000000084800000, 0x0000000084800000| Untracked 
|  73|0x0000000084900000, 0x0000000084a00000, 0x0000000084a00000|100%| O|  |TAMS 0x0000000084900000, 0x0000000084900000| Untracked 
|  74|0x0000000084a00000, 0x0000000084b00000, 0x0000000084b00000|100%| O|  |TAMS 0x0000000084a00000, 0x0000000084a00000| Untracked 
|  75|0x0000000084b00000, 0x0000000084c00000, 0x0000000084c00000|100%| O|  |TAMS 0x0000000084b00000, 0x0000000084b00000| Untracked 
|  76|0x0000000084c00000, 0x0000000084d00000, 0x0000000084d00000|100%| O|  |TAMS 0x0000000084c00000, 0x0000000084c00000| Untracked 
|  77|0x0000000084d00000, 0x0000000084e00000, 0x0000000084e00000|100%| O|  |TAMS 0x0000000084d00000, 0x0000000084d00000| Untracked 
|  78|0x0000000084e00000, 0x0000000084f00000, 0x0000000084f00000|100%| O|  |TAMS 0x0000000084e00000, 0x0000000084e00000| Untracked 
|  79|0x0000000084f00000, 0x0000000085000000, 0x0000000085000000|100%| O|  |TAMS 0x0000000084f00000, 0x0000000084f00000| Untracked 
|  80|0x0000000085000000, 0x0000000085100000, 0x0000000085100000|100%| O|  |TAMS 0x0000000085000000, 0x0000000085000000| Untracked 
|  81|0x0000000085100000, 0x0000000085200000, 0x0000000085200000|100%| O|  |TAMS 0x0000000085100000, 0x0000000085100000| Untracked 
|  82|0x0000000085200000, 0x0000000085300000, 0x0000000085300000|100%| O|  |TAMS 0x0000000085200000, 0x0000000085200000| Untracked 
|  83|0x0000000085300000, 0x0000000085400000, 0x0000000085400000|100%| O|  |TAMS 0x0000000085300000, 0x0000000085300000| Untracked 
|  84|0x0000000085400000, 0x0000000085500000, 0x0000000085500000|100%| O|  |TAMS 0x0000000085400000, 0x0000000085400000| Untracked 
|  85|0x0000000085500000, 0x0000000085600000, 0x0000000085600000|100%| O|  |TAMS 0x0000000085500000, 0x0000000085500000| Untracked 
|  86|0x0000000085600000, 0x0000000085700000, 0x0000000085700000|100%| O|  |TAMS 0x0000000085600000, 0x0000000085600000| Untracked 
|  87|0x0000000085700000, 0x0000000085800000, 0x0000000085800000|100%| O|  |TAMS 0x0000000085700000, 0x0000000085700000| Untracked 
|  88|0x0000000085800000, 0x0000000085900000, 0x0000000085900000|100%| O|  |TAMS 0x0000000085800000, 0x0000000085800000| Untracked 
|  89|0x0000000085900000, 0x0000000085a00000, 0x0000000085a00000|100%| O|  |TAMS 0x0000000085900000, 0x0000000085900000| Untracked 
|  90|0x0000000085a00000, 0x0000000085b00000, 0x0000000085b00000|100%| O|  |TAMS 0x0000000085a00000, 0x0000000085a00000| Untracked 
|  91|0x0000000085b00000, 0x0000000085c00000, 0x0000000085c00000|100%| O|  |TAMS 0x0000000085b00000, 0x0000000085b00000| Untracked 
|  92|0x0000000085c00000, 0x0000000085d00000, 0x0000000085d00000|100%| O|  |TAMS 0x0000000085c00000, 0x0000000085c00000| Untracked 
|  93|0x0000000085d00000, 0x0000000085e00000, 0x0000000085e00000|100%| O|  |TAMS 0x0000000085d00000, 0x0000000085d00000| Untracked 
|  94|0x0000000085e00000, 0x0000000085f00000, 0x0000000085f00000|100%| O|  |TAMS 0x0000000085e00000, 0x0000000085e00000| Untracked 
|  95|0x0000000085f00000, 0x0000000086000000, 0x0000000086000000|100%| O|  |TAMS 0x0000000085f00000, 0x0000000085f00000| Untracked 
|  96|0x0000000086000000, 0x0000000086000000, 0x0000000086100000|  0%| F|  |TAMS 0x0000000086000000, 0x0000000086000000| Untracked 
|  97|0x0000000086100000, 0x0000000086100000, 0x0000000086200000|  0%| F|  |TAMS 0x0000000086100000, 0x0000000086100000| Untracked 
|  98|0x0000000086200000, 0x0000000086200000, 0x0000000086300000|  0%| F|  |TAMS 0x0000000086200000, 0x0000000086200000| Untracked 
|  99|0x0000000086300000, 0x0000000086400000, 0x0000000086400000|100%| O|  |TAMS 0x0000000086300000, 0x0000000086300000| Untracked 
| 100|0x0000000086400000, 0x0000000086500000, 0x0000000086500000|100%| O|  |TAMS 0x0000000086400000, 0x0000000086400000| Untracked 
| 101|0x0000000086500000, 0x0000000086600000, 0x0000000086600000|100%| O|  |TAMS 0x0000000086500000, 0x0000000086500000| Untracked 
| 102|0x0000000086600000, 0x0000000086700000, 0x0000000086700000|100%| O|  |TAMS 0x0000000086600000, 0x0000000086600000| Untracked 
| 103|0x0000000086700000, 0x0000000086800000, 0x0000000086800000|100%| O|  |TAMS 0x0000000086700000, 0x0000000086700000| Untracked 
| 104|0x0000000086800000, 0x0000000086800000, 0x0000000086900000|  0%| F|  |TAMS 0x0000000086800000, 0x0000000086800000| Untracked 
| 105|0x0000000086900000, 0x0000000086900000, 0x0000000086a00000|  0%| F|  |TAMS 0x0000000086900000, 0x0000000086900000| Untracked 
| 106|0x0000000086a00000, 0x0000000086a00000, 0x0000000086b00000|  0%| F|  |TAMS 0x0000000086a00000, 0x0000000086a00000| Untracked 
| 107|0x0000000086b00000, 0x0000000086b00000, 0x0000000086c00000|  0%| F|  |TAMS 0x0000000086b00000, 0x0000000086b00000| Untracked 
| 108|0x0000000086c00000, 0x0000000086c00000, 0x0000000086d00000|  0%| F|  |TAMS 0x0000000086c00000, 0x0000000086c00000| Untracked 
| 109|0x0000000086d00000, 0x0000000086d00000, 0x0000000086e00000|  0%| F|  |TAMS 0x0000000086d00000, 0x0000000086d00000| Untracked 
| 110|0x0000000086e00000, 0x0000000086e00000, 0x0000000086f00000|  0%| F|  |TAMS 0x0000000086e00000, 0x0000000086e00000| Untracked 
| 111|0x0000000086f00000, 0x0000000086f00000, 0x0000000087000000|  0%| F|  |TAMS 0x0000000086f00000, 0x0000000086f00000| Untracked 
| 112|0x0000000087000000, 0x0000000087000000, 0x0000000087100000|  0%| F|  |TAMS 0x0000000087000000, 0x0000000087000000| Untracked 
| 113|0x0000000087100000, 0x0000000087100000, 0x0000000087200000|  0%| F|  |TAMS 0x0000000087100000, 0x0000000087100000| Untracked 
| 114|0x0000000087200000, 0x0000000087200000, 0x0000000087300000|  0%| F|  |TAMS 0x0000000087200000, 0x0000000087200000| Untracked 
| 115|0x0000000087300000, 0x0000000087300000, 0x0000000087400000|  0%| F|  |TAMS 0x0000000087300000, 0x0000000087300000| Untracked 
| 116|0x0000000087400000, 0x0000000087400000, 0x0000000087500000|  0%| F|  |TAMS 0x0000000087400000, 0x0000000087400000| Untracked 
| 117|0x0000000087500000, 0x0000000087500000, 0x0000000087600000|  0%| F|  |TAMS 0x0000000087500000, 0x0000000087500000| Untracked 
| 118|0x0000000087600000, 0x0000000087600000, 0x0000000087700000|  0%| F|  |TAMS 0x0000000087600000, 0x0000000087600000| Untracked 
| 119|0x0000000087700000, 0x0000000087700000, 0x0000000087800000|  0%| F|  |TAMS 0x0000000087700000, 0x0000000087700000| Untracked 
| 120|0x0000000087800000, 0x0000000087800000, 0x0000000087900000|  0%| F|  |TAMS 0x0000000087800000, 0x0000000087800000| Untracked 
| 121|0x0000000087900000, 0x0000000087900000, 0x0000000087a00000|  0%| F|  |TAMS 0x0000000087900000, 0x0000000087900000| Untracked 
| 122|0x0000000087a00000, 0x0000000087a00000, 0x0000000087b00000|  0%| F|  |TAMS 0x0000000087a00000, 0x0000000087a00000| Untracked 
| 123|0x0000000087b00000, 0x0000000087b00000, 0x0000000087c00000|  0%| F|  |TAMS 0x0000000087b00000, 0x0000000087b00000| Untracked 
| 124|0x0000000087c00000, 0x0000000087c00000, 0x0000000087d00000|  0%| F|  |TAMS 0x0000000087c00000, 0x0000000087c00000| Untracked 
| 125|0x0000000087d00000, 0x0000000087d00000, 0x0000000087e00000|  0%| F|  |TAMS 0x0000000087d00000, 0x0000000087d00000| Untracked 
| 126|0x0000000087e00000, 0x0000000087e00000, 0x0000000087f00000|  0%| F|  |TAMS 0x0000000087e00000, 0x0000000087e00000| Untracked 
| 127|0x0000000087f00000, 0x0000000087f00000, 0x0000000088000000|  0%| F|  |TAMS 0x0000000087f00000, 0x0000000087f00000| Untracked 
| 128|0x0000000088000000, 0x0000000088000000, 0x0000000088100000|  0%| F|  |TAMS 0x0000000088000000, 0x0000000088000000| Untracked 
| 129|0x0000000088100000, 0x0000000088100000, 0x0000000088200000|  0%| F|  |TAMS 0x0000000088100000, 0x0000000088100000| Untracked 
| 130|0x0000000088200000, 0x0000000088200000, 0x0000000088300000|  0%| F|  |TAMS 0x0000000088200000, 0x0000000088200000| Untracked 
| 131|0x0000000088300000, 0x0000000088300000, 0x0000000088400000|  0%| F|  |TAMS 0x0000000088300000, 0x0000000088300000| Untracked 
| 132|0x0000000088400000, 0x0000000088400000, 0x0000000088500000|  0%| F|  |TAMS 0x0000000088400000, 0x0000000088400000| Untracked 
| 133|0x0000000088500000, 0x00000000885c85e0, 0x0000000088600000| 78%| S|CS|TAMS 0x0000000088500000, 0x0000000088500000| Complete 
| 134|0x0000000088600000, 0x0000000088700000, 0x0000000088700000|100%| S|CS|TAMS 0x0000000088600000, 0x0000000088600000| Complete 
| 135|0x0000000088700000, 0x0000000088800000, 0x0000000088800000|100%| S|CS|TAMS 0x0000000088700000, 0x0000000088700000| Complete 
| 136|0x0000000088800000, 0x0000000088900000, 0x0000000088900000|100%| S|CS|TAMS 0x0000000088800000, 0x0000000088800000| Complete 
| 137|0x0000000088900000, 0x0000000088a00000, 0x0000000088a00000|100%| S|CS|TAMS 0x0000000088900000, 0x0000000088900000| Complete 
| 138|0x0000000088a00000, 0x0000000088b00000, 0x0000000088b00000|100%| S|CS|TAMS 0x0000000088a00000, 0x0000000088a00000| Complete 
| 139|0x0000000088b00000, 0x0000000088c00000, 0x0000000088c00000|100%| S|CS|TAMS 0x0000000088b00000, 0x0000000088b00000| Complete 
| 140|0x0000000088c00000, 0x0000000088d00000, 0x0000000088d00000|100%| S|CS|TAMS 0x0000000088c00000, 0x0000000088c00000| Complete 
| 141|0x0000000088d00000, 0x0000000088d00000, 0x0000000088e00000|  0%| F|  |TAMS 0x0000000088d00000, 0x0000000088d00000| Untracked 
| 142|0x0000000088e00000, 0x0000000088e00000, 0x0000000088f00000|  0%| F|  |TAMS 0x0000000088e00000, 0x0000000088e00000| Untracked 
| 143|0x0000000088f00000, 0x0000000088f00000, 0x0000000089000000|  0%| F|  |TAMS 0x0000000088f00000, 0x0000000088f00000| Untracked 
| 144|0x0000000089000000, 0x0000000089000000, 0x0000000089100000|  0%| F|  |TAMS 0x0000000089000000, 0x0000000089000000| Untracked 
| 145|0x0000000089100000, 0x0000000089100000, 0x0000000089200000|  0%| F|  |TAMS 0x0000000089100000, 0x0000000089100000| Untracked 
| 146|0x0000000089200000, 0x0000000089200000, 0x0000000089300000|  0%| F|  |TAMS 0x0000000089200000, 0x0000000089200000| Untracked 
| 147|0x0000000089300000, 0x0000000089300000, 0x0000000089400000|  0%| F|  |TAMS 0x0000000089300000, 0x0000000089300000| Untracked 
| 148|0x0000000089400000, 0x0000000089500000, 0x0000000089500000|100%| S|CS|TAMS 0x0000000089400000, 0x0000000089400000| Complete 
| 149|0x0000000089500000, 0x0000000089600000, 0x0000000089600000|100%| S|CS|TAMS 0x0000000089500000, 0x0000000089500000| Complete 
| 150|0x0000000089600000, 0x0000000089600000, 0x0000000089700000|  0%| F|  |TAMS 0x0000000089600000, 0x0000000089600000| Untracked 
| 151|0x0000000089700000, 0x0000000089700000, 0x0000000089800000|  0%| F|  |TAMS 0x0000000089700000, 0x0000000089700000| Untracked 
| 152|0x0000000089800000, 0x0000000089800000, 0x0000000089900000|  0%| F|  |TAMS 0x0000000089800000, 0x0000000089800000| Untracked 
| 153|0x0000000089900000, 0x0000000089900000, 0x0000000089a00000|  0%| F|  |TAMS 0x0000000089900000, 0x0000000089900000| Untracked 
| 154|0x0000000089a00000, 0x0000000089a00000, 0x0000000089b00000|  0%| F|  |TAMS 0x0000000089a00000, 0x0000000089a00000| Untracked 
| 155|0x0000000089b00000, 0x0000000089b00000, 0x0000000089c00000|  0%| F|  |TAMS 0x0000000089b00000, 0x0000000089b00000| Untracked 
| 156|0x0000000089c00000, 0x0000000089c00000, 0x0000000089d00000|  0%| F|  |TAMS 0x0000000089c00000, 0x0000000089c00000| Untracked 
| 157|0x0000000089d00000, 0x0000000089d00000, 0x0000000089e00000|  0%| F|  |TAMS 0x0000000089d00000, 0x0000000089d00000| Untracked 
| 158|0x0000000089e00000, 0x0000000089e00000, 0x0000000089f00000|  0%| F|  |TAMS 0x0000000089e00000, 0x0000000089e00000| Untracked 
| 159|0x0000000089f00000, 0x0000000089f00000, 0x000000008a000000|  0%| F|  |TAMS 0x0000000089f00000, 0x0000000089f00000| Untracked 
| 160|0x000000008a000000, 0x000000008a000000, 0x000000008a100000|  0%| F|  |TAMS 0x000000008a000000, 0x000000008a000000| Untracked 
| 161|0x000000008a100000, 0x000000008a100000, 0x000000008a200000|  0%| F|  |TAMS 0x000000008a100000, 0x000000008a100000| Untracked 
| 162|0x000000008a200000, 0x000000008a200000, 0x000000008a300000|  0%| F|  |TAMS 0x000000008a200000, 0x000000008a200000| Untracked 
| 163|0x000000008a300000, 0x000000008a300000, 0x000000008a400000|  0%| F|  |TAMS 0x000000008a300000, 0x000000008a300000| Untracked 
| 164|0x000000008a400000, 0x000000008a400000, 0x000000008a500000|  0%| F|  |TAMS 0x000000008a400000, 0x000000008a400000| Untracked 
| 165|0x000000008a500000, 0x000000008a500000, 0x000000008a600000|  0%| F|  |TAMS 0x000000008a500000, 0x000000008a500000| Untracked 
| 166|0x000000008a600000, 0x000000008a600000, 0x000000008a700000|  0%| F|  |TAMS 0x000000008a600000, 0x000000008a600000| Untracked 
| 167|0x000000008a700000, 0x000000008a700000, 0x000000008a800000|  0%| F|  |TAMS 0x000000008a700000, 0x000000008a700000| Untracked 
| 168|0x000000008a800000, 0x000000008a800000, 0x000000008a900000|  0%| F|  |TAMS 0x000000008a800000, 0x000000008a800000| Untracked 
| 169|0x000000008a900000, 0x000000008a900000, 0x000000008aa00000|  0%| F|  |TAMS 0x000000008a900000, 0x000000008a900000| Untracked 
| 170|0x000000008aa00000, 0x000000008aa00000, 0x000000008ab00000|  0%| F|  |TAMS 0x000000008aa00000, 0x000000008aa00000| Untracked 
| 171|0x000000008ab00000, 0x000000008ab00000, 0x000000008ac00000|  0%| F|  |TAMS 0x000000008ab00000, 0x000000008ab00000| Untracked 
| 172|0x000000008ac00000, 0x000000008ac00000, 0x000000008ad00000|  0%| F|  |TAMS 0x000000008ac00000, 0x000000008ac00000| Untracked 
| 173|0x000000008ad00000, 0x000000008ad00000, 0x000000008ae00000|  0%| F|  |TAMS 0x000000008ad00000, 0x000000008ad00000| Untracked 
| 174|0x000000008ae00000, 0x000000008ae00000, 0x000000008af00000|  0%| F|  |TAMS 0x000000008ae00000, 0x000000008ae00000| Untracked 
| 175|0x000000008af00000, 0x000000008af00000, 0x000000008b000000|  0%| F|  |TAMS 0x000000008af00000, 0x000000008af00000| Untracked 
| 176|0x000000008b000000, 0x000000008b000000, 0x000000008b100000|  0%| F|  |TAMS 0x000000008b000000, 0x000000008b000000| Untracked 
| 177|0x000000008b100000, 0x000000008b100000, 0x000000008b200000|  0%| F|  |TAMS 0x000000008b100000, 0x000000008b100000| Untracked 
| 178|0x000000008b200000, 0x000000008b200000, 0x000000008b300000|  0%| F|  |TAMS 0x000000008b200000, 0x000000008b200000| Untracked 
| 179|0x000000008b300000, 0x000000008b300000, 0x000000008b400000|  0%| F|  |TAMS 0x000000008b300000, 0x000000008b300000| Untracked 
| 180|0x000000008b400000, 0x000000008b400000, 0x000000008b500000|  0%| F|  |TAMS 0x000000008b400000, 0x000000008b400000| Untracked 
| 181|0x000000008b500000, 0x000000008b500000, 0x000000008b600000|  0%| F|  |TAMS 0x000000008b500000, 0x000000008b500000| Untracked 
| 182|0x000000008b600000, 0x000000008b600000, 0x000000008b700000|  0%| F|  |TAMS 0x000000008b600000, 0x000000008b600000| Untracked 
| 183|0x000000008b700000, 0x000000008b700000, 0x000000008b800000|  0%| F|  |TAMS 0x000000008b700000, 0x000000008b700000| Untracked 
| 184|0x000000008b800000, 0x000000008b800000, 0x000000008b900000|  0%| F|  |TAMS 0x000000008b800000, 0x000000008b800000| Untracked 
| 185|0x000000008b900000, 0x000000008b900000, 0x000000008ba00000|  0%| F|  |TAMS 0x000000008b900000, 0x000000008b900000| Untracked 
| 186|0x000000008ba00000, 0x000000008ba00000, 0x000000008bb00000|  0%| F|  |TAMS 0x000000008ba00000, 0x000000008ba00000| Untracked 
| 187|0x000000008bb00000, 0x000000008bb00000, 0x000000008bc00000|  0%| F|  |TAMS 0x000000008bb00000, 0x000000008bb00000| Untracked 
| 188|0x000000008bc00000, 0x000000008bc00000, 0x000000008bd00000|  0%| F|  |TAMS 0x000000008bc00000, 0x000000008bc00000| Untracked 
| 189|0x000000008bd00000, 0x000000008bd00000, 0x000000008be00000|  0%| F|  |TAMS 0x000000008bd00000, 0x000000008bd00000| Untracked 
| 190|0x000000008be00000, 0x000000008be00000, 0x000000008bf00000|  0%| F|  |TAMS 0x000000008be00000, 0x000000008be00000| Untracked 
| 191|0x000000008bf00000, 0x000000008bf00000, 0x000000008c000000|  0%| F|  |TAMS 0x000000008bf00000, 0x000000008bf00000| Untracked 
| 192|0x000000008c000000, 0x000000008c000000, 0x000000008c100000|  0%| F|  |TAMS 0x000000008c000000, 0x000000008c000000| Untracked 
| 193|0x000000008c100000, 0x000000008c100000, 0x000000008c200000|  0%| F|  |TAMS 0x000000008c100000, 0x000000008c100000| Untracked 
| 194|0x000000008c200000, 0x000000008c200000, 0x000000008c300000|  0%| F|  |TAMS 0x000000008c200000, 0x000000008c200000| Untracked 
| 195|0x000000008c300000, 0x000000008c300000, 0x000000008c400000|  0%| F|  |TAMS 0x000000008c300000, 0x000000008c300000| Untracked 
| 196|0x000000008c400000, 0x000000008c400000, 0x000000008c500000|  0%| F|  |TAMS 0x000000008c400000, 0x000000008c400000| Untracked 
| 197|0x000000008c500000, 0x000000008c500000, 0x000000008c600000|  0%| F|  |TAMS 0x000000008c500000, 0x000000008c500000| Untracked 
| 198|0x000000008c600000, 0x000000008c600000, 0x000000008c700000|  0%| F|  |TAMS 0x000000008c600000, 0x000000008c600000| Untracked 
| 199|0x000000008c700000, 0x000000008c700000, 0x000000008c800000|  0%| F|  |TAMS 0x000000008c700000, 0x000000008c700000| Untracked 
| 200|0x000000008c800000, 0x000000008c800000, 0x000000008c900000|  0%| F|  |TAMS 0x000000008c800000, 0x000000008c800000| Untracked 
| 201|0x000000008c900000, 0x000000008c900000, 0x000000008ca00000|  0%| F|  |TAMS 0x000000008c900000, 0x000000008c900000| Untracked 
| 202|0x000000008ca00000, 0x000000008ca00000, 0x000000008cb00000|  0%| F|  |TAMS 0x000000008ca00000, 0x000000008ca00000| Untracked 
| 203|0x000000008cb00000, 0x000000008cb00000, 0x000000008cc00000|  0%| F|  |TAMS 0x000000008cb00000, 0x000000008cb00000| Untracked 
| 204|0x000000008cc00000, 0x000000008cc00000, 0x000000008cd00000|  0%| F|  |TAMS 0x000000008cc00000, 0x000000008cc00000| Untracked 
| 205|0x000000008cd00000, 0x000000008cd00000, 0x000000008ce00000|  0%| F|  |TAMS 0x000000008cd00000, 0x000000008cd00000| Untracked 
| 206|0x000000008ce00000, 0x000000008ce00000, 0x000000008cf00000|  0%| F|  |TAMS 0x000000008ce00000, 0x000000008ce00000| Untracked 
| 207|0x000000008cf00000, 0x000000008cf00000, 0x000000008d000000|  0%| F|  |TAMS 0x000000008cf00000, 0x000000008cf00000| Untracked 
| 208|0x000000008d000000, 0x000000008d000000, 0x000000008d100000|  0%| F|  |TAMS 0x000000008d000000, 0x000000008d000000| Untracked 
| 209|0x000000008d100000, 0x000000008d100000, 0x000000008d200000|  0%| F|  |TAMS 0x000000008d100000, 0x000000008d100000| Untracked 
| 210|0x000000008d200000, 0x000000008d200000, 0x000000008d300000|  0%| F|  |TAMS 0x000000008d200000, 0x000000008d200000| Untracked 
| 211|0x000000008d300000, 0x000000008d300000, 0x000000008d400000|  0%| F|  |TAMS 0x000000008d300000, 0x000000008d300000| Untracked 
| 212|0x000000008d400000, 0x000000008d400000, 0x000000008d500000|  0%| F|  |TAMS 0x000000008d400000, 0x000000008d400000| Untracked 
| 213|0x000000008d500000, 0x000000008d500000, 0x000000008d600000|  0%| F|  |TAMS 0x000000008d500000, 0x000000008d500000| Untracked 
| 214|0x000000008d600000, 0x000000008d600000, 0x000000008d700000|  0%| F|  |TAMS 0x000000008d600000, 0x000000008d600000| Untracked 
| 215|0x000000008d700000, 0x000000008d700000, 0x000000008d800000|  0%| F|  |TAMS 0x000000008d700000, 0x000000008d700000| Untracked 
| 216|0x000000008d800000, 0x000000008d800000, 0x000000008d900000|  0%| F|  |TAMS 0x000000008d800000, 0x000000008d800000| Untracked 
| 217|0x000000008d900000, 0x000000008d900000, 0x000000008da00000|  0%| F|  |TAMS 0x000000008d900000, 0x000000008d900000| Untracked 
| 218|0x000000008da00000, 0x000000008da00000, 0x000000008db00000|  0%| F|  |TAMS 0x000000008da00000, 0x000000008da00000| Untracked 
| 219|0x000000008db00000, 0x000000008db00000, 0x000000008dc00000|  0%| F|  |TAMS 0x000000008db00000, 0x000000008db00000| Untracked 
| 220|0x000000008dc00000, 0x000000008dc00000, 0x000000008dd00000|  0%| F|  |TAMS 0x000000008dc00000, 0x000000008dc00000| Untracked 
| 221|0x000000008dd00000, 0x000000008dd00000, 0x000000008de00000|  0%| F|  |TAMS 0x000000008dd00000, 0x000000008dd00000| Untracked 
| 222|0x000000008de00000, 0x000000008de00000, 0x000000008df00000|  0%| F|  |TAMS 0x000000008de00000, 0x000000008de00000| Untracked 
| 223|0x000000008df00000, 0x000000008df00000, 0x000000008e000000|  0%| F|  |TAMS 0x000000008df00000, 0x000000008df00000| Untracked 
| 224|0x000000008e000000, 0x000000008e000000, 0x000000008e100000|  0%| F|  |TAMS 0x000000008e000000, 0x000000008e000000| Untracked 
| 225|0x000000008e100000, 0x000000008e100000, 0x000000008e200000|  0%| F|  |TAMS 0x000000008e100000, 0x000000008e100000| Untracked 
| 226|0x000000008e200000, 0x000000008e200000, 0x000000008e300000|  0%| F|  |TAMS 0x000000008e200000, 0x000000008e200000| Untracked 
| 227|0x000000008e300000, 0x000000008e300000, 0x000000008e400000|  0%| F|  |TAMS 0x000000008e300000, 0x000000008e300000| Untracked 
| 228|0x000000008e400000, 0x000000008e400000, 0x000000008e500000|  0%| F|  |TAMS 0x000000008e400000, 0x000000008e400000| Untracked 
| 229|0x000000008e500000, 0x000000008e500000, 0x000000008e600000|  0%| F|  |TAMS 0x000000008e500000, 0x000000008e500000| Untracked 
| 230|0x000000008e600000, 0x000000008e600000, 0x000000008e700000|  0%| F|  |TAMS 0x000000008e600000, 0x000000008e600000| Untracked 
| 231|0x000000008e700000, 0x000000008e700000, 0x000000008e800000|  0%| F|  |TAMS 0x000000008e700000, 0x000000008e700000| Untracked 
| 232|0x000000008e800000, 0x000000008e800000, 0x000000008e900000|  0%| F|  |TAMS 0x000000008e800000, 0x000000008e800000| Untracked 
| 233|0x000000008e900000, 0x000000008e900000, 0x000000008ea00000|  0%| F|  |TAMS 0x000000008e900000, 0x000000008e900000| Untracked 
| 234|0x000000008ea00000, 0x000000008ea00000, 0x000000008eb00000|  0%| F|  |TAMS 0x000000008ea00000, 0x000000008ea00000| Untracked 

Card table byte_map: [0x0000022770ed0000,0x00000227712d0000] _byte_map_base: 0x0000022770ad0000

Marking Bits (Prev, Next): (CMBitMap*) 0x000002275e669430, (CMBitMap*) 0x000002275e669470
 Prev Bits: [0x00000227716d0000, 0x00000227736d0000)
 Next Bits: [0x00000227736d0000, 0x00000227756d0000)

Polling page: 0x000002275ddd0000

Metaspace:

Usage:
  Non-class:     82.62 MB used.
      Class:     12.84 MB used.
       Both:     95.47 MB used.

Virtual space:
  Non-class space:       88.00 MB reserved,      83.00 MB ( 94%) committed,  11 nodes.
      Class space:        1.00 GB reserved,      13.12 MB (  1%) committed,  1 nodes.
             Both:        1.09 GB reserved,      96.12 MB (  9%) committed. 

Chunk freelists:
   Non-Class:  1018.00 KB
       Class:  2.69 MB
        Both:  3.69 MB

MaxMetaspaceSize: unlimited
CompressedClassSpaceSize: 1.00 GB
Initial GC threshold: 21.00 MB
Current GC threshold: 108.25 MB
CDS: off
MetaspaceReclaimPolicy: balanced
 - commit_granule_bytes: 65536.
 - commit_granule_words: 8192.
 - virtual_space_node_default_size: 1048576.
 - enlarge_chunks_in_place: 1.
 - new_chunks_are_fully_committed: 0.
 - uncommit_free_chunks: 1.
 - use_allocation_guard: 0.
 - handle_deallocations: 1.


Internal statistics:

num_allocs_failed_limit: 6.
num_arena_births: 922.
num_arena_deaths: 0.
num_vsnodes_births: 12.
num_vsnodes_deaths: 0.
num_space_committed: 1538.
num_space_uncommitted: 0.
num_chunks_returned_to_freelist: 6.
num_chunks_taken_from_freelist: 4515.
num_chunk_merges: 6.
num_chunk_splits: 3007.
num_chunks_enlarged: 2028.
num_purges: 0.
num_inconsistent_stats: 0.

CodeHeap 'non-profiled nmethods': size=120000Kb used=5242Kb max_used=5242Kb free=114758Kb
 bounds [0x00000227695a0000, 0x0000022769ac0000, 0x0000022770ad0000]
CodeHeap 'profiled nmethods': size=120000Kb used=21315Kb max_used=21315Kb free=98684Kb
 bounds [0x0000022761ad0000, 0x0000022762fb0000, 0x0000022769000000]
CodeHeap 'non-nmethods': size=5760Kb used=2387Kb max_used=2478Kb free=3372Kb
 bounds [0x0000022769000000, 0x0000022769280000, 0x00000227695a0000]
 total_blobs=11834 nmethods=10910 adapters=836
 compilation: enabled
              stopped_count=0, restarted_count=0
 full_count=0

Compilation events (20 events):
Event: 27.454 Thread 0x00000227785016c0 11860       3       org.gradle.internal.instantiation.generator.AsmBackedClassGenerator$ClassBuilderImpl::generateToStringSupport (17 bytes)
Event: 27.455 Thread 0x00000227785016c0 nmethod 11860 0x0000022762f9a910 code [0x0000022762f9ab20, 0x0000022762f9b178]
Event: 27.455 Thread 0x00000227785016c0 11861       3       org.gradle.internal.instantiation.generator.AsmBackedClassGenerator$ClassBuilderImpl$$Lambda$115/0x000000010026fc10::<init> (10 bytes)
Event: 27.455 Thread 0x00000227785016c0 nmethod 11861 0x0000022762f9b410 code [0x0000022762f9b5a0, 0x0000022762f9b758]
Event: 27.455 Thread 0x00000227785016c0 11862       3       org.gradle.internal.instantiation.generator.AsmBackedClassGenerator$ClassBuilderImpl$$Lambda$115/0x000000010026fc10::emit (9 bytes)
Event: 27.455 Thread 0x00000227785016c0 nmethod 11862 0x0000022762f9b810 code [0x0000022762f9b9c0, 0x0000022762f9bbc8]
Event: 27.477 Thread 0x0000022778500dc0 nmethod 11855% 0x0000022769ab5310 code [0x0000022769ab54c0, 0x0000022769ab6448]
Event: 27.478 Thread 0x0000022778500dc0 11864       4       java.util.TimSort::binarySort (223 bytes)
Event: 27.483 Thread 0x00000227785016c0 11870       3       org.gradle.internal.work.DefaultWorkerLeaseService$WorkerLeaseLockRegistry::newResourceLock (26 bytes)
Event: 27.483 Thread 0x00000227785016c0 nmethod 11870 0x0000022762f9bd10 code [0x0000022762f9bec0, 0x0000022762f9c088]
Event: 27.483 Thread 0x00000227785016c0 11871   !   3       org.gradle.internal.work.DefaultWorkerLeaseService::withLocks (53 bytes)
Event: 27.484 Thread 0x00000227785016c0 nmethod 11871 0x0000022762f9c190 code [0x0000022762f9c440, 0x0000022762f9d0f8]
Event: 27.494 Thread 0x0000022778500dc0 nmethod 11864 0x0000022769ab6990 code [0x0000022769ab6b20, 0x0000022769ab7578]
Event: 27.494 Thread 0x0000022778500dc0 11863       4       org.gradle.internal.snapshot.impl.AbstractValueProcessor::processValue (775 bytes)
Event: 27.544 Thread 0x00000227785016c0 11873   !   3       java.util.concurrent.ConcurrentHashMap::computeIfAbsent (576 bytes)
Event: 27.547 Thread 0x00000227785016c0 nmethod 11873 0x0000022762f9d690 code [0x0000022762f9daa0, 0x0000022762f9fdd8]
Event: 27.687 Thread 0x0000022778500dc0 nmethod 11863 0x0000022769ab7990 code [0x0000022769ab7f20, 0x0000022769abbcd8]
Event: 27.687 Thread 0x0000022778500dc0 11872   !   4       org.gradle.internal.serialize.kryo.KryoBackedDecoder::readSmallLong (16 bytes)
Event: 27.688 Thread 0x0000022778500dc0 nmethod 11872 0x0000022769abe410 code [0x0000022769abe5a0, 0x0000022769abe698]
Event: 27.688 Thread 0x0000022778500dc0 11865       4       com.google.common.collect.ImmutableSortedMap$1::compare (13 bytes)

GC Heap History (20 events):
Event: 14.920 GC heap after
{Heap after GC invocations=29 (full 0):
 garbage-first heap   total 101376K, used 58090K [0x0000000080000000, 0x0000000100000000)
  region size 1024K, 2 young (2048K), 2 survivors (2048K)
 Metaspace       used 60159K, committed 60672K, reserved 1105920K
  class space    used 7896K, committed 8128K, reserved 1048576K
}
Event: 15.859 GC heap before
{Heap before GC invocations=30 (full 0):
 garbage-first heap   total 106496K, used 77546K [0x0000000080000000, 0x0000000100000000)
  region size 1024K, 20 young (20480K), 2 survivors (2048K)
 Metaspace       used 64024K, committed 64576K, reserved 1105920K
  class space    used 8407K, committed 8640K, reserved 1048576K
}
Event: 15.864 GC heap after
{Heap after GC invocations=31 (full 0):
 garbage-first heap   total 106496K, used 60761K [0x0000000080000000, 0x0000000100000000)
  region size 1024K, 3 young (3072K), 3 survivors (3072K)
 Metaspace       used 64024K, committed 64576K, reserved 1105920K
  class space    used 8407K, committed 8640K, reserved 1048576K
}
Event: 15.871 GC heap before
{Heap before GC invocations=31 (full 0):
 garbage-first heap   total 106496K, used 62809K [0x0000000080000000, 0x0000000100000000)
  region size 1024K, 5 young (5120K), 3 survivors (3072K)
 Metaspace       used 64024K, committed 64576K, reserved 1105920K
  class space    used 8407K, committed 8640K, reserved 1048576K
}
Event: 15.881 GC heap after
{Heap after GC invocations=32 (full 0):
 garbage-first heap   total 106496K, used 61422K [0x0000000080000000, 0x0000000100000000)
  region size 1024K, 1 young (1024K), 1 survivors (1024K)
 Metaspace       used 64024K, committed 64576K, reserved 1105920K
  class space    used 8407K, committed 8640K, reserved 1048576K
}
Event: 16.424 GC heap before
{Heap before GC invocations=32 (full 0):
 garbage-first heap   total 106496K, used 87022K [0x0000000080000000, 0x0000000100000000)
  region size 1024K, 21 young (21504K), 1 survivors (1024K)
 Metaspace       used 65523K, committed 66048K, reserved 1114112K
  class space    used 8588K, committed 8832K, reserved 1048576K
}
Event: 16.429 GC heap after
{Heap after GC invocations=33 (full 0):
 garbage-first heap   total 240640K, used 66076K [0x0000000080000000, 0x0000000100000000)
  region size 1024K, 3 young (3072K), 3 survivors (3072K)
 Metaspace       used 65523K, committed 66048K, reserved 1114112K
  class space    used 8588K, committed 8832K, reserved 1048576K
}
Event: 17.851 GC heap before
{Heap before GC invocations=34 (full 0):
 garbage-first heap   total 232448K, used 162332K [0x0000000080000000, 0x0000000100000000)
  region size 1024K, 98 young (100352K), 3 survivors (3072K)
 Metaspace       used 72107K, committed 72576K, reserved 1114112K
  class space    used 9459K, committed 9664K, reserved 1048576K
}
Event: 17.880 GC heap after
{Heap after GC invocations=35 (full 0):
 garbage-first heap   total 232448K, used 68920K [0x0000000080000000, 0x0000000100000000)
  region size 1024K, 10 young (10240K), 10 survivors (10240K)
 Metaspace       used 72107K, committed 72576K, reserved 1114112K
  class space    used 9459K, committed 9664K, reserved 1048576K
}
Event: 17.885 GC heap before
{Heap before GC invocations=35 (full 0):
 garbage-first heap   total 232448K, used 69944K [0x0000000080000000, 0x0000000100000000)
  region size 1024K, 11 young (11264K), 10 survivors (10240K)
 Metaspace       used 72107K, committed 72576K, reserved 1114112K
  class space    used 9459K, committed 9664K, reserved 1048576K
}
Event: 17.928 GC heap after
{Heap after GC invocations=36 (full 0):
 garbage-first heap   total 232448K, used 69617K [0x0000000080000000, 0x0000000100000000)
  region size 1024K, 2 young (2048K), 2 survivors (2048K)
 Metaspace       used 72107K, committed 72576K, reserved 1114112K
  class space    used 9459K, committed 9664K, reserved 1048576K
}
Event: 19.827 GC heap before
{Heap before GC invocations=36 (full 0):
 garbage-first heap   total 232448K, used 172017K [0x0000000080000000, 0x0000000100000000)
  region size 1024K, 102 young (104448K), 2 survivors (2048K)
 Metaspace       used 84132K, committed 84672K, reserved 1122304K
  class space    used 11334K, committed 11584K, reserved 1048576K
}
Event: 19.837 GC heap after
{Heap after GC invocations=37 (full 0):
 garbage-first heap   total 232448K, used 75214K [0x0000000080000000, 0x0000000100000000)
  region size 1024K, 7 young (7168K), 7 survivors (7168K)
 Metaspace       used 84132K, committed 84672K, reserved 1122304K
  class space    used 11334K, committed 11584K, reserved 1048576K
}
Event: 21.994 GC heap before
{Heap before GC invocations=37 (full 0):
 garbage-first heap   total 232448K, used 176590K [0x0000000080000000, 0x0000000100000000)
  region size 1024K, 106 young (108544K), 7 survivors (7168K)
 Metaspace       used 92774K, committed 93440K, reserved 1130496K
  class space    used 12567K, committed 12864K, reserved 1048576K
}
Event: 22.025 GC heap after
{Heap after GC invocations=38 (full 0):
 garbage-first heap   total 232448K, used 84637K [0x0000000080000000, 0x0000000100000000)
  region size 1024K, 14 young (14336K), 14 survivors (14336K)
 Metaspace       used 92774K, committed 93440K, reserved 1130496K
  class space    used 12567K, committed 12864K, reserved 1048576K
}
Event: 24.262 GC heap before
{Heap before GC invocations=38 (full 0):
 garbage-first heap   total 232448K, used 180893K [0x0000000080000000, 0x0000000100000000)
  region size 1024K, 109 young (111616K), 14 survivors (14336K)
 Metaspace       used 96802K, committed 97536K, reserved 1138688K
  class space    used 13099K, committed 13440K, reserved 1048576K
}
Event: 24.315 GC heap after
{Heap after GC invocations=39 (full 0):
 garbage-first heap   total 232448K, used 99404K [0x0000000080000000, 0x0000000100000000)
  region size 1024K, 14 young (14336K), 14 survivors (14336K)
 Metaspace       used 96802K, committed 97536K, reserved 1138688K
  class space    used 13099K, committed 13440K, reserved 1048576K
}
Event: 25.643 GC heap before
{Heap before GC invocations=39 (full 0):
 garbage-first heap   total 232448K, used 179276K [0x0000000080000000, 0x0000000100000000)
  region size 1024K, 93 young (95232K), 14 survivors (14336K)
 Metaspace       used 97144K, committed 97856K, reserved 1138688K
  class space    used 13100K, committed 13440K, reserved 1048576K
}
Event: 25.679 GC heap after
{Heap after GC invocations=40 (full 0):
 garbage-first heap   total 232448K, used 105454K [0x0000000080000000, 0x0000000100000000)
  region size 1024K, 7 young (7168K), 7 survivors (7168K)
 Metaspace       used 97144K, committed 97856K, reserved 1138688K
  class space    used 13100K, committed 13440K, reserved 1048576K
}
Event: 27.690 GC heap before
{Heap before GC invocations=40 (full 0):
 garbage-first heap   total 232448K, used 186350K [0x0000000080000000, 0x0000000100000000)
  region size 1024K, 84 young (86016K), 7 survivors (7168K)
 Metaspace       used 97756K, committed 98432K, reserved 1138688K
  class space    used 13150K, committed 13440K, reserved 1048576K
}

Dll operation events (2 events):
Event: 0.044 Loaded shared library C:\Program Files\Android\Android Studio\jbr\bin\java.dll
Event: 0.971 Loaded shared library C:\Program Files\Android\Android Studio\jbr\bin\verify.dll

Deoptimization events (20 events):
Event: 27.254 Thread 0x000002277ff8c900 Uncommon trap: trap_request=0xffffffd6 fr.pc=0x0000022769a353bc relative=0x000000000000099c
Event: 27.254 Thread 0x000002277ff8c900 Uncommon trap: reason=array_check action=maybe_recompile pc=0x0000022769a353bc method=java.util.TimSort.binarySort([Ljava/lang/Object;IIILjava/util/Comparator;)V @ 183 c2
Event: 27.254 Thread 0x000002277ff8c900 DEOPT PACKING pc=0x0000022769a353bc sp=0x000000616fefbe30
Event: 27.254 Thread 0x000002277ff8c900 DEOPT UNPACKING pc=0x00000227690569a3 sp=0x000000616fefbdd8 mode 2
Event: 27.255 Thread 0x000002277ff8c900 Uncommon trap: trap_request=0xffffffd6 fr.pc=0x0000022769a353bc relative=0x000000000000099c
Event: 27.255 Thread 0x000002277ff8c900 Uncommon trap: reason=array_check action=maybe_recompile pc=0x0000022769a353bc method=java.util.TimSort.binarySort([Ljava/lang/Object;IIILjava/util/Comparator;)V @ 183 c2
Event: 27.255 Thread 0x000002277ff8c900 DEOPT PACKING pc=0x0000022769a353bc sp=0x000000616fefba50
Event: 27.255 Thread 0x000002277ff8c900 DEOPT UNPACKING pc=0x00000227690569a3 sp=0x000000616fefb9f8 mode 2
Event: 27.387 Thread 0x000002277ff8c900 Uncommon trap: trap_request=0xffffff45 fr.pc=0x0000022769a9bb14 relative=0x00000000000000f4
Event: 27.387 Thread 0x000002277ff8c900 Uncommon trap: reason=unstable_if action=reinterpret pc=0x0000022769a9bb14 method=org.gradle.api.internal.attributes.DefaultImmutableAttributes.equals(Ljava/lang/Object;)Z @ 2 c2
Event: 27.387 Thread 0x000002277ff8c900 DEOPT PACKING pc=0x0000022769a9bb14 sp=0x000000616fef9600
Event: 27.387 Thread 0x000002277ff8c900 DEOPT UNPACKING pc=0x00000227690569a3 sp=0x000000616fef9510 mode 2
Event: 27.387 Thread 0x000002277ff8c900 Uncommon trap: trap_request=0xffffff45 fr.pc=0x0000022769ab2688 relative=0x00000000000011c8
Event: 27.387 Thread 0x000002277ff8c900 Uncommon trap: reason=unstable_if action=reinterpret pc=0x0000022769ab2688 method=java.util.concurrent.ConcurrentHashMap.computeIfAbsent(Ljava/lang/Object;Ljava/util/function/Function;)Ljava/lang/Object; @ 244 c2
Event: 27.387 Thread 0x000002277ff8c900 DEOPT PACKING pc=0x0000022769ab2688 sp=0x000000616fef9640
Event: 27.387 Thread 0x000002277ff8c900 DEOPT UNPACKING pc=0x00000227690569a3 sp=0x000000616fef95c8 mode 2
Event: 27.387 Thread 0x000002277ff8c900 Uncommon trap: trap_request=0xffffff45 fr.pc=0x0000022769a8b8e0 relative=0x0000000000000060
Event: 27.387 Thread 0x000002277ff8c900 Uncommon trap: reason=unstable_if action=reinterpret pc=0x0000022769a8b8e0 method=org.gradle.api.internal.attributes.DefaultImmutableAttributes.equals(Ljava/lang/Object;)Z @ 2 c2
Event: 27.387 Thread 0x000002277ff8c900 DEOPT PACKING pc=0x0000022769a8b8e0 sp=0x000000616fef9520
Event: 27.387 Thread 0x000002277ff8c900 DEOPT UNPACKING pc=0x00000227690569a3 sp=0x000000616fef94b0 mode 2

Classes unloaded (0 events):
No events

Classes redefined (0 events):
No events

Internal exceptions (20 events):
Event: 22.724 Thread 0x0000022779233560 Exception <a 'java/lang/NoSuchMethodError'{0x000000008b104300}: static Lorg/gradle/internal/build/event/types/DefaultTaskFinishedProgressEvent;.<clinit>()V> (0x000000008b104300) 
thrown [s\src\hotspot\share\prims\jni.cpp, line 1108]
Event: 22.728 Thread 0x0000022779233560 Exception <a 'java/lang/NoSuchMethodError'{0x000000008b17a5f8}: static Lorg/gradle/internal/build/event/types/DefaultTaskSuccessResult;.<clinit>()V> (0x000000008b17a5f8) 
thrown [s\src\hotspot\share\prims\jni.cpp, line 1108]
Event: 22.729 Thread 0x0000022779233560 Exception <a 'java/lang/NoSuchMethodError'{0x000000008b17bd00}: static Lorg/gradle/internal/build/event/types/AbstractTaskResult;.<clinit>()V> (0x000000008b17bd00) 
thrown [s\src\hotspot\share\prims\jni.cpp, line 1108]
Event: 22.751 Thread 0x000002277ff8c900 Exception <a 'sun/nio/fs/WindowsException'{0x000000008b11be10}> (0x000000008b11be10) 
thrown [s\src\hotspot\share\prims\jni.cpp, line 517]
Event: 22.773 Thread 0x0000022779233560 Exception <a 'java/lang/NoSuchMethodError'{0x000000008b0097c0}: static Lorg/gradle/internal/build/event/types/DefaultTaskSkippedResult;.<clinit>()V> (0x000000008b0097c0) 
thrown [s\src\hotspot\share\prims\jni.cpp, line 1108]
Event: 22.803 Thread 0x000002277ba661d0 Exception <a 'java/lang/NoSuchMethodError'{0x000000008b2d12b8}: static Lcom/android/buildanalyzer/common/AndroidGradlePluginAttributionData$BuildInfo;.<clinit>()V> (0x000000008b2d12b8) 
thrown [s\src\hotspot\share\prims\jni.cpp, line 1108]
Event: 22.815 Thread 0x000002277ba661d0 Exception <a 'java/lang/NoSuchMethodError'{0x000000008b2e7590}: static Lcom/android/buildanalyzer/common/AndroidGradlePluginAttributionData$JavaInfo;.<clinit>()V> (0x000000008b2e7590) 
thrown [s\src\hotspot\share\prims\jni.cpp, line 1108]
Event: 22.825 Thread 0x000002277ba661d0 Exception <a 'java/lang/NoSuchMethodError'{0x000000008b079188}: static [Ljava/lang/String;.<clinit>()V> (0x000000008b079188) 
thrown [s\src\hotspot\share\prims\jni.cpp, line 1108]
Event: 22.828 Thread 0x000002277ba661d0 Exception <a 'java/lang/NoSuchMethodError'{0x000000008b084b90}: static Lcom/android/buildanalyzer/common/AndroidGradlePluginAttributionData$TaskInfo;.<clinit>()V> (0x000000008b084b90) 
thrown [s\src\hotspot\share\prims\jni.cpp, line 1108]
Event: 22.833 Thread 0x000002277ba661d0 Exception <a 'java/lang/NoSuchMethodError'{0x000000008b091288}: static Lcom/android/buildanalyzer/common/AndroidGradlePluginAttributionData$TaskCategoryInfo;.<clinit>()V> (0x000000008b091288) 
thrown [s\src\hotspot\share\prims\jni.cpp, line 1108]
Event: 23.909 Thread 0x000002277ff8c900 Exception <a 'java/lang/NoSuchMethodError'{0x0000000089c11f18}: 'void java.lang.invoke.DirectMethodHandle$Holder.invokeStatic(java.lang.Object, java.lang.Object, java.lang.Object, java.lang.Object, int, java.lang.Object, java.lang.Object)'> (0x0000000089c11f18) 
thrown [s\src\hotspot\share\interpreter\linkResolver.cpp, line 771]
Event: 23.953 Thread 0x000002277ccbc970 Exception <a 'java/lang/NoSuchMethodError'{0x0000000089605f08}: 'java.lang.Object java.lang.invoke.DirectMethodHandle$Holder.invokeSpecialIFC(java.lang.Object, java.lang.Object, java.lang.Object)'> (0x0000000089605f08) 
thrown [s\src\hotspot\share\interpreter\linkResolver.cpp, line 771]
Event: 23.953 Thread 0x000002277ba68380 Exception <a 'java/lang/NoSuchMethodError'{0x00000000899d27a0}: 'java.lang.Object java.lang.invoke.DirectMethodHandle$Holder.invokeSpecialIFC(java.lang.Object, java.lang.Object, java.lang.Object)'> (0x00000000899d27a0) 
thrown [s\src\hotspot\share\interpreter\linkResolver.cpp, line 771]
Event: 23.953 Thread 0x000002277ff8c900 Exception <a 'java/lang/NoSuchMethodError'{0x0000000089628c20}: 'java.lang.Object java.lang.invoke.DirectMethodHandle$Holder.invokeSpecialIFC(java.lang.Object, java.lang.Object, java.lang.Object)'> (0x0000000089628c20) 
thrown [s\src\hotspot\share\interpreter\linkResolver.cpp, line 771]
Event: 27.254 Thread 0x000002277ff8c900 Exception <a 'java/lang/NoSuchMethodError'{0x0000000089ee1bc0}: static Lcom/android/build/gradle/internal/scope/InternalArtifactType;.<clinit>()V> (0x0000000089ee1bc0) 
thrown [s\src\hotspot\share\prims\jni.cpp, line 1108]
Event: 27.254 Thread 0x000002277ff8c900 Exception <a 'java/lang/NoSuchMethodError'{0x0000000089ee3318}: static Lcom/android/build/gradle/internal/scope/InternalArtifactType;.<clinit>()V> (0x0000000089ee3318) 
thrown [s\src\hotspot\share\prims\jni.cpp, line 1108]
Event: 27.254 Thread 0x000002277ff8c900 Exception <a 'java/lang/NoSuchMethodError'{0x0000000089ee64b8}: static Lcom/android/build/api/artifact/Artifact$Single;.<clinit>()V> (0x0000000089ee64b8) 
thrown [s\src\hotspot\share\prims\jni.cpp, line 1108]
Event: 27.255 Thread 0x000002277ff8c900 Exception <a 'java/lang/NoSuchMethodError'{0x0000000089ee8a48}: static Ljava/lang/Object;.<clinit>()V> (0x0000000089ee8a48) 
thrown [s\src\hotspot\share\prims\jni.cpp, line 1108]
Event: 27.263 Thread 0x000002277ff8c900 Exception <a 'java/lang/NoSuchMethodError'{0x0000000089efec00}: static Lcom/android/build/api/artifact/ArtifactKind;.<clinit>()V> (0x0000000089efec00) 
thrown [s\src\hotspot\share\prims\jni.cpp, line 1108]
Event: 27.263 Thread 0x000002277ff8c900 Exception <a 'java/lang/NoSuchMethodError'{0x0000000089d00000}: static Lcom/android/build/api/artifact/ArtifactKind;.<clinit>()V> (0x0000000089d00000) 
thrown [s\src\hotspot\share\prims\jni.cpp, line 1108]

VM Operations (20 events):
Event: 25.239 Executing VM operation: ICBufferFull done
Event: 25.643 Executing VM operation: G1CollectForAllocation
Event: 25.680 Executing VM operation: G1CollectForAllocation done
Event: 25.921 Executing VM operation: ICBufferFull
Event: 25.921 Executing VM operation: ICBufferFull done
Event: 26.473 Executing VM operation: ICBufferFull
Event: 26.473 Executing VM operation: ICBufferFull done
Event: 26.571 Executing VM operation: HandshakeAllThreads
Event: 26.571 Executing VM operation: HandshakeAllThreads done
Event: 26.947 Executing VM operation: ICBufferFull
Event: 26.948 Executing VM operation: ICBufferFull done
Event: 27.270 Executing VM operation: HandshakeAllThreads
Event: 27.271 Executing VM operation: HandshakeAllThreads done
Event: 27.382 Executing VM operation: HandshakeAllThreads
Event: 27.383 Executing VM operation: HandshakeAllThreads done
Event: 27.385 Executing VM operation: HandshakeAllThreads
Event: 27.385 Executing VM operation: HandshakeAllThreads done
Event: 27.389 Executing VM operation: ICBufferFull
Event: 27.389 Executing VM operation: ICBufferFull done
Event: 27.689 Executing VM operation: G1CollectForAllocation

Events (20 events):
Event: 22.814 loading class java/time/Clock
Event: 22.815 loading class java/time/InstantSource
Event: 22.815 loading class java/time/InstantSource done
Event: 22.815 loading class java/time/Clock done
Event: 22.816 loading class java/time/Clock$SystemClock
Event: 22.816 loading class java/time/Clock$SystemClock done
Event: 22.824 loading class java/io/ObjectStreamClass$ExceptionInfo
Event: 22.825 loading class java/io/ObjectStreamClass$ExceptionInfo done
Event: 23.991 loading class java/util/stream/ReferencePipeline$4
Event: 23.992 loading class java/util/stream/ReferencePipeline$4 done
Event: 23.992 loading class java/util/function/IntBinaryOperator
Event: 23.993 loading class java/util/function/IntBinaryOperator done
Event: 23.993 loading class java/util/stream/ReduceOps$6
Event: 23.994 loading class java/util/stream/ReduceOps$6 done
Event: 23.994 loading class java/util/stream/ReduceOps$5ReducingSink
Event: 23.994 loading class java/util/stream/ReduceOps$5ReducingSink done
Event: 23.994 loading class java/util/stream/ReferencePipeline$4$1
Event: 23.994 loading class java/util/stream/ReferencePipeline$4$1 done
Event: 26.439 loading class java/util/stream/SortedOps$SizedRefSortingSink
Event: 26.439 loading class java/util/stream/SortedOps$SizedRefSortingSink done


Dynamic libraries:
0x00007ff6b8400000 - 0x00007ff6b840a000 	C:\Program Files\Android\Android Studio\jbr\bin\java.exe
0x00007ffdd4070000 - 0x00007ffdd4287000 	C:\WINDOWS\SYSTEM32\ntdll.dll
0x00007ffdd3d30000 - 0x00007ffdd3df4000 	C:\WINDOWS\System32\KERNEL32.DLL
0x00007ffdd1a00000 - 0x00007ffdd1dac000 	C:\WINDOWS\System32\KERNELBASE.dll
0x00007ffdd18e0000 - 0x00007ffdd19f1000 	C:\WINDOWS\System32\ucrtbase.dll
0x00007ffd97600000 - 0x00007ffd97617000 	C:\Program Files\Android\Android Studio\jbr\bin\jli.dll
0x00007ffd96a50000 - 0x00007ffd96a6b000 	C:\Program Files\Android\Android Studio\jbr\bin\VCRUNTIME140.dll
0x00007ffdd3e80000 - 0x00007ffdd402e000 	C:\WINDOWS\System32\USER32.dll
0x00007ffdd1770000 - 0x00007ffdd1796000 	C:\WINDOWS\System32\win32u.dll
0x00007ffdd1ef0000 - 0x00007ffdd1f19000 	C:\WINDOWS\System32\GDI32.dll
0x00007ffdd1650000 - 0x00007ffdd1769000 	C:\WINDOWS\System32\gdi32full.dll
0x00007ffdd13a0000 - 0x00007ffdd143a000 	C:\WINDOWS\System32\msvcp_win.dll
0x00007ffdbd370000 - 0x00007ffdbd603000 	C:\WINDOWS\WinSxS\amd64_microsoft.windows.common-controls_6595b64144ccf1df_6.0.22621.3672_none_2713b9d173822955\COMCTL32.dll
0x00007ffdd3a60000 - 0x00007ffdd3b07000 	C:\WINDOWS\System32\msvcrt.dll
0x00007ffdd1eb0000 - 0x00007ffdd1ee1000 	C:\WINDOWS\System32\IMM32.DLL
0x00007ffdbde30000 - 0x00007ffdbde3c000 	C:\Program Files\Android\Android Studio\jbr\bin\vcruntime140_1.dll
0x00007ffd969c0000 - 0x00007ffd96a4d000 	C:\Program Files\Android\Android Studio\jbr\bin\msvcp140.dll
0x00007ffd4ea60000 - 0x00007ffd4f6cd000 	C:\Program Files\Android\Android Studio\jbr\bin\server\jvm.dll
0x00007ffdd3610000 - 0x00007ffdd36c2000 	C:\WINDOWS\System32\ADVAPI32.dll
0x00007ffdd2c20000 - 0x00007ffdd2cca000 	C:\WINDOWS\System32\sechost.dll
0x00007ffdd1620000 - 0x00007ffdd1648000 	C:\WINDOWS\System32\bcrypt.dll
0x00007ffdd3280000 - 0x00007ffdd3395000 	C:\WINDOWS\System32\RPCRT4.dll
0x00007ffdcaf70000 - 0x00007ffdcafa4000 	C:\WINDOWS\SYSTEM32\WINMM.dll
0x00007ffdab3e0000 - 0x00007ffdab3e9000 	C:\WINDOWS\SYSTEM32\WSOCK32.dll
0x00007ffdd2cd0000 - 0x00007ffdd2d41000 	C:\WINDOWS\System32\WS2_32.dll
0x00007ffdc1ea0000 - 0x00007ffdc1eaa000 	C:\WINDOWS\SYSTEM32\VERSION.dll
0x00007ffdd0390000 - 0x00007ffdd03a8000 	C:\WINDOWS\SYSTEM32\kernel.appcore.dll
0x00007ffdbee00000 - 0x00007ffdbee0a000 	C:\Program Files\Android\Android Studio\jbr\bin\jimage.dll
0x00007ffdce360000 - 0x00007ffdce592000 	C:\WINDOWS\SYSTEM32\DBGHELP.DLL
0x00007ffdd36d0000 - 0x00007ffdd3a58000 	C:\WINDOWS\System32\combase.dll
0x00007ffdd3070000 - 0x00007ffdd3147000 	C:\WINDOWS\System32\OLEAUT32.dll
0x00007ffdbe0a0000 - 0x00007ffdbe0d2000 	C:\WINDOWS\SYSTEM32\dbgcore.DLL
0x00007ffdd17a0000 - 0x00007ffdd181b000 	C:\WINDOWS\System32\bcryptPrimitives.dll
0x00007ffdbedd0000 - 0x00007ffdbedf5000 	C:\Program Files\Android\Android Studio\jbr\bin\java.dll
0x00007ffdbedb0000 - 0x00007ffdbedc8000 	C:\Program Files\Android\Android Studio\jbr\bin\zip.dll
0x00007ffdd23c0000 - 0x00007ffdd2c1c000 	C:\WINDOWS\System32\SHELL32.dll
0x00007ffdcf2a0000 - 0x00007ffdcfb97000 	C:\WINDOWS\SYSTEM32\windows.storage.dll
0x00007ffdcf160000 - 0x00007ffdcf29f000 	C:\WINDOWS\SYSTEM32\wintypes.dll
0x00007ffdd1db0000 - 0x00007ffdd1ea4000 	C:\WINDOWS\System32\SHCORE.dll
0x00007ffdd35b0000 - 0x00007ffdd360e000 	C:\WINDOWS\System32\shlwapi.dll
0x00007ffdd12d0000 - 0x00007ffdd12f1000 	C:\WINDOWS\SYSTEM32\profapi.dll
0x00007ffdbe770000 - 0x00007ffdbe789000 	C:\Program Files\Android\Android Studio\jbr\bin\net.dll
0x00007ffdcb1a0000 - 0x00007ffdcb2d6000 	C:\WINDOWS\SYSTEM32\WINHTTP.dll
0x00007ffdd0820000 - 0x00007ffdd0889000 	C:\WINDOWS\system32\mswsock.dll
0x00007ffdbe750000 - 0x00007ffdbe766000 	C:\Program Files\Android\Android Studio\jbr\bin\nio.dll
0x00007ffdcc040000 - 0x00007ffdcc050000 	C:\Program Files\Android\Android Studio\jbr\bin\verify.dll
0x00007ffdbe700000 - 0x00007ffdbe727000 	C:\Users\abd.goffar\.gradle\native\68d5fa5c4cc2d200863cafc0d521ce42e7d3e7ee720ec0a83991735586a16f82\windows-amd64\native-platform.dll
0x00007ffd87320000 - 0x00007ffd87464000 	C:\Users\abd.goffar\.gradle\native\e376f236ea51e6404a007f0833ffe2c6e607c4080706a723a18a27aeea778392\windows-amd64\native-platform-file-events.dll
0x00007ffdbe740000 - 0x00007ffdbe749000 	C:\Program Files\Android\Android Studio\jbr\bin\management.dll
0x00007ffdbe730000 - 0x00007ffdbe73b000 	C:\Program Files\Android\Android Studio\jbr\bin\management_ext.dll
0x00007ffdd35a0000 - 0x00007ffdd35a8000 	C:\WINDOWS\System32\PSAPI.DLL
0x00007ffdd0aa0000 - 0x00007ffdd0abb000 	C:\WINDOWS\SYSTEM32\CRYPTSP.dll
0x00007ffdd02f0000 - 0x00007ffdd0325000 	C:\WINDOWS\system32\rsaenh.dll
0x00007ffdd0940000 - 0x00007ffdd0968000 	C:\WINDOWS\SYSTEM32\USERENV.dll
0x00007ffdd0ac0000 - 0x00007ffdd0acc000 	C:\WINDOWS\SYSTEM32\CRYPTBASE.dll
0x00007ffdcfe00000 - 0x00007ffdcfe2d000 	C:\WINDOWS\SYSTEM32\IPHLPAPI.DLL
0x00007ffdd3170000 - 0x00007ffdd3179000 	C:\WINDOWS\System32\NSI.dll
0x00007ffdcaf50000 - 0x00007ffdcaf69000 	C:\WINDOWS\SYSTEM32\dhcpcsvc6.DLL
0x00007ffdcae60000 - 0x00007ffdcae7f000 	C:\WINDOWS\SYSTEM32\dhcpcsvc.DLL
0x00007ffdcfe70000 - 0x00007ffdcff68000 	C:\WINDOWS\SYSTEM32\DNSAPI.dll
0x00007ffdce070000 - 0x00007ffdce078000 	C:\WINDOWS\system32\wshunix.dll
0x00007ffda2990000 - 0x00007ffda29a7000 	C:\WINDOWS\system32\napinsp.dll
0x00007ffda1890000 - 0x00007ffda18ab000 	C:\WINDOWS\system32\pnrpnsp.dll
0x00007ffda0ba0000 - 0x00007ffda0bb1000 	C:\WINDOWS\System32\winrnr.dll
0x00007ffda1ab0000 - 0x00007ffda1ac5000 	C:\WINDOWS\system32\wshbth.dll
0x00007ffdb6480000 - 0x00007ffdb64a7000 	C:\WINDOWS\system32\nlansp_c.dll
0x00007ffdbd340000 - 0x00007ffdbd34a000 	C:\Windows\System32\rasadhlp.dll
0x00007ffdc9740000 - 0x00007ffdc97c3000 	C:\WINDOWS\System32\fwpuclnt.dll

dbghelp: loaded successfully - version: 4.0.5 - missing functions: none
symbol engine: initialized successfully - sym options: 0x614 - pdb path: .;C:\Program Files\Android\Android Studio\jbr\bin;C:\WINDOWS\SYSTEM32;C:\WINDOWS\WinSxS\amd64_microsoft.windows.common-controls_6595b64144ccf1df_6.0.22621.3672_none_2713b9d173822955;C:\Program Files\Android\Android Studio\jbr\bin\server;C:\Users\abd.goffar\.gradle\native\68d5fa5c4cc2d200863cafc0d521ce42e7d3e7ee720ec0a83991735586a16f82\windows-amd64;C:\Users\abd.goffar\.gradle\native\e376f236ea51e6404a007f0833ffe2c6e607c4080706a723a18a27aeea778392\windows-amd64

VM Arguments:
jvm_args: --add-opens=java.base/java.util=ALL-UNNAMED --add-opens=java.base/java.lang=ALL-UNNAMED --add-opens=java.base/java.lang.invoke=ALL-UNNAMED --add-opens=java.prefs/java.util.prefs=ALL-UNNAMED --add-opens=java.base/java.nio.charset=ALL-UNNAMED --add-opens=java.base/java.net=ALL-UNNAMED --add-opens=java.base/java.util.concurrent.atomic=ALL-UNNAMED -Xmx2048m -Dfile.encoding=UTF-8 -Duser.country=ID -Duser.language=en -Duser.variant 
java_command: org.gradle.launcher.daemon.bootstrap.GradleDaemon 8.0
java_class_path (initial): C:\Users\abd.goffar\.gradle\wrapper\dists\gradle-8.0-bin\ca5e32bp14vu59qr306oxotwh\gradle-8.0\lib\gradle-launcher-8.0.jar
Launcher Type: SUN_STANDARD

[Global flags]
     intx CICompilerCount                          = 3                                         {product} {ergonomic}
     uint ConcGCThreads                            = 1                                         {product} {ergonomic}
     uint G1ConcRefinementThreads                  = 4                                         {product} {ergonomic}
   size_t G1HeapRegionSize                         = 1048576                                   {product} {ergonomic}
    uintx GCDrainStackTargetSize                   = 64                                        {product} {ergonomic}
   size_t InitialHeapSize                          = 65011712                                  {product} {ergonomic}
   size_t MarkStackSize                            = 4194304                                   {product} {ergonomic}
   size_t MaxHeapSize                              = 2147483648                                {product} {command line}
   size_t MaxNewSize                               = 1287651328                                {product} {ergonomic}
   size_t MinHeapDeltaBytes                        = 1048576                                   {product} {ergonomic}
   size_t MinHeapSize                              = 8388608                                   {product} {ergonomic}
    uintx NonNMethodCodeHeapSize                   = 5832780                                {pd product} {ergonomic}
    uintx NonProfiledCodeHeapSize                  = 122912730                              {pd product} {ergonomic}
    uintx ProfiledCodeHeapSize                     = 122912730                              {pd product} {ergonomic}
    uintx ReservedCodeCacheSize                    = 251658240                              {pd product} {ergonomic}
     bool SegmentedCodeCache                       = true                                      {product} {ergonomic}
   size_t SoftMaxHeapSize                          = 2147483648                             {manageable} {ergonomic}
     bool UseCompressedClassPointers               = true                           {product lp64_product} {ergonomic}
     bool UseCompressedOops                        = true                           {product lp64_product} {ergonomic}
     bool UseG1GC                                  = true                                      {product} {ergonomic}
     bool UseLargePagesIndividualAllocation        = false                                  {pd product} {ergonomic}

Logging:
Log output configuration:
 #0: stdout all=warning uptime,level,tags
 #1: stderr all=off uptime,level,tags

Environment Variables:
JAVA_HOME=C:\Program Files\jdk-20.0.2
PATH=C:\Program Files (x86)\Common Files\Intel\Shared Files\cpp\bin\Intel64;C:\WINDOWS\system32;C:\WINDOWS;C:\WINDOWS\System32\Wbem;C:\WINDOWS\System32\WindowsPowerShell\v1.0\;C:\WINDOWS\System32\OpenSSH\;C:\WINDOWS\system32\config\systemprofile\AppData\Roaming\Composer\vendor\bin;C:\Program Files\jdk-20.0.2\bin;C:\xampp\php;C:\Program Files\Microsoft VS Code\bin;C:\composer;C:\Program Files\apache-maven-3.9.4\bin;C:\Program Files\PostgreSQL\15\bin;C:\Program Files\nodejs\;C:\Program Files\dart-sdk\bin;C:\Program Files\flutter\bin;C:\Program Files\gradle-8.3\bin;C:\xampp\mysql\bin;C:\Program Files\Git\cmd;C:\Users\abd.goffar\AppData\Local\Microsoft\WindowsApps;;D:\PhpStorm 2022.3.3\bin;;C:\Program Files\JetBrains\IntelliJ IDEA Community Edition 2023.2.3\bin;;C:\Users\abd.goffar\AppData\Roaming\npm
USERNAME=abd.goffar
OS=Windows_NT
PROCESSOR_IDENTIFIER=Intel64 Family 6 Model 142 Stepping 12, GenuineIntel
TMP=C:\Users\ABD~1.GOF\AppData\Local\Temp
TEMP=C:\Users\ABD~1.GOF\AppData\Local\Temp



---------------  S Y S T E M  ---------------

OS:
 Windows 11 , 64 bit Build 22621 (10.0.22621.3672)
OS uptime: 4 days 1:20 hours
Hyper-V role detected

CPU: total 4 (initial active 4) (2 cores per cpu, 2 threads per core) family 6 model 142 stepping 12 microcode 0xea, cx8, cmov, fxsr, ht, mmx, 3dnowpref, sse, sse2, sse3, ssse3, sse4.1, sse4.2, popcnt, lzcnt, tsc, tscinvbit, avx, avx2, aes, erms, clmul, bmi1, bmi2, adx, fma, vzeroupper, clflush, clflushopt, hv

Memory: 4k page, system-wide physical 3930M (333M free)
TotalPageFile size 16218M (AvailPageFile size 304M)
current process WorkingSet (physical memory assigned to process): 351M, peak: 369M
current process commit charge ("private bytes"): 509M, peak: 889M

vm_info: OpenJDK 64-Bit Server VM (17.0.6+0-b2043.56-9586694) for windows-amd64 JRE (17.0.6+0-b2043.56-9586694), built on Feb  9 2023 20:06:20 by "androidbuild" with MS VC++ 16.10 / 16.11 (VS2019)

END.
