#
# There is insufficient memory for the Java Runtime Environment to continue.
# Native memory allocation (malloc) failed to allocate 937776 bytes for Chunk::new
# Possible reasons:
#   The system is out of physical RAM or swap space
#   The process is running with CompressedOops enabled, and the Java Heap may be blocking the growth of the native heap
# Possible solutions:
#   Reduce memory load on the system
#   Increase physical memory or swap space
#   Check if swap backing store is full
#   Decrease Java heap size (-Xmx/-Xms)
#   Decrease number of Java threads
#   Decrease Java thread stack sizes (-Xss)
#   Set larger code cache with -XX:ReservedCodeCacheSize=
#   JVM is running with Unscaled Compressed Oops mode in which the Java heap is
#     placed in the first 4GB address space. The Java Heap base address is the
#     maximum limit for the native heap growth. Please use -XX:HeapBaseMinAddress
#     to set the Java Heap base and to place the Java Heap above 4GB virtual address.
# This output file may be truncated or incomplete.
#
#  Out of Memory Error (arena.cpp:189), pid=392, tid=8820
#
# JRE version: OpenJDK Runtime Environment (17.0.6) (build 17.0.6+0-b2043.56-9586694)
# Java VM: OpenJDK 64-Bit Server VM (17.0.6+0-b2043.56-9586694, mixed mode, tiered, compressed oops, compressed class ptrs, g1 gc, windows-amd64)
# No core dump will be written. Minidumps are not enabled by default on client versions of Windows
#

---------------  S U M M A R Y ------------

Command Line: --add-opens=java.base/java.util=ALL-UNNAMED --add-opens=java.base/java.lang=ALL-UNNAMED --add-opens=java.base/java.lang.invoke=ALL-UNNAMED --add-opens=java.prefs/java.util.prefs=ALL-UNNAMED --add-opens=java.base/java.nio.charset=ALL-UNNAMED --add-opens=java.base/java.net=ALL-UNNAMED --add-opens=java.base/java.util.concurrent.atomic=ALL-UNNAMED -Xmx2048m -Dfile.encoding=UTF-8 -Duser.country=ID -Duser.language=en -Duser.variant org.gradle.launcher.daemon.bootstrap.GradleDaemon 8.0

Host: Intel(R) Core(TM) i3-10110U CPU @ 2.10GHz, 4 cores, 3G,  Windows 11 , 64 bit Build 22621 (10.0.22621.3672)
Time: Thu Jun 20 20:53:37 2024 SE Asia Standard Time elapsed time: 22.537769 seconds (0d 0h 0m 22s)

---------------  T H R E A D  ---------------

Current thread (0x0000020a31ef6f00):  JavaThread "C2 CompilerThread0" daemon [_thread_in_native, id=8820, stack(0x000000e4ca900000,0x000000e4caa00000)]


Current CompileTask:
C2:  22537 10801       4       org.gradle.cache.internal.btree.CachingBlockStore::read (56 bytes)

Stack: [0x000000e4ca900000,0x000000e4caa00000]
Native frames: (J=compiled Java code, j=interpreted, Vv=VM code, C=native code)
V  [jvm.dll+0x683b4a]
V  [jvm.dll+0x842654]
V  [jvm.dll+0x843dfe]
V  [jvm.dll+0x844463]
V  [jvm.dll+0x249b75]
V  [jvm.dll+0xabcac]
V  [jvm.dll+0xac27c]
V  [jvm.dll+0x368802]
V  [jvm.dll+0x332f31]
V  [jvm.dll+0x3323da]
V  [jvm.dll+0x21c201]
V  [jvm.dll+0x21b621]
V  [jvm.dll+0x1a4fdd]
V  [jvm.dll+0x22b098]
V  [jvm.dll+0x229159]
V  [jvm.dll+0x7f809c]
V  [jvm.dll+0x7f25fa]
V  [jvm.dll+0x682985]
C  [ucrtbase.dll+0x29333]
C  [KERNEL32.DLL+0x1257d]
C  [ntdll.dll+0x5af28]


---------------  P R O C E S S  ---------------

Threads class SMR info:
_java_thread_list=0x0000020a3ca63610, length=88, elements={
0x0000020a188fea70, 0x0000020a31e97e40, 0x0000020a31e98cb0, 0x0000020a31eed010,
0x0000020a31ef1da0, 0x0000020a31ef5870, 0x0000020a31ef6220, 0x0000020a31ef6f00,
0x0000020a31ef79a0, 0x0000020a32844290, 0x0000020a32987000, 0x0000020a329878d0,
0x0000020a3527a1f0, 0x0000020a342001a0, 0x0000020a343ceaa0, 0x0000020a3391a330,
0x0000020a3391afa0, 0x0000020a3533eae0, 0x0000020a35307400, 0x0000020a33d58040,
0x0000020a33d57570, 0x0000020a33d54550, 0x0000020a33d56bd0, 0x0000020a33d54a20,
0x0000020a33d57a40, 0x0000020a33d56230, 0x0000020a33d54ef0, 0x0000020a33d570a0,
0x0000020a33d553c0, 0x0000020a33d56700, 0x0000020a33d54080, 0x0000020a33d55890,
0x0000020a33d55d60, 0x0000020a358c9210, 0x0000020a358ce8b0, 0x0000020a358c8870,
0x0000020a358cb3c0, 0x0000020a358c7a00, 0x0000020a358c96e0, 0x0000020a358c9bb0,
0x0000020a358cdf10, 0x0000020a358ca080, 0x0000020a358cbd60, 0x0000020a358ccbd0,
0x0000020a358caa20, 0x0000020a358cc230, 0x0000020a358cc700, 0x0000020a358ce3e0,
0x0000020a358cd0a0, 0x0000020a358ced80, 0x0000020a35567d60, 0x0000020a35565bb0,
0x0000020a35566ef0, 0x0000020a35565210, 0x0000020a35566550, 0x0000020a3556a3e0,
0x0000020a35566a20, 0x0000020a3556a8b0, 0x0000020a35568230, 0x0000020a35569570,
0x0000020a355656e0, 0x0000020a35567890, 0x0000020a35568700, 0x0000020a35568bd0,
0x0000020a35566080, 0x0000020a35569f10, 0x0000020a355673c0, 0x0000020a35563ed0,
0x0000020a35563a00, 0x0000020a35563060, 0x0000020a35563530, 0x0000020a355690a0,
0x0000020a355643a0, 0x0000020a35564d40, 0x0000020a35569a40, 0x0000020a35564870,
0x0000020a3654aef0, 0x0000020a3654da40, 0x0000020a3654b890, 0x0000020a3654a550,
0x0000020a3654aa20, 0x0000020a3cd7e070, 0x0000020a3cd80bc0, 0x0000020a3cd83be0,
0x0000020a3cd840b0, 0x0000020a3cd823d0, 0x0000020a3cd81560, 0x0000020a3cd83240
}

Java Threads: ( => current thread )
  0x0000020a188fea70 JavaThread "main" [_thread_blocked, id=7540, stack(0x000000e4c9c00000,0x000000e4c9d00000)]
  0x0000020a31e97e40 JavaThread "Reference Handler" daemon [_thread_blocked, id=15672, stack(0x000000e4ca300000,0x000000e4ca400000)]
  0x0000020a31e98cb0 JavaThread "Finalizer" daemon [_thread_blocked, id=12748, stack(0x000000e4ca400000,0x000000e4ca500000)]
  0x0000020a31eed010 JavaThread "Signal Dispatcher" daemon [_thread_blocked, id=5056, stack(0x000000e4ca500000,0x000000e4ca600000)]
  0x0000020a31ef1da0 JavaThread "Attach Listener" daemon [_thread_blocked, id=12188, stack(0x000000e4ca600000,0x000000e4ca700000)]
  0x0000020a31ef5870 JavaThread "Service Thread" daemon [_thread_blocked, id=11124, stack(0x000000e4ca700000,0x000000e4ca800000)]
  0x0000020a31ef6220 JavaThread "Monitor Deflation Thread" daemon [_thread_blocked, id=13384, stack(0x000000e4ca800000,0x000000e4ca900000)]
=>0x0000020a31ef6f00 JavaThread "C2 CompilerThread0" daemon [_thread_in_native, id=8820, stack(0x000000e4ca900000,0x000000e4caa00000)]
  0x0000020a31ef79a0 JavaThread "C1 CompilerThread0" daemon [_thread_blocked, id=11776, stack(0x000000e4caa00000,0x000000e4cab00000)]
  0x0000020a32844290 JavaThread "Sweeper thread" daemon [_thread_blocked, id=5256, stack(0x000000e4cab00000,0x000000e4cac00000)]
  0x0000020a32987000 JavaThread "Common-Cleaner" daemon [_thread_blocked, id=12104, stack(0x000000e4cac00000,0x000000e4cad00000)]
  0x0000020a329878d0 JavaThread "Notification Thread" daemon [_thread_blocked, id=13532, stack(0x000000e4cad00000,0x000000e4cae00000)]
  0x0000020a3527a1f0 JavaThread "Daemon health stats" [_thread_blocked, id=2016, stack(0x000000e4cb300000,0x000000e4cb400000)]
  0x0000020a342001a0 JavaThread "Incoming local TCP Connector on port 51983" [_thread_in_native, id=5768, stack(0x000000e4cb400000,0x000000e4cb500000)]
  0x0000020a343ceaa0 JavaThread "Daemon periodic checks" [_thread_blocked, id=12404, stack(0x000000e4cb500000,0x000000e4cb600000)]
  0x0000020a3391a330 JavaThread "Daemon" [_thread_blocked, id=9196, stack(0x000000e4cb600000,0x000000e4cb700000)]
  0x0000020a3391afa0 JavaThread "Handler for socket connection from /127.0.0.1:51983 to /127.0.0.1:51984" [_thread_in_native, id=5800, stack(0x000000e4cb700000,0x000000e4cb800000)]
  0x0000020a3533eae0 JavaThread "Cancel handler" [_thread_blocked, id=17292, stack(0x000000e4cb800000,0x000000e4cb900000)]
  0x0000020a35307400 JavaThread "Daemon worker" [_thread_blocked, id=1396, stack(0x000000e4cb900000,0x000000e4cba00000)]
  0x0000020a33d58040 JavaThread "Asynchronous log dispatcher for DefaultDaemonConnection: socket connection from /127.0.0.1:51983 to /127.0.0.1:51984" [_thread_blocked, id=13472, stack(0x000000e4cba00000,0x000000e4cbb00000)]
  0x0000020a33d57570 JavaThread "Stdin handler" [_thread_blocked, id=6984, stack(0x000000e4cbb00000,0x000000e4cbc00000)]
  0x0000020a33d54550 JavaThread "Daemon client event forwarder" [_thread_blocked, id=2604, stack(0x000000e4cbc00000,0x000000e4cbd00000)]
  0x0000020a33d56bd0 JavaThread "Cache worker for journal cache (C:\Users\abd.goffar\.gradle\caches\journal-1)" [_thread_blocked, id=15288, stack(0x000000e4cbd00000,0x000000e4cbe00000)]
  0x0000020a33d54a20 JavaThread "File lock request listener" [_thread_in_native, id=14332, stack(0x000000e4cbe00000,0x000000e4cbf00000)]
  0x0000020a33d57a40 JavaThread "Cache worker for file hash cache (C:\Users\abd.goffar\.gradle\caches\8.0\fileHashes)" [_thread_blocked, id=14704, stack(0x000000e4cbf00000,0x000000e4cc000000)]
  0x0000020a33d56230 JavaThread "File watcher server" daemon [_thread_in_native, id=3320, stack(0x000000e4cc000000,0x000000e4cc100000)]
  0x0000020a33d54ef0 JavaThread "File watcher consumer" daemon [_thread_blocked, id=16076, stack(0x000000e4cc100000,0x000000e4cc200000)]
  0x0000020a33d570a0 JavaThread "Cache worker for checksums cache (C:\onlineShop\.gradle\8.0\checksums)" [_thread_blocked, id=4324, stack(0x000000e4cb200000,0x000000e4cb300000)]
  0x0000020a33d553c0 JavaThread "Cache worker for cache directory md-rule (C:\Users\abd.goffar\.gradle\caches\8.0\md-rule)" [_thread_blocked, id=4912, stack(0x000000e4cc200000,0x000000e4cc300000)]
  0x0000020a33d56700 JavaThread "Cache worker for file content cache (C:\Users\abd.goffar\.gradle\caches\8.0\fileContent)" [_thread_blocked, id=2032, stack(0x000000e4cc300000,0x000000e4cc400000)]
  0x0000020a33d54080 JavaThread "Cache worker for file hash cache (C:\onlineShop\.gradle\8.0\fileHashes)" [_thread_blocked, id=17584, stack(0x000000e4cc400000,0x000000e4cc500000)]
  0x0000020a33d55890 JavaThread "Cache worker for cache directory md-supplier (C:\Users\abd.goffar\.gradle\caches\8.0\md-supplier)" [_thread_blocked, id=6640, stack(0x000000e4cc500000,0x000000e4cc600000)]
  0x0000020a33d55d60 JavaThread "Cache worker for execution history cache (C:\Users\abd.goffar\.gradle\caches\8.0\executionHistory)" [_thread_blocked, id=1872, stack(0x000000e4cc600000,0x000000e4cc700000)]
  0x0000020a358c9210 JavaThread "jar transforms" [_thread_blocked, id=5516, stack(0x000000e4cc800000,0x000000e4cc900000)]
  0x0000020a358ce8b0 JavaThread "jar transforms Thread 2" [_thread_blocked, id=13396, stack(0x000000e4cc900000,0x000000e4cca00000)]
  0x0000020a358c8870 JavaThread "jar transforms Thread 3" [_thread_blocked, id=10484, stack(0x000000e4ccb00000,0x000000e4ccc00000)]
  0x0000020a358cb3c0 JavaThread "jar transforms Thread 4" [_thread_blocked, id=12716, stack(0x000000e4ccc00000,0x000000e4ccd00000)]
  0x0000020a358c7a00 JavaThread "Cache worker for dependencies-accessors (C:\onlineShop\.gradle\8.0\dependencies-accessors)" [_thread_blocked, id=5644, stack(0x000000e4ccd00000,0x000000e4cce00000)]
  0x0000020a358c96e0 JavaThread "Cache worker for Build Output Cleanup Cache (C:\onlineShop\.gradle\buildOutputCleanup)" [_thread_blocked, id=3448, stack(0x000000e4cce00000,0x000000e4ccf00000)]
  0x0000020a358c9bb0 JavaThread "Unconstrained build operations" [_thread_blocked, id=9896, stack(0x000000e4cca00000,0x000000e4ccb00000)]
  0x0000020a358cdf10 JavaThread "Unconstrained build operations Thread 2" [_thread_in_native, id=4800, stack(0x000000e4cd000000,0x000000e4cd100000)]
  0x0000020a358ca080 JavaThread "Unconstrained build operations Thread 3" [_thread_blocked, id=4264, stack(0x000000e4cd100000,0x000000e4cd200000)]
  0x0000020a358cbd60 JavaThread "Unconstrained build operations Thread 4" [_thread_blocked, id=8400, stack(0x000000e4cd200000,0x000000e4cd300000)]
  0x0000020a358ccbd0 JavaThread "Unconstrained build operations Thread 5" [_thread_blocked, id=16344, stack(0x000000e4cd300000,0x000000e4cd400000)]
  0x0000020a358caa20 JavaThread "Unconstrained build operations Thread 6" [_thread_blocked, id=14256, stack(0x000000e4cd400000,0x000000e4cd500000)]
  0x0000020a358cc230 JavaThread "Unconstrained build operations Thread 7" [_thread_blocked, id=3856, stack(0x000000e4cd500000,0x000000e4cd600000)]
  0x0000020a358cc700 JavaThread "Unconstrained build operations Thread 8" [_thread_blocked, id=10764, stack(0x000000e4cd600000,0x000000e4cd700000)]
  0x0000020a358ce3e0 JavaThread "Unconstrained build operations Thread 9" [_thread_blocked, id=17308, stack(0x000000e4cd700000,0x000000e4cd800000)]
  0x0000020a358cd0a0 JavaThread "Unconstrained build operations Thread 10" [_thread_blocked, id=10072, stack(0x000000e4cd800000,0x000000e4cd900000)]
  0x0000020a358ced80 JavaThread "Unconstrained build operations Thread 11" [_thread_blocked, id=17224, stack(0x000000e4cd900000,0x000000e4cda00000)]
  0x0000020a35567d60 JavaThread "Unconstrained build operations Thread 12" [_thread_blocked, id=8944, stack(0x000000e4cda00000,0x000000e4cdb00000)]
  0x0000020a35565bb0 JavaThread "Unconstrained build operations Thread 13" [_thread_blocked, id=4908, stack(0x000000e4cdb00000,0x000000e4cdc00000)]
  0x0000020a35566ef0 JavaThread "Unconstrained build operations Thread 14" [_thread_blocked, id=10924, stack(0x000000e4cdc00000,0x000000e4cdd00000)]
  0x0000020a35565210 JavaThread "Unconstrained build operations Thread 15" [_thread_blocked, id=7820, stack(0x000000e4cdd00000,0x000000e4cde00000)]
  0x0000020a35566550 JavaThread "Unconstrained build operations Thread 16" [_thread_blocked, id=7940, stack(0x000000e4cde00000,0x000000e4cdf00000)]
  0x0000020a3556a3e0 JavaThread "Unconstrained build operations Thread 17" [_thread_blocked, id=6756, stack(0x000000e4cdf00000,0x000000e4ce000000)]
  0x0000020a35566a20 JavaThread "Unconstrained build operations Thread 18" [_thread_blocked, id=9720, stack(0x000000e4ce000000,0x000000e4ce100000)]
  0x0000020a3556a8b0 JavaThread "Unconstrained build operations Thread 19" [_thread_blocked, id=11368, stack(0x000000e4ce100000,0x000000e4ce200000)]
  0x0000020a35568230 JavaThread "Unconstrained build operations Thread 20" [_thread_blocked, id=12024, stack(0x000000e4ce200000,0x000000e4ce300000)]
  0x0000020a35569570 JavaThread "Unconstrained build operations Thread 21" [_thread_blocked, id=3272, stack(0x000000e4ce300000,0x000000e4ce400000)]
  0x0000020a355656e0 JavaThread "Unconstrained build operations Thread 22" [_thread_blocked, id=9072, stack(0x000000e4ce400000,0x000000e4ce500000)]
  0x0000020a35567890 JavaThread "Unconstrained build operations Thread 23" [_thread_blocked, id=6468, stack(0x000000e4ce500000,0x000000e4ce600000)]
  0x0000020a35568700 JavaThread "Unconstrained build operations Thread 24" [_thread_blocked, id=12168, stack(0x000000e4ce600000,0x000000e4ce700000)]
  0x0000020a35568bd0 JavaThread "Unconstrained build operations Thread 25" [_thread_blocked, id=11008, stack(0x000000e4ce700000,0x000000e4ce800000)]
  0x0000020a35566080 JavaThread "Unconstrained build operations Thread 26" [_thread_blocked, id=5344, stack(0x000000e4ce800000,0x000000e4ce900000)]
  0x0000020a35569f10 JavaThread "Unconstrained build operations Thread 27" [_thread_blocked, id=12540, stack(0x000000e4ce900000,0x000000e4cea00000)]
  0x0000020a355673c0 JavaThread "Unconstrained build operations Thread 28" [_thread_blocked, id=5404, stack(0x000000e4cea00000,0x000000e4ceb00000)]
  0x0000020a35563ed0 JavaThread "Unconstrained build operations Thread 29" [_thread_blocked, id=1604, stack(0x000000e4ceb00000,0x000000e4cec00000)]
  0x0000020a35563a00 JavaThread "Unconstrained build operations Thread 30" [_thread_blocked, id=15424, stack(0x000000e4cec00000,0x000000e4ced00000)]
  0x0000020a35563060 JavaThread "Unconstrained build operations Thread 31" [_thread_blocked, id=12868, stack(0x000000e4ced00000,0x000000e4cee00000)]
  0x0000020a35563530 JavaThread "Unconstrained build operations Thread 32" [_thread_blocked, id=16084, stack(0x000000e4cee00000,0x000000e4cef00000)]
  0x0000020a355690a0 JavaThread "Unconstrained build operations Thread 33" [_thread_blocked, id=15588, stack(0x000000e4cef00000,0x000000e4cf000000)]
  0x0000020a355643a0 JavaThread "Unconstrained build operations Thread 34" [_thread_blocked, id=15168, stack(0x000000e4cf000000,0x000000e4cf100000)]
  0x0000020a35564d40 JavaThread "Unconstrained build operations Thread 35" [_thread_blocked, id=17532, stack(0x000000e4cf100000,0x000000e4cf200000)]
  0x0000020a35569a40 JavaThread "Unconstrained build operations Thread 36" [_thread_blocked, id=16424, stack(0x000000e4cf200000,0x000000e4cf300000)]
  0x0000020a35564870 JavaThread "Unconstrained build operations Thread 37" [_thread_blocked, id=17512, stack(0x000000e4cf300000,0x000000e4cf400000)]
  0x0000020a3654aef0 JavaThread "Unconstrained build operations Thread 38" [_thread_blocked, id=5976, stack(0x000000e4cf400000,0x000000e4cf500000)]
  0x0000020a3654da40 JavaThread "Unconstrained build operations Thread 39" [_thread_blocked, id=6796, stack(0x000000e4cf500000,0x000000e4cf600000)]
  0x0000020a3654b890 JavaThread "Unconstrained build operations Thread 40" [_thread_blocked, id=17808, stack(0x000000e4cf600000,0x000000e4cf700000)]
  0x0000020a3654a550 JavaThread "build event listener" [_thread_blocked, id=3256, stack(0x000000e4cf700000,0x000000e4cf800000)]
  0x0000020a3654aa20 JavaThread "Memory manager" [_thread_blocked, id=9552, stack(0x000000e4cf800000,0x000000e4cf900000)]
  0x0000020a3cd7e070 JavaThread "pool-3-thread-1" [_thread_blocked, id=13732, stack(0x000000e4cf900000,0x000000e4cfa00000)]
  0x0000020a3cd80bc0 JavaThread "build event listener" [_thread_blocked, id=16080, stack(0x000000e4cfa00000,0x000000e4cfb00000)]
  0x0000020a3cd83be0 JavaThread "included builds" [_thread_blocked, id=10052, stack(0x000000e4cfb00000,0x000000e4cfc00000)]
  0x0000020a3cd840b0 JavaThread "Execution worker" [_thread_blocked, id=7008, stack(0x000000e4cfc00000,0x000000e4cfd00000)]
  0x0000020a3cd823d0 JavaThread "Execution worker Thread 2" [_thread_blocked, id=10876, stack(0x000000e4cfd00000,0x000000e4cfe00000)]
  0x0000020a3cd81560 JavaThread "Execution worker Thread 3" [_thread_blocked, id=6480, stack(0x000000e4cfe00000,0x000000e4cff00000)]
  0x0000020a3cd83240 JavaThread "Cache worker for execution history cache (C:\onlineShop\.gradle\8.0\executionHistory)" [_thread_blocked, id=1036, stack(0x000000e4cff00000,0x000000e4d0000000)]

Other Threads:
  0x0000020a31e4fa00 VMThread "VM Thread" [stack: 0x000000e4ca200000,0x000000e4ca300000] [id=16256]
  0x0000020a3292ff90 WatcherThread [stack: 0x000000e4cae00000,0x000000e4caf00000] [id=15524]
  0x0000020a18959010 GCTaskThread "GC Thread#0" [stack: 0x000000e4c9d00000,0x000000e4c9e00000] [id=8164]
  0x0000020a32f140a0 GCTaskThread "GC Thread#1" [stack: 0x000000e4caf00000,0x000000e4cb000000] [id=14196]
  0x0000020a32c108e0 GCTaskThread "GC Thread#2" [stack: 0x000000e4cb000000,0x000000e4cb100000] [id=2124]
  0x0000020a32af8f00 GCTaskThread "GC Thread#3" [stack: 0x000000e4cb100000,0x000000e4cb200000] [id=9240]
  0x0000020a1896a6f0 ConcurrentGCThread "G1 Main Marker" [stack: 0x000000e4c9e00000,0x000000e4c9f00000] [id=11464]
  0x0000020a1896b100 ConcurrentGCThread "G1 Conc#0" [stack: 0x000000e4c9f00000,0x000000e4ca000000] [id=17692]
  0x0000020a189bab80 ConcurrentGCThread "G1 Refine#0" [stack: 0x000000e4ca000000,0x000000e4ca100000] [id=10608]
  0x0000020a35b4e190 ConcurrentGCThread "G1 Refine#1" [stack: 0x000000e4cc700000,0x000000e4cc800000] [id=8536]
  0x0000020a189bb5a0 ConcurrentGCThread "G1 Service" [stack: 0x000000e4ca100000,0x000000e4ca200000] [id=14712]

Threads with active compile tasks:
C2 CompilerThread0    22590 10801       4       org.gradle.cache.internal.btree.CachingBlockStore::read (56 bytes)
C1 CompilerThread0    22590 10904       3       org.gradle.internal.snapshot.impl.DirectorySnapshotter$PathVisitor::isNotFileSystemLoopException (17 bytes)

VM state: not at safepoint (normal execution)

VM Mutex/Monitor currently owned by a thread: None

Heap address: 0x0000000080000000, size: 2048 MB, Compressed Oops mode: 32-bit

CDS archive(s) not mapped
Compressed class space mapped at: 0x0000000100000000-0x0000000140000000, reserved size: 1073741824
Narrow klass base: 0x0000000000000000, Narrow klass shift: 3, Narrow klass range: 0x140000000

GC Precious Log:
 CPUs: 4 total, 4 available
 Memory: 3930M
 Large Page Support: Disabled
 NUMA Support: Disabled
 Compressed Oops: Enabled (32-bit)
 Heap Region Size: 1M
 Heap Min Capacity: 8M
 Heap Initial Capacity: 62M
 Heap Max Capacity: 2G
 Pre-touch: Disabled
 Parallel Workers: 4
 Concurrent Workers: 1
 Concurrent Refinement Workers: 4
 Periodic GC: Disabled

Heap:
 garbage-first heap   total 208896K, used 119778K [0x0000000080000000, 0x0000000100000000)
  region size 1024K, 37 young (37888K), 12 survivors (12288K)
 Metaspace       used 102505K, committed 103232K, reserved 1138688K
  class space    used 13806K, committed 14144K, reserved 1048576K

Heap Regions: E=young(eden), S=young(survivor), O=old, HS=humongous(starts), HC=humongous(continues), CS=collection set, F=free, OA=open archive, CA=closed archive, TAMS=top-at-mark-start (previous, next)
|   0|0x0000000080000000, 0x0000000080100000, 0x0000000080100000|100%| O|  |TAMS 0x0000000080100000, 0x0000000080000000| Untracked 
|   1|0x0000000080100000, 0x0000000080200000, 0x0000000080200000|100%| O|  |TAMS 0x0000000080200000, 0x0000000080100000| Untracked 
|   2|0x0000000080200000, 0x0000000080300000, 0x0000000080300000|100%|HS|  |TAMS 0x0000000080300000, 0x0000000080200000| Complete 
|   3|0x0000000080300000, 0x0000000080400000, 0x0000000080400000|100%|HC|  |TAMS 0x0000000080400000, 0x0000000080300000| Complete 
|   4|0x0000000080400000, 0x0000000080500000, 0x0000000080500000|100%|HC|  |TAMS 0x0000000080500000, 0x0000000080400000| Complete 
|   5|0x0000000080500000, 0x0000000080600000, 0x0000000080600000|100%|HC|  |TAMS 0x0000000080600000, 0x0000000080500000| Complete 
|   6|0x0000000080600000, 0x0000000080700000, 0x0000000080700000|100%| O|  |TAMS 0x0000000080700000, 0x0000000080600000| Untracked 
|   7|0x0000000080700000, 0x0000000080800000, 0x0000000080800000|100%| O|  |TAMS 0x0000000080800000, 0x0000000080700000| Untracked 
|   8|0x0000000080800000, 0x0000000080900000, 0x0000000080900000|100%| O|  |TAMS 0x0000000080900000, 0x0000000080800000| Untracked 
|   9|0x0000000080900000, 0x0000000080a00000, 0x0000000080a00000|100%| O|  |TAMS 0x0000000080a00000, 0x0000000080900000| Untracked 
|  10|0x0000000080a00000, 0x0000000080b00000, 0x0000000080b00000|100%| O|  |TAMS 0x0000000080b00000, 0x0000000080a00000| Untracked 
|  11|0x0000000080b00000, 0x0000000080c00000, 0x0000000080c00000|100%| O|  |TAMS 0x0000000080c00000, 0x0000000080b00000| Untracked 
|  12|0x0000000080c00000, 0x0000000080d00000, 0x0000000080d00000|100%| O|  |TAMS 0x0000000080d00000, 0x0000000080c00000| Untracked 
|  13|0x0000000080d00000, 0x0000000080e00000, 0x0000000080e00000|100%| O|  |TAMS 0x0000000080e00000, 0x0000000080d00000| Untracked 
|  14|0x0000000080e00000, 0x0000000080f00000, 0x0000000080f00000|100%| O|  |TAMS 0x0000000080f00000, 0x0000000080e00000| Untracked 
|  15|0x0000000080f00000, 0x0000000081000000, 0x0000000081000000|100%| O|  |TAMS 0x0000000081000000, 0x0000000080f00000| Untracked 
|  16|0x0000000081000000, 0x0000000081100000, 0x0000000081100000|100%| O|  |TAMS 0x0000000081100000, 0x0000000081000000| Untracked 
|  17|0x0000000081100000, 0x0000000081200000, 0x0000000081200000|100%| O|  |TAMS 0x0000000081200000, 0x0000000081100000| Untracked 
|  18|0x0000000081200000, 0x0000000081300000, 0x0000000081300000|100%| O|  |TAMS 0x0000000081300000, 0x0000000081200000| Untracked 
|  19|0x0000000081300000, 0x0000000081400000, 0x0000000081400000|100%| O|  |TAMS 0x0000000081400000, 0x0000000081300000| Untracked 
|  20|0x0000000081400000, 0x0000000081500000, 0x0000000081500000|100%| O|  |TAMS 0x0000000081500000, 0x0000000081400000| Untracked 
|  21|0x0000000081500000, 0x0000000081600000, 0x0000000081600000|100%| O|  |TAMS 0x0000000081600000, 0x0000000081500000| Untracked 
|  22|0x0000000081600000, 0x0000000081700000, 0x0000000081700000|100%| O|  |TAMS 0x0000000081700000, 0x0000000081600000| Untracked 
|  23|0x0000000081700000, 0x0000000081800000, 0x0000000081800000|100%| O|  |TAMS 0x0000000081700000, 0x0000000081700000| Untracked 
|  24|0x0000000081800000, 0x0000000081900000, 0x0000000081900000|100%| O|  |TAMS 0x0000000081800000, 0x0000000081800000| Untracked 
|  25|0x0000000081900000, 0x0000000081a00000, 0x0000000081a00000|100%| O|  |TAMS 0x0000000081a00000, 0x0000000081900000| Untracked 
|  26|0x0000000081a00000, 0x0000000081b00000, 0x0000000081b00000|100%| O|  |TAMS 0x0000000081b00000, 0x0000000081a00000| Untracked 
|  27|0x0000000081b00000, 0x0000000081c00000, 0x0000000081c00000|100%| O|  |TAMS 0x0000000081c00000, 0x0000000081b00000| Untracked 
|  28|0x0000000081c00000, 0x0000000081d00000, 0x0000000081d00000|100%| O|  |TAMS 0x0000000081d00000, 0x0000000081c00000| Untracked 
|  29|0x0000000081d00000, 0x0000000081e00000, 0x0000000081e00000|100%| O|  |TAMS 0x0000000081e00000, 0x0000000081d00000| Untracked 
|  30|0x0000000081e00000, 0x0000000081f00000, 0x0000000081f00000|100%| O|  |TAMS 0x0000000081f00000, 0x0000000081e00000| Untracked 
|  31|0x0000000081f00000, 0x0000000082000000, 0x0000000082000000|100%| O|  |TAMS 0x0000000082000000, 0x0000000081f00000| Untracked 
|  32|0x0000000082000000, 0x0000000082100000, 0x0000000082100000|100%| O|  |TAMS 0x0000000082100000, 0x0000000082000000| Untracked 
|  33|0x0000000082100000, 0x0000000082200000, 0x0000000082200000|100%| O|  |TAMS 0x0000000082200000, 0x0000000082100000| Untracked 
|  34|0x0000000082200000, 0x0000000082300000, 0x0000000082300000|100%| O|  |TAMS 0x0000000082300000, 0x0000000082200000| Untracked 
|  35|0x0000000082300000, 0x0000000082400000, 0x0000000082400000|100%| O|  |TAMS 0x0000000082400000, 0x0000000082300000| Untracked 
|  36|0x0000000082400000, 0x0000000082500000, 0x0000000082500000|100%| O|  |TAMS 0x0000000082500000, 0x0000000082400000| Untracked 
|  37|0x0000000082500000, 0x0000000082600000, 0x0000000082600000|100%| O|  |TAMS 0x0000000082600000, 0x0000000082500000| Untracked 
|  38|0x0000000082600000, 0x0000000082700000, 0x0000000082700000|100%| O|  |TAMS 0x0000000082700000, 0x0000000082600000| Untracked 
|  39|0x0000000082700000, 0x0000000082800000, 0x0000000082800000|100%|HS|  |TAMS 0x0000000082800000, 0x0000000082700000| Complete 
|  40|0x0000000082800000, 0x0000000082900000, 0x0000000082900000|100%|HS|  |TAMS 0x0000000082900000, 0x0000000082800000| Complete 
|  41|0x0000000082900000, 0x0000000082a00000, 0x0000000082a00000|100%|HC|  |TAMS 0x0000000082a00000, 0x0000000082900000| Complete 
|  42|0x0000000082a00000, 0x0000000082b00000, 0x0000000082b00000|100%|HS|  |TAMS 0x0000000082b00000, 0x0000000082a00000| Complete 
|  43|0x0000000082b00000, 0x0000000082c00000, 0x0000000082c00000|100%|HS|  |TAMS 0x0000000082c00000, 0x0000000082b00000| Complete 
|  44|0x0000000082c00000, 0x0000000082d00000, 0x0000000082d00000|100%|HC|  |TAMS 0x0000000082d00000, 0x0000000082c00000| Complete 
|  45|0x0000000082d00000, 0x0000000082e00000, 0x0000000082e00000|100%|HC|  |TAMS 0x0000000082e00000, 0x0000000082d00000| Complete 
|  46|0x0000000082e00000, 0x0000000082f00000, 0x0000000082f00000|100%|HC|  |TAMS 0x0000000082f00000, 0x0000000082e00000| Complete 
|  47|0x0000000082f00000, 0x0000000083000000, 0x0000000083000000|100%| O|  |TAMS 0x0000000083000000, 0x0000000082f00000| Untracked 
|  48|0x0000000083000000, 0x0000000083100000, 0x0000000083100000|100%| O|  |TAMS 0x0000000083100000, 0x0000000083000000| Untracked 
|  49|0x0000000083100000, 0x0000000083200000, 0x0000000083200000|100%| O|  |TAMS 0x0000000083200000, 0x0000000083100000| Untracked 
|  50|0x0000000083200000, 0x0000000083300000, 0x0000000083300000|100%| O|  |TAMS 0x0000000083300000, 0x0000000083200000| Untracked 
|  51|0x0000000083300000, 0x0000000083400000, 0x0000000083400000|100%| O|  |TAMS 0x0000000083400000, 0x0000000083300000| Untracked 
|  52|0x0000000083400000, 0x0000000083500000, 0x0000000083500000|100%| O|  |TAMS 0x00000000834e5800, 0x0000000083400000| Untracked 
|  53|0x0000000083500000, 0x0000000083600000, 0x0000000083600000|100%| O|  |TAMS 0x0000000083500000, 0x0000000083500000| Untracked 
|  54|0x0000000083600000, 0x0000000083700000, 0x0000000083700000|100%| O|  |TAMS 0x0000000083600000, 0x0000000083600000| Untracked 
|  55|0x0000000083700000, 0x0000000083800000, 0x0000000083800000|100%| O|  |TAMS 0x0000000083800000, 0x0000000083700000| Untracked 
|  56|0x0000000083800000, 0x0000000083900000, 0x0000000083900000|100%| O|  |TAMS 0x0000000083900000, 0x0000000083800000| Untracked 
|  57|0x0000000083900000, 0x0000000083a00000, 0x0000000083a00000|100%| O|  |TAMS 0x0000000083a00000, 0x0000000083900000| Untracked 
|  58|0x0000000083a00000, 0x0000000083b00000, 0x0000000083b00000|100%| O|  |TAMS 0x0000000083b00000, 0x0000000083a00000| Untracked 
|  59|0x0000000083b00000, 0x0000000083c00000, 0x0000000083c00000|100%| O|  |TAMS 0x0000000083b00000, 0x0000000083b00000| Untracked 
|  60|0x0000000083c00000, 0x0000000083d00000, 0x0000000083d00000|100%| O|  |TAMS 0x0000000083c00000, 0x0000000083c00000| Untracked 
|  61|0x0000000083d00000, 0x0000000083e00000, 0x0000000083e00000|100%| O|  |TAMS 0x0000000083d00000, 0x0000000083d00000| Untracked 
|  62|0x0000000083e00000, 0x0000000083f00000, 0x0000000083f00000|100%| O|  |TAMS 0x0000000083e00000, 0x0000000083e00000| Untracked 
|  63|0x0000000083f00000, 0x0000000084000000, 0x0000000084000000|100%| O|  |TAMS 0x0000000083f00000, 0x0000000083f00000| Untracked 
|  64|0x0000000084000000, 0x0000000084100000, 0x0000000084100000|100%| O|  |TAMS 0x0000000084000000, 0x0000000084000000| Untracked 
|  65|0x0000000084100000, 0x0000000084200000, 0x0000000084200000|100%| O|  |TAMS 0x0000000084100000, 0x0000000084100000| Untracked 
|  66|0x0000000084200000, 0x0000000084300000, 0x0000000084300000|100%| O|  |TAMS 0x0000000084200000, 0x0000000084200000| Untracked 
|  67|0x0000000084300000, 0x0000000084400000, 0x0000000084400000|100%| O|  |TAMS 0x0000000084300000, 0x0000000084300000| Untracked 
|  68|0x0000000084400000, 0x0000000084500000, 0x0000000084500000|100%| O|  |TAMS 0x0000000084400000, 0x0000000084400000| Untracked 
|  69|0x0000000084500000, 0x0000000084600000, 0x0000000084600000|100%| O|  |TAMS 0x0000000084500000, 0x0000000084500000| Untracked 
|  70|0x0000000084600000, 0x0000000084700000, 0x0000000084700000|100%| O|  |TAMS 0x0000000084600000, 0x0000000084600000| Untracked 
|  71|0x0000000084700000, 0x0000000084800000, 0x0000000084800000|100%| O|  |TAMS 0x0000000084700000, 0x0000000084700000| Untracked 
|  72|0x0000000084800000, 0x0000000084900000, 0x0000000084900000|100%| O|  |TAMS 0x0000000084800000, 0x0000000084800000| Untracked 
|  73|0x0000000084900000, 0x0000000084a00000, 0x0000000084a00000|100%| O|  |TAMS 0x0000000084900000, 0x0000000084900000| Untracked 
|  74|0x0000000084a00000, 0x0000000084b00000, 0x0000000084b00000|100%| O|  |TAMS 0x0000000084a00000, 0x0000000084a00000| Untracked 
|  75|0x0000000084b00000, 0x0000000084c00000, 0x0000000084c00000|100%| O|  |TAMS 0x0000000084b00000, 0x0000000084b00000| Untracked 
|  76|0x0000000084c00000, 0x0000000084d00000, 0x0000000084d00000|100%| O|  |TAMS 0x0000000084c00000, 0x0000000084c00000| Untracked 
|  77|0x0000000084d00000, 0x0000000084e00000, 0x0000000084e00000|100%| O|  |TAMS 0x0000000084d00000, 0x0000000084d00000| Untracked 
|  78|0x0000000084e00000, 0x0000000084f00000, 0x0000000084f00000|100%| O|  |TAMS 0x0000000084e00000, 0x0000000084e00000| Untracked 
|  79|0x0000000084f00000, 0x0000000085000000, 0x0000000085000000|100%| O|  |TAMS 0x0000000084f00000, 0x0000000084f00000| Untracked 
|  80|0x0000000085000000, 0x0000000085100000, 0x0000000085100000|100%| O|  |TAMS 0x0000000085000000, 0x0000000085000000| Untracked 
|  81|0x0000000085100000, 0x00000000851f8a00, 0x0000000085200000| 97%| O|  |TAMS 0x0000000085100000, 0x0000000085100000| Untracked 
|  82|0x0000000085200000, 0x0000000085200000, 0x0000000085300000|  0%| F|  |TAMS 0x0000000085200000, 0x0000000085200000| Untracked 
|  83|0x0000000085300000, 0x0000000085300000, 0x0000000085400000|  0%| F|  |TAMS 0x0000000085300000, 0x0000000085300000| Untracked 
|  84|0x0000000085400000, 0x0000000085400000, 0x0000000085500000|  0%| F|  |TAMS 0x0000000085400000, 0x0000000085400000| Untracked 
|  85|0x0000000085500000, 0x0000000085500000, 0x0000000085600000|  0%| F|  |TAMS 0x0000000085500000, 0x0000000085500000| Untracked 
|  86|0x0000000085600000, 0x0000000085600000, 0x0000000085700000|  0%| F|  |TAMS 0x0000000085600000, 0x0000000085600000| Untracked 
|  87|0x0000000085700000, 0x0000000085700000, 0x0000000085800000|  0%| F|  |TAMS 0x0000000085700000, 0x0000000085700000| Untracked 
|  88|0x0000000085800000, 0x0000000085800000, 0x0000000085900000|  0%| F|  |TAMS 0x0000000085800000, 0x0000000085800000| Untracked 
|  89|0x0000000085900000, 0x0000000085900000, 0x0000000085a00000|  0%| F|  |TAMS 0x0000000085900000, 0x0000000085900000| Untracked 
|  90|0x0000000085a00000, 0x0000000085a00000, 0x0000000085b00000|  0%| F|  |TAMS 0x0000000085a00000, 0x0000000085a00000| Untracked 
|  91|0x0000000085b00000, 0x0000000085b00000, 0x0000000085c00000|  0%| F|  |TAMS 0x0000000085b00000, 0x0000000085b00000| Untracked 
|  92|0x0000000085c00000, 0x0000000085c00000, 0x0000000085d00000|  0%| F|  |TAMS 0x0000000085c00000, 0x0000000085c00000| Untracked 
|  93|0x0000000085d00000, 0x0000000085d00000, 0x0000000085e00000|  0%| F|  |TAMS 0x0000000085d00000, 0x0000000085d00000| Untracked 
|  94|0x0000000085e00000, 0x0000000085e00000, 0x0000000085f00000|  0%| F|  |TAMS 0x0000000085e00000, 0x0000000085e00000| Untracked 
|  95|0x0000000085f00000, 0x0000000085f00000, 0x0000000086000000|  0%| F|  |TAMS 0x0000000085f00000, 0x0000000085f00000| Untracked 
|  96|0x0000000086000000, 0x0000000086000000, 0x0000000086100000|  0%| F|  |TAMS 0x0000000086000000, 0x0000000086000000| Untracked 
|  97|0x0000000086100000, 0x0000000086100000, 0x0000000086200000|  0%| F|  |TAMS 0x0000000086100000, 0x0000000086100000| Untracked 
|  98|0x0000000086200000, 0x0000000086200000, 0x0000000086300000|  0%| F|  |TAMS 0x0000000086200000, 0x0000000086200000| Untracked 
|  99|0x0000000086300000, 0x0000000086300000, 0x0000000086400000|  0%| F|  |TAMS 0x0000000086300000, 0x0000000086300000| Untracked 
| 100|0x0000000086400000, 0x0000000086400000, 0x0000000086500000|  0%| F|  |TAMS 0x0000000086400000, 0x0000000086400000| Untracked 
| 101|0x0000000086500000, 0x0000000086500000, 0x0000000086600000|  0%| F|  |TAMS 0x0000000086500000, 0x0000000086500000| Untracked 
| 102|0x0000000086600000, 0x0000000086600000, 0x0000000086700000|  0%| F|  |TAMS 0x0000000086600000, 0x0000000086600000| Untracked 
| 103|0x0000000086700000, 0x0000000086700000, 0x0000000086800000|  0%| F|  |TAMS 0x0000000086700000, 0x0000000086700000| Untracked 
| 104|0x0000000086800000, 0x0000000086800000, 0x0000000086900000|  0%| F|  |TAMS 0x0000000086800000, 0x0000000086800000| Untracked 
| 105|0x0000000086900000, 0x0000000086900000, 0x0000000086a00000|  0%| F|  |TAMS 0x0000000086900000, 0x0000000086900000| Untracked 
| 106|0x0000000086a00000, 0x0000000086a00000, 0x0000000086b00000|  0%| F|  |TAMS 0x0000000086a00000, 0x0000000086a00000| Untracked 
| 107|0x0000000086b00000, 0x0000000086b00000, 0x0000000086c00000|  0%| F|  |TAMS 0x0000000086b00000, 0x0000000086b00000| Untracked 
| 108|0x0000000086c00000, 0x0000000086c00000, 0x0000000086d00000|  0%| F|  |TAMS 0x0000000086c00000, 0x0000000086c00000| Untracked 
| 109|0x0000000086d00000, 0x0000000086d00000, 0x0000000086e00000|  0%| F|  |TAMS 0x0000000086d00000, 0x0000000086d00000| Untracked 
| 110|0x0000000086e00000, 0x0000000086e00000, 0x0000000086f00000|  0%| F|  |TAMS 0x0000000086e00000, 0x0000000086e00000| Untracked 
| 111|0x0000000086f00000, 0x0000000086f00000, 0x0000000087000000|  0%| F|  |TAMS 0x0000000086f00000, 0x0000000086f00000| Untracked 
| 112|0x0000000087000000, 0x0000000087100000, 0x0000000087100000|100%| S|CS|TAMS 0x0000000087000000, 0x0000000087000000| Complete 
| 113|0x0000000087100000, 0x0000000087200000, 0x0000000087200000|100%| S|CS|TAMS 0x0000000087100000, 0x0000000087100000| Complete 
| 114|0x0000000087200000, 0x0000000087300000, 0x0000000087300000|100%| S|CS|TAMS 0x0000000087200000, 0x0000000087200000| Complete 
| 115|0x0000000087300000, 0x0000000087400000, 0x0000000087400000|100%| S|CS|TAMS 0x0000000087300000, 0x0000000087300000| Complete 
| 116|0x0000000087400000, 0x0000000087500000, 0x0000000087500000|100%| S|CS|TAMS 0x0000000087400000, 0x0000000087400000| Complete 
| 117|0x0000000087500000, 0x0000000087600000, 0x0000000087600000|100%| S|CS|TAMS 0x0000000087500000, 0x0000000087500000| Complete 
| 118|0x0000000087600000, 0x0000000087700000, 0x0000000087700000|100%| S|CS|TAMS 0x0000000087600000, 0x0000000087600000| Complete 
| 119|0x0000000087700000, 0x0000000087800000, 0x0000000087800000|100%| S|CS|TAMS 0x0000000087700000, 0x0000000087700000| Complete 
| 120|0x0000000087800000, 0x0000000087900000, 0x0000000087900000|100%| S|CS|TAMS 0x0000000087800000, 0x0000000087800000| Complete 
| 121|0x0000000087900000, 0x0000000087a00000, 0x0000000087a00000|100%| S|CS|TAMS 0x0000000087900000, 0x0000000087900000| Complete 
| 122|0x0000000087a00000, 0x0000000087b00000, 0x0000000087b00000|100%| S|CS|TAMS 0x0000000087a00000, 0x0000000087a00000| Complete 
| 123|0x0000000087b00000, 0x0000000087c00000, 0x0000000087c00000|100%| S|CS|TAMS 0x0000000087b00000, 0x0000000087b00000| Complete 
| 124|0x0000000087c00000, 0x0000000087c00000, 0x0000000087d00000|  0%| F|  |TAMS 0x0000000087c00000, 0x0000000087c00000| Untracked 
| 125|0x0000000087d00000, 0x0000000087d00000, 0x0000000087e00000|  0%| F|  |TAMS 0x0000000087d00000, 0x0000000087d00000| Untracked 
| 126|0x0000000087e00000, 0x0000000087e00000, 0x0000000087f00000|  0%| F|  |TAMS 0x0000000087e00000, 0x0000000087e00000| Untracked 
| 127|0x0000000087f00000, 0x0000000087f00000, 0x0000000088000000|  0%| F|  |TAMS 0x0000000087f00000, 0x0000000087f00000| Untracked 
| 128|0x0000000088000000, 0x0000000088000000, 0x0000000088100000|  0%| F|  |TAMS 0x0000000088000000, 0x0000000088000000| Untracked 
| 129|0x0000000088100000, 0x0000000088100000, 0x0000000088200000|  0%| F|  |TAMS 0x0000000088100000, 0x0000000088100000| Untracked 
| 130|0x0000000088200000, 0x0000000088200000, 0x0000000088300000|  0%| F|  |TAMS 0x0000000088200000, 0x0000000088200000| Untracked 
| 131|0x0000000088300000, 0x0000000088300000, 0x0000000088400000|  0%| F|  |TAMS 0x0000000088300000, 0x0000000088300000| Untracked 
| 132|0x0000000088400000, 0x0000000088400000, 0x0000000088500000|  0%| F|  |TAMS 0x0000000088400000, 0x0000000088400000| Untracked 
| 133|0x0000000088500000, 0x0000000088500000, 0x0000000088600000|  0%| F|  |TAMS 0x0000000088500000, 0x0000000088500000| Untracked 
| 134|0x0000000088600000, 0x0000000088600000, 0x0000000088700000|  0%| F|  |TAMS 0x0000000088600000, 0x0000000088600000| Untracked 
| 135|0x0000000088700000, 0x0000000088700000, 0x0000000088800000|  0%| F|  |TAMS 0x0000000088700000, 0x0000000088700000| Untracked 
| 136|0x0000000088800000, 0x0000000088800000, 0x0000000088900000|  0%| F|  |TAMS 0x0000000088800000, 0x0000000088800000| Untracked 
| 137|0x0000000088900000, 0x0000000088900000, 0x0000000088a00000|  0%| F|  |TAMS 0x0000000088900000, 0x0000000088900000| Untracked 
| 138|0x0000000088a00000, 0x0000000088a00000, 0x0000000088b00000|  0%| F|  |TAMS 0x0000000088a00000, 0x0000000088a00000| Untracked 
| 139|0x0000000088b00000, 0x0000000088b00000, 0x0000000088c00000|  0%| F|  |TAMS 0x0000000088b00000, 0x0000000088b00000| Untracked 
| 140|0x0000000088c00000, 0x0000000088c00000, 0x0000000088d00000|  0%| F|  |TAMS 0x0000000088c00000, 0x0000000088c00000| Untracked 
| 141|0x0000000088d00000, 0x0000000088d00000, 0x0000000088e00000|  0%| F|  |TAMS 0x0000000088d00000, 0x0000000088d00000| Untracked 
| 142|0x0000000088e00000, 0x0000000088e00000, 0x0000000088f00000|  0%| F|  |TAMS 0x0000000088e00000, 0x0000000088e00000| Untracked 
| 143|0x0000000088f00000, 0x0000000088f00000, 0x0000000089000000|  0%| F|  |TAMS 0x0000000088f00000, 0x0000000088f00000| Untracked 
| 144|0x0000000089000000, 0x0000000089000000, 0x0000000089100000|  0%| F|  |TAMS 0x0000000089000000, 0x0000000089000000| Untracked 
| 145|0x0000000089100000, 0x0000000089100000, 0x0000000089200000|  0%| F|  |TAMS 0x0000000089100000, 0x0000000089100000| Untracked 
| 146|0x0000000089200000, 0x0000000089200000, 0x0000000089300000|  0%| F|  |TAMS 0x0000000089200000, 0x0000000089200000| Untracked 
| 147|0x0000000089300000, 0x0000000089300000, 0x0000000089400000|  0%| F|  |TAMS 0x0000000089300000, 0x0000000089300000| Untracked 
| 148|0x0000000089400000, 0x0000000089400000, 0x0000000089500000|  0%| F|  |TAMS 0x0000000089400000, 0x0000000089400000| Untracked 
| 149|0x0000000089500000, 0x0000000089500000, 0x0000000089600000|  0%| F|  |TAMS 0x0000000089500000, 0x0000000089500000| Untracked 
| 150|0x0000000089600000, 0x0000000089600000, 0x0000000089700000|  0%| F|  |TAMS 0x0000000089600000, 0x0000000089600000| Untracked 
| 151|0x0000000089700000, 0x0000000089700000, 0x0000000089800000|  0%| F|  |TAMS 0x0000000089700000, 0x0000000089700000| Untracked 
| 152|0x0000000089800000, 0x0000000089800000, 0x0000000089900000|  0%| F|  |TAMS 0x0000000089800000, 0x0000000089800000| Untracked 
| 153|0x0000000089900000, 0x0000000089900000, 0x0000000089a00000|  0%| F|  |TAMS 0x0000000089900000, 0x0000000089900000| Untracked 
| 154|0x0000000089a00000, 0x0000000089a00000, 0x0000000089b00000|  0%| F|  |TAMS 0x0000000089a00000, 0x0000000089a00000| Untracked 
| 155|0x0000000089b00000, 0x0000000089b00000, 0x0000000089c00000|  0%| F|  |TAMS 0x0000000089b00000, 0x0000000089b00000| Untracked 
| 156|0x0000000089c00000, 0x0000000089c00000, 0x0000000089d00000|  0%| F|  |TAMS 0x0000000089c00000, 0x0000000089c00000| Untracked 
| 157|0x0000000089d00000, 0x0000000089d00000, 0x0000000089e00000|  0%| F|  |TAMS 0x0000000089d00000, 0x0000000089d00000| Untracked 
| 158|0x0000000089e00000, 0x0000000089e00000, 0x0000000089f00000|  0%| F|  |TAMS 0x0000000089e00000, 0x0000000089e00000| Untracked 
| 159|0x0000000089f00000, 0x0000000089f00000, 0x000000008a000000|  0%| F|  |TAMS 0x0000000089f00000, 0x0000000089f00000| Untracked 
| 160|0x000000008a000000, 0x000000008a000000, 0x000000008a100000|  0%| F|  |TAMS 0x000000008a000000, 0x000000008a000000| Untracked 
| 161|0x000000008a100000, 0x000000008a100000, 0x000000008a200000|  0%| F|  |TAMS 0x000000008a100000, 0x000000008a100000| Untracked 
| 162|0x000000008a200000, 0x000000008a200000, 0x000000008a300000|  0%| F|  |TAMS 0x000000008a200000, 0x000000008a200000| Untracked 
| 163|0x000000008a300000, 0x000000008a300000, 0x000000008a400000|  0%| F|  |TAMS 0x000000008a300000, 0x000000008a300000| Untracked 
| 164|0x000000008a400000, 0x000000008a400000, 0x000000008a500000|  0%| F|  |TAMS 0x000000008a400000, 0x000000008a400000| Untracked 
| 165|0x000000008a500000, 0x000000008a500000, 0x000000008a600000|  0%| F|  |TAMS 0x000000008a500000, 0x000000008a500000| Untracked 
| 166|0x000000008a600000, 0x000000008a600000, 0x000000008a700000|  0%| F|  |TAMS 0x000000008a600000, 0x000000008a600000| Untracked 
| 167|0x000000008a700000, 0x000000008a700000, 0x000000008a800000|  0%| F|  |TAMS 0x000000008a700000, 0x000000008a700000| Untracked 
| 168|0x000000008a800000, 0x000000008a800000, 0x000000008a900000|  0%| F|  |TAMS 0x000000008a800000, 0x000000008a800000| Untracked 
| 169|0x000000008a900000, 0x000000008a900000, 0x000000008aa00000|  0%| F|  |TAMS 0x000000008a900000, 0x000000008a900000| Untracked 
| 170|0x000000008aa00000, 0x000000008aa00000, 0x000000008ab00000|  0%| F|  |TAMS 0x000000008aa00000, 0x000000008aa00000| Untracked 
| 171|0x000000008ab00000, 0x000000008ab00000, 0x000000008ac00000|  0%| F|  |TAMS 0x000000008ab00000, 0x000000008ab00000| Untracked 
| 172|0x000000008ac00000, 0x000000008ac00000, 0x000000008ad00000|  0%| F|  |TAMS 0x000000008ac00000, 0x000000008ac00000| Untracked 
| 173|0x000000008ad00000, 0x000000008ad00000, 0x000000008ae00000|  0%| F|  |TAMS 0x000000008ad00000, 0x000000008ad00000| Untracked 
| 174|0x000000008ae00000, 0x000000008ae00000, 0x000000008af00000|  0%| F|  |TAMS 0x000000008ae00000, 0x000000008ae00000| Untracked 
| 175|0x000000008af00000, 0x000000008af00000, 0x000000008b000000|  0%| F|  |TAMS 0x000000008af00000, 0x000000008af00000| Untracked 
| 176|0x000000008b000000, 0x000000008b000000, 0x000000008b100000|  0%| F|  |TAMS 0x000000008b000000, 0x000000008b000000| Untracked 
| 177|0x000000008b100000, 0x000000008b100000, 0x000000008b200000|  0%| F|  |TAMS 0x000000008b100000, 0x000000008b100000| Untracked 
| 178|0x000000008b200000, 0x000000008b20eb70, 0x000000008b300000|  5%| E|  |TAMS 0x000000008b200000, 0x000000008b200000| Complete 
| 179|0x000000008b300000, 0x000000008b400000, 0x000000008b400000|100%| E|CS|TAMS 0x000000008b300000, 0x000000008b300000| Complete 
| 180|0x000000008b400000, 0x000000008b500000, 0x000000008b500000|100%| E|CS|TAMS 0x000000008b400000, 0x000000008b400000| Complete 
| 181|0x000000008b500000, 0x000000008b600000, 0x000000008b600000|100%| E|CS|TAMS 0x000000008b500000, 0x000000008b500000| Complete 
| 182|0x000000008b600000, 0x000000008b700000, 0x000000008b700000|100%| E|CS|TAMS 0x000000008b600000, 0x000000008b600000| Complete 
| 183|0x000000008b700000, 0x000000008b800000, 0x000000008b800000|100%| E|CS|TAMS 0x000000008b700000, 0x000000008b700000| Complete 
| 184|0x000000008b800000, 0x000000008b900000, 0x000000008b900000|100%| E|CS|TAMS 0x000000008b800000, 0x000000008b800000| Complete 
| 185|0x000000008b900000, 0x000000008ba00000, 0x000000008ba00000|100%| E|CS|TAMS 0x000000008b900000, 0x000000008b900000| Complete 
| 186|0x000000008ba00000, 0x000000008bb00000, 0x000000008bb00000|100%| E|CS|TAMS 0x000000008ba00000, 0x000000008ba00000| Complete 
| 187|0x000000008bb00000, 0x000000008bc00000, 0x000000008bc00000|100%| E|CS|TAMS 0x000000008bb00000, 0x000000008bb00000| Complete 
| 188|0x000000008bc00000, 0x000000008bd00000, 0x000000008bd00000|100%| E|CS|TAMS 0x000000008bc00000, 0x000000008bc00000| Complete 
| 189|0x000000008bd00000, 0x000000008be00000, 0x000000008be00000|100%| E|CS|TAMS 0x000000008bd00000, 0x000000008bd00000| Complete 
| 190|0x000000008be00000, 0x000000008bf00000, 0x000000008bf00000|100%| E|CS|TAMS 0x000000008be00000, 0x000000008be00000| Complete 
| 191|0x000000008bf00000, 0x000000008c000000, 0x000000008c000000|100%| E|CS|TAMS 0x000000008bf00000, 0x000000008bf00000| Complete 
| 192|0x000000008c000000, 0x000000008c100000, 0x000000008c100000|100%| E|CS|TAMS 0x000000008c000000, 0x000000008c000000| Complete 
| 193|0x000000008c100000, 0x000000008c200000, 0x000000008c200000|100%| E|CS|TAMS 0x000000008c100000, 0x000000008c100000| Complete 
| 194|0x000000008c200000, 0x000000008c300000, 0x000000008c300000|100%| E|CS|TAMS 0x000000008c200000, 0x000000008c200000| Complete 
| 195|0x000000008c300000, 0x000000008c400000, 0x000000008c400000|100%| E|CS|TAMS 0x000000008c300000, 0x000000008c300000| Complete 
| 196|0x000000008c400000, 0x000000008c500000, 0x000000008c500000|100%| E|CS|TAMS 0x000000008c400000, 0x000000008c400000| Complete 
| 197|0x000000008c500000, 0x000000008c600000, 0x000000008c600000|100%| E|  |TAMS 0x000000008c500000, 0x000000008c500000| Complete 
| 198|0x000000008c600000, 0x000000008c700000, 0x000000008c700000|100%| E|CS|TAMS 0x000000008c600000, 0x000000008c600000| Complete 
| 199|0x000000008c700000, 0x000000008c800000, 0x000000008c800000|100%| E|CS|TAMS 0x000000008c700000, 0x000000008c700000| Complete 
| 200|0x000000008c800000, 0x000000008c900000, 0x000000008c900000|100%| E|CS|TAMS 0x000000008c800000, 0x000000008c800000| Complete 
| 201|0x000000008c900000, 0x000000008ca00000, 0x000000008ca00000|100%| E|CS|TAMS 0x000000008c900000, 0x000000008c900000| Complete 
| 202|0x000000008ca00000, 0x000000008cb00000, 0x000000008cb00000|100%| E|CS|TAMS 0x000000008ca00000, 0x000000008ca00000| Complete 
| 203|0x000000008cb00000, 0x000000008cc00000, 0x000000008cc00000|100%| E|CS|TAMS 0x000000008cb00000, 0x000000008cb00000| Complete 

Card table byte_map: [0x0000020a2b1c0000,0x0000020a2b5c0000] _byte_map_base: 0x0000020a2adc0000

Marking Bits (Prev, Next): (CMBitMap*) 0x0000020a18959620, (CMBitMap*) 0x0000020a18959660
 Prev Bits: [0x0000020a2b9c0000, 0x0000020a2d9c0000)
 Next Bits: [0x0000020a2d9c0000, 0x0000020a2f9c0000)

Polling page: 0x0000020a180c0000

Metaspace:

Usage:
  Non-class:     86.62 MB used.
      Class:     13.48 MB used.
       Both:    100.10 MB used.

Virtual space:
  Non-class space:       88.00 MB reserved,      87.00 MB ( 99%) committed,  11 nodes.
      Class space:        1.00 GB reserved,      13.81 MB (  1%) committed,  1 nodes.
             Both:        1.09 GB reserved,     100.81 MB (  9%) committed. 

Chunk freelists:
   Non-Class:  352.00 KB
       Class:  2.18 MB
        Both:  2.53 MB

MaxMetaspaceSize: unlimited
CompressedClassSpaceSize: 1.00 GB
Initial GC threshold: 21.00 MB
Current GC threshold: 101.69 MB
CDS: off
MetaspaceReclaimPolicy: balanced
 - commit_granule_bytes: 65536.
 - commit_granule_words: 8192.
 - virtual_space_node_default_size: 1048576.
 - enlarge_chunks_in_place: 1.
 - new_chunks_are_fully_committed: 0.
 - uncommit_free_chunks: 1.
 - use_allocation_guard: 0.
 - handle_deallocations: 1.


Internal statistics:

num_allocs_failed_limit: 9.
num_arena_births: 920.
num_arena_deaths: 0.
num_vsnodes_births: 12.
num_vsnodes_deaths: 0.
num_space_committed: 1613.
num_space_uncommitted: 0.
num_chunks_returned_to_freelist: 9.
num_chunks_taken_from_freelist: 4541.
num_chunk_merges: 6.
num_chunk_splits: 3011.
num_chunks_enlarged: 2063.
num_purges: 0.
num_inconsistent_stats: 0.

CodeHeap 'non-profiled nmethods': size=120000Kb used=5121Kb max_used=5121Kb free=114878Kb
 bounds [0x0000020a23890000, 0x0000020a23da0000, 0x0000020a2adc0000]
CodeHeap 'profiled nmethods': size=120000Kb used=19775Kb max_used=19775Kb free=100224Kb
 bounds [0x0000020a1bdc0000, 0x0000020a1d110000, 0x0000020a232f0000]
CodeHeap 'non-nmethods': size=5760Kb used=2434Kb max_used=2516Kb free=3325Kb
 bounds [0x0000020a232f0000, 0x0000020a23580000, 0x0000020a23890000]
 total_blobs=10892 nmethods=9919 adapters=884
 compilation: enabled
              stopped_count=0, restarted_count=0
 full_count=0

Compilation events (20 events):
Event: 22.510 Thread 0x0000020a31ef79a0 10832       3       org.gradle.internal.execution.steps.PreviousExecutionContext::<init> (11 bytes)
Event: 22.510 Thread 0x0000020a31ef79a0 nmethod 10832 0x0000020a1d0ea690 code [0x0000020a1d0ea840, 0x0000020a1d0ea9e8]
Event: 22.514 Thread 0x0000020a31ef79a0 10834       3       org.gradle.internal.snapshot.AbstractListChildMap::withNewChild (36 bytes)
Event: 22.515 Thread 0x0000020a31ef79a0 nmethod 10834 0x0000020a1d0eaa90 code [0x0000020a1d0eac60, 0x0000020a1d0eb0e8]
Event: 22.518 Thread 0x0000020a31ef79a0 10835       3       org.gradle.internal.execution.steps.IdentityContext::<init> (22 bytes)
Event: 22.518 Thread 0x0000020a31ef79a0 nmethod 10835 0x0000020a1d0eb290 code [0x0000020a1d0eb4a0, 0x0000020a1d0ebdd8]
Event: 22.518 Thread 0x0000020a31ef79a0 10836       3       org.gradle.internal.execution.steps.ExecutionRequestContext::<init> (20 bytes)
Event: 22.519 Thread 0x0000020a31ef79a0 nmethod 10836 0x0000020a1d0ec090 code [0x0000020a1d0ec280, 0x0000020a1d0eca58]
Event: 22.523 Thread 0x0000020a31ef79a0 10838       3       org.gradle.internal.logging.slf4j.OutputEventListenerBackedLogger::isInfoEnabled (5 bytes)
Event: 22.523 Thread 0x0000020a31ef79a0 nmethod 10838 0x0000020a1d0ecc90 code [0x0000020a1d0ece60, 0x0000020a1d0ed248]
Event: 22.523 Thread 0x0000020a31ef79a0 10839       3       org.gradle.internal.logging.slf4j.BuildOperationAwareLogger::isInfoEnabled (8 bytes)
Event: 22.523 Thread 0x0000020a31ef79a0 nmethod 10839 0x0000020a1d0ed410 code [0x0000020a1d0ed5c0, 0x0000020a1d0ed788]
Event: 22.525 Thread 0x0000020a31ef79a0 10840       1       org.gradle.internal.snapshot.AbstractFileSystemLocationSnapshot::hasDescendants (2 bytes)
Event: 22.525 Thread 0x0000020a31ef79a0 nmethod 10840 0x0000020a23d8cd10 code [0x0000020a23d8cea0, 0x0000020a23d8cf78]
Event: 22.531 Thread 0x0000020a31ef79a0 10841       3       com.google.common.collect.ImmutableAsList::size (8 bytes)
Event: 22.531 Thread 0x0000020a31ef79a0 nmethod 10841 0x0000020a1d0ed810 code [0x0000020a1d0ed9c0, 0x0000020a1d0edc38]
Event: 22.532 Thread 0x0000020a31ef79a0 10842       3       com.google.common.collect.ImmutableSortedSet::unsafeCompare (10 bytes)
Event: 22.532 Thread 0x0000020a31ef79a0 nmethod 10842 0x0000020a1d0edd10 code [0x0000020a1d0edec0, 0x0000020a1d0ee0e8]
Event: 22.532 Thread 0x0000020a31ef79a0 10843       3       com.google.common.collect.ImmutableSortedSet::unsafeCompare (11 bytes)
Event: 22.532 Thread 0x0000020a31ef79a0 nmethod 10843 0x0000020a1d0ee210 code [0x0000020a1d0ee3c0, 0x0000020a1d0ee568]

GC Heap History (20 events):
Event: 11.233 GC heap before
{Heap before GC invocations=26 (full 0):
 garbage-first heap   total 81920K, used 68549K [0x0000000080000000, 0x0000000100000000)
  region size 1024K, 21 young (21504K), 4 survivors (4096K)
 Metaspace       used 60033K, committed 60480K, reserved 1105920K
  class space    used 7881K, committed 8064K, reserved 1048576K
}
Event: 11.238 GC heap after
{Heap after GC invocations=27 (full 0):
 garbage-first heap   total 81920K, used 57710K [0x0000000080000000, 0x0000000100000000)
  region size 1024K, 3 young (3072K), 3 survivors (3072K)
 Metaspace       used 60033K, committed 60480K, reserved 1105920K
  class space    used 7881K, committed 8064K, reserved 1048576K
}
Event: 11.252 GC heap before
{Heap before GC invocations=27 (full 0):
 garbage-first heap   total 81920K, used 58734K [0x0000000080000000, 0x0000000100000000)
  region size 1024K, 4 young (4096K), 3 survivors (3072K)
 Metaspace       used 60145K, committed 60608K, reserved 1105920K
  class space    used 7902K, committed 8128K, reserved 1048576K
}
Event: 11.256 GC heap after
{Heap after GC invocations=28 (full 0):
 garbage-first heap   total 81920K, used 57590K [0x0000000080000000, 0x0000000100000000)
  region size 1024K, 1 young (1024K), 1 survivors (1024K)
 Metaspace       used 60145K, committed 60608K, reserved 1105920K
  class space    used 7902K, committed 8128K, reserved 1048576K
}
Event: 11.427 GC heap before
{Heap before GC invocations=28 (full 0):
 garbage-first heap   total 81920K, used 67830K [0x0000000080000000, 0x0000000100000000)
  region size 1024K, 11 young (11264K), 1 survivors (1024K)
 Metaspace       used 61472K, committed 61952K, reserved 1105920K
  class space    used 8099K, committed 8320K, reserved 1048576K
}
Event: 11.430 GC heap after
{Heap after GC invocations=29 (full 0):
 garbage-first heap   total 81920K, used 57678K [0x0000000080000000, 0x0000000100000000)
  region size 1024K, 1 young (1024K), 1 survivors (1024K)
 Metaspace       used 61472K, committed 61952K, reserved 1105920K
  class space    used 8099K, committed 8320K, reserved 1048576K
}
Event: 11.669 GC heap before
{Heap before GC invocations=30 (full 0):
 garbage-first heap   total 104448K, used 67918K [0x0000000080000000, 0x0000000100000000)
  region size 1024K, 11 young (11264K), 1 survivors (1024K)
 Metaspace       used 63115K, committed 63616K, reserved 1105920K
  class space    used 8292K, committed 8512K, reserved 1048576K
}
Event: 11.674 GC heap after
{Heap after GC invocations=31 (full 0):
 garbage-first heap   total 104448K, used 58105K [0x0000000080000000, 0x0000000100000000)
  region size 1024K, 1 young (1024K), 1 survivors (1024K)
 Metaspace       used 63115K, committed 63616K, reserved 1105920K
  class space    used 8292K, committed 8512K, reserved 1048576K
}
Event: 11.742 GC heap before
{Heap before GC invocations=31 (full 0):
 garbage-first heap   total 104448K, used 62201K [0x0000000080000000, 0x0000000100000000)
  region size 1024K, 5 young (5120K), 1 survivors (1024K)
 Metaspace       used 63845K, committed 64320K, reserved 1105920K
  class space    used 8381K, committed 8576K, reserved 1048576K
}
Event: 11.747 GC heap after
{Heap after GC invocations=32 (full 0):
 garbage-first heap   total 208896K, used 57896K [0x0000000080000000, 0x0000000100000000)
  region size 1024K, 1 young (1024K), 1 survivors (1024K)
 Metaspace       used 63845K, committed 64320K, reserved 1105920K
  class space    used 8381K, committed 8576K, reserved 1048576K
}
Event: 13.517 GC heap before
{Heap before GC invocations=32 (full 0):
 garbage-first heap   total 208896K, used 150056K [0x0000000080000000, 0x0000000100000000)
  region size 1024K, 85 young (87040K), 1 survivors (1024K)
 Metaspace       used 73110K, committed 73600K, reserved 1114112K
  class space    used 9586K, committed 9792K, reserved 1048576K
}
Event: 13.537 GC heap after
{Heap after GC invocations=33 (full 0):
 garbage-first heap   total 208896K, used 65004K [0x0000000080000000, 0x0000000100000000)
  region size 1024K, 8 young (8192K), 8 survivors (8192K)
 Metaspace       used 73110K, committed 73600K, reserved 1114112K
  class space    used 9586K, committed 9792K, reserved 1048576K
}
Event: 15.661 GC heap before
{Heap before GC invocations=33 (full 0):
 garbage-first heap   total 208896K, used 155116K [0x0000000080000000, 0x0000000100000000)
  region size 1024K, 95 young (97280K), 8 survivors (8192K)
 Metaspace       used 79482K, committed 80064K, reserved 1122304K
  class space    used 10429K, committed 10688K, reserved 1048576K
}
Event: 15.689 GC heap after
{Heap after GC invocations=34 (full 0):
 garbage-first heap   total 208896K, used 71573K [0x0000000080000000, 0x0000000100000000)
  region size 1024K, 7 young (7168K), 7 survivors (7168K)
 Metaspace       used 79482K, committed 80064K, reserved 1122304K
  class space    used 10429K, committed 10688K, reserved 1048576K
}
Event: 17.732 GC heap before
{Heap before GC invocations=34 (full 0):
 garbage-first heap   total 208896K, used 157589K [0x0000000080000000, 0x0000000100000000)
  region size 1024K, 91 young (93184K), 7 survivors (7168K)
 Metaspace       used 89748K, committed 90368K, reserved 1130496K
  class space    used 12058K, committed 12352K, reserved 1048576K
}
Event: 17.750 GC heap after
{Heap after GC invocations=35 (full 0):
 garbage-first heap   total 208896K, used 76121K [0x0000000080000000, 0x0000000100000000)
  region size 1024K, 11 young (11264K), 11 survivors (11264K)
 Metaspace       used 89748K, committed 90368K, reserved 1130496K
  class space    used 12058K, committed 12352K, reserved 1048576K
}
Event: 19.621 GC heap before
{Heap before GC invocations=35 (full 0):
 garbage-first heap   total 208896K, used 163161K [0x0000000080000000, 0x0000000100000000)
  region size 1024K, 96 young (98304K), 11 survivors (11264K)
 Metaspace       used 98351K, committed 98944K, reserved 1138688K
  class space    used 13293K, committed 13568K, reserved 1048576K
}
Event: 19.671 GC heap after
{Heap after GC invocations=36 (full 0):
 garbage-first heap   total 208896K, used 83499K [0x0000000080000000, 0x0000000100000000)
  region size 1024K, 12 young (12288K), 12 survivors (12288K)
 Metaspace       used 98351K, committed 98944K, reserved 1138688K
  class space    used 13293K, committed 13568K, reserved 1048576K
}
Event: 21.534 GC heap before
{Heap before GC invocations=36 (full 0):
 garbage-first heap   total 208896K, used 164395K [0x0000000080000000, 0x0000000100000000)
  region size 1024K, 92 young (94208K), 12 survivors (12288K)
 Metaspace       used 102181K, committed 102848K, reserved 1138688K
  class space    used 13766K, committed 14080K, reserved 1048576K
}
Event: 21.641 GC heap after
{Heap after GC invocations=37 (full 0):
 garbage-first heap   total 208896K, used 96226K [0x0000000080000000, 0x0000000100000000)
  region size 1024K, 12 young (12288K), 12 survivors (12288K)
 Metaspace       used 102181K, committed 102848K, reserved 1138688K
  class space    used 13766K, committed 14080K, reserved 1048576K
}

Dll operation events (2 events):
Event: 0.053 Loaded shared library C:\Program Files\Android\Android Studio\jbr\bin\java.dll
Event: 1.152 Loaded shared library C:\Program Files\Android\Android Studio\jbr\bin\verify.dll

Deoptimization events (20 events):
Event: 22.294 Thread 0x0000020a33d55d60 Uncommon trap: trap_request=0xffffffd6 fr.pc=0x0000020a23d6eab8 relative=0x0000000000000ef8
Event: 22.294 Thread 0x0000020a33d55d60 Uncommon trap: reason=array_check action=maybe_recompile pc=0x0000020a23d6eab8 method=com.google.common.collect.RegularImmutableMap.fromEntryArrayCheckingBucketOverflow(I[Ljava/util/Map$Entry;Z)Lcom/google/common/collect/ImmutableMap; @ 216 c2
Event: 22.294 Thread 0x0000020a33d55d60 DEOPT PACKING pc=0x0000020a23d6eab8 sp=0x000000e4cc6fe420
Event: 22.294 Thread 0x0000020a33d55d60 DEOPT UNPACKING pc=0x0000020a233469a3 sp=0x000000e4cc6fe230 mode 2
Event: 22.317 Thread 0x0000020a33d55d60 Uncommon trap: trap_request=0xffffffd6 fr.pc=0x0000020a23d6eab8 relative=0x0000000000000ef8
Event: 22.317 Thread 0x0000020a33d55d60 Uncommon trap: reason=array_check action=maybe_recompile pc=0x0000020a23d6eab8 method=com.google.common.collect.RegularImmutableMap.fromEntryArrayCheckingBucketOverflow(I[Ljava/util/Map$Entry;Z)Lcom/google/common/collect/ImmutableMap; @ 216 c2
Event: 22.317 Thread 0x0000020a33d55d60 DEOPT PACKING pc=0x0000020a23d6eab8 sp=0x000000e4cc6fe420
Event: 22.317 Thread 0x0000020a33d55d60 DEOPT UNPACKING pc=0x0000020a233469a3 sp=0x000000e4cc6fe230 mode 2
Event: 22.369 Thread 0x0000020a3cd81560 Uncommon trap: trap_request=0xffffff45 fr.pc=0x0000020a239a4804 relative=0x0000000000000264
Event: 22.369 Thread 0x0000020a3cd81560 Uncommon trap: reason=unstable_if action=reinterpret pc=0x0000020a239a4804 method=java.util.concurrent.ConcurrentHashMap.get(Ljava/lang/Object;)Ljava/lang/Object; @ 86 c2
Event: 22.369 Thread 0x0000020a3cd81560 DEOPT PACKING pc=0x0000020a239a4804 sp=0x000000e4cfefaa80
Event: 22.369 Thread 0x0000020a3cd81560 DEOPT UNPACKING pc=0x0000020a233469a3 sp=0x000000e4cfefa9f8 mode 2
Event: 22.389 Thread 0x0000020a3cd81560 Uncommon trap: trap_request=0xffffff45 fr.pc=0x0000020a23bf3efc relative=0x00000000000018bc
Event: 22.389 Thread 0x0000020a3cd81560 Uncommon trap: reason=unstable_if action=reinterpret pc=0x0000020a23bf3efc method=java.util.concurrent.ConcurrentHashMap.computeIfAbsent(Ljava/lang/Object;Ljava/util/function/Function;)Ljava/lang/Object; @ 279 c2
Event: 22.389 Thread 0x0000020a3cd81560 DEOPT PACKING pc=0x0000020a23bf3efc sp=0x000000e4cfefae10
Event: 22.389 Thread 0x0000020a3cd81560 DEOPT UNPACKING pc=0x0000020a233469a3 sp=0x000000e4cfefada8 mode 2
Event: 22.405 Thread 0x0000020a3cd81560 Uncommon trap: trap_request=0xffffff76 fr.pc=0x0000020a23d8a570 relative=0x0000000000000550
Event: 22.405 Thread 0x0000020a3cd81560 Uncommon trap: reason=predicate action=maybe_recompile pc=0x0000020a23d8a570 method=java.util.TimSort.reverseRange([Ljava/lang/Object;II)V @ 5 c2
Event: 22.405 Thread 0x0000020a3cd81560 DEOPT PACKING pc=0x0000020a23d8a570 sp=0x000000e4cfefaa10
Event: 22.405 Thread 0x0000020a3cd81560 DEOPT UNPACKING pc=0x0000020a233469a3 sp=0x000000e4cfefa948 mode 2

Classes unloaded (0 events):
No events

Classes redefined (0 events):
No events

Internal exceptions (20 events):
Event: 20.409 Thread 0x0000020a3cd81560 Exception <a 'java/lang/NoSuchMethodError'{0x000000008915f628}: 'void java.lang.invoke.DirectMethodHandle$Holder.invokeInterface(java.lang.Object, java.lang.Object, java.lang.Object, java.lang.Object)'> (0x000000008915f628) 
thrown [s\src\hotspot\share\interpreter\linkResolver.cpp, line 771]
Event: 20.458 Thread 0x0000020a33d54550 Exception <a 'java/lang/NoSuchMethodError'{0x0000000088f95768}: static Lorg/gradle/internal/build/event/types/DefaultTaskStartedProgressEvent;.<clinit>()V> (0x0000000088f95768) 
thrown [s\src\hotspot\share\prims\jni.cpp, line 1108]
Event: 20.460 Thread 0x0000020a33d54550 Exception <a 'java/lang/NoSuchMethodError'{0x0000000088fa1d08}: static Lorg/gradle/internal/build/event/types/DefaultTaskDescriptor;.<clinit>()V> (0x0000000088fa1d08) 
thrown [s\src\hotspot\share\prims\jni.cpp, line 1108]
Event: 20.468 Thread 0x0000020a3cd81560 Exception <a 'java/lang/IncompatibleClassChangeError'{0x0000000088fc9b20}: Found class java.lang.Object, but interface was expected> (0x0000000088fc9b20) 
thrown [s\src\hotspot\share\interpreter\linkResolver.cpp, line 838]
Event: 20.535 Thread 0x0000020a3cd81560 Exception <a 'java/lang/IncompatibleClassChangeError'{0x0000000088ef99e0}: Found class java.lang.Object, but interface was expected> (0x0000000088ef99e0) 
thrown [s\src\hotspot\share\interpreter\linkResolver.cpp, line 838]
Event: 20.570 Thread 0x0000020a3cd81560 Exception <a 'java/lang/NoSuchMethodError'{0x0000000088c9b7d8}: 'int java.lang.invoke.DirectMethodHandle$Holder.invokeStaticInit(java.lang.Object, java.lang.Object, java.lang.Object, java.lang.Object, java.lang.Object)'> (0x0000000088c9b7d8) 
thrown [s\src\hotspot\share\interpreter\linkResolver.cpp, line 771]
Event: 20.590 Thread 0x0000020a33d54550 Exception <a 'java/lang/NoSuchMethodError'{0x0000000088bb4248}: static Lorg/gradle/internal/build/event/types/DefaultTaskFinishedProgressEvent;.<clinit>()V> (0x0000000088bb4248) 
thrown [s\src\hotspot\share\prims\jni.cpp, line 1108]
Event: 20.593 Thread 0x0000020a33d54550 Exception <a 'java/lang/NoSuchMethodError'{0x0000000088bc9040}: static Lorg/gradle/internal/build/event/types/DefaultTaskSuccessResult;.<clinit>()V> (0x0000000088bc9040) 
thrown [s\src\hotspot\share\prims\jni.cpp, line 1108]
Event: 20.594 Thread 0x0000020a33d54550 Exception <a 'java/lang/NoSuchMethodError'{0x0000000088bca748}: static Lorg/gradle/internal/build/event/types/AbstractTaskResult;.<clinit>()V> (0x0000000088bca748) 
thrown [s\src\hotspot\share\prims\jni.cpp, line 1108]
Event: 20.606 Thread 0x0000020a3cd81560 Exception <a 'sun/nio/fs/WindowsException'{0x0000000088b61018}> (0x0000000088b61018) 
thrown [s\src\hotspot\share\prims\jni.cpp, line 517]
Event: 20.623 Thread 0x0000020a33d54550 Exception <a 'java/lang/NoSuchMethodError'{0x00000000889097c0}: static Lorg/gradle/internal/build/event/types/DefaultTaskSkippedResult;.<clinit>()V> (0x00000000889097c0) 
thrown [s\src\hotspot\share\prims\jni.cpp, line 1108]
Event: 20.632 Thread 0x0000020a3654a550 Exception <a 'java/lang/NoSuchMethodError'{0x0000000088b93468}: static Lcom/android/buildanalyzer/common/AndroidGradlePluginAttributionData$BuildInfo;.<clinit>()V> (0x0000000088b93468) 
thrown [s\src\hotspot\share\prims\jni.cpp, line 1108]
Event: 20.636 Thread 0x0000020a3654a550 Exception <a 'java/lang/NoSuchMethodError'{0x0000000088ba9740}: static Lcom/android/buildanalyzer/common/AndroidGradlePluginAttributionData$JavaInfo;.<clinit>()V> (0x0000000088ba9740) 
thrown [s\src\hotspot\share\prims\jni.cpp, line 1108]
Event: 20.642 Thread 0x0000020a3654a550 Exception <a 'java/lang/NoSuchMethodError'{0x0000000088972028}: static [Ljava/lang/String;.<clinit>()V> (0x0000000088972028) 
thrown [s\src\hotspot\share\prims\jni.cpp, line 1108]
Event: 20.644 Thread 0x0000020a3654a550 Exception <a 'java/lang/NoSuchMethodError'{0x000000008897dc70}: static Lcom/android/buildanalyzer/common/AndroidGradlePluginAttributionData$TaskInfo;.<clinit>()V> (0x000000008897dc70) 
thrown [s\src\hotspot\share\prims\jni.cpp, line 1108]
Event: 20.645 Thread 0x0000020a3654a550 Exception <a 'java/lang/NoSuchMethodError'{0x000000008898a368}: static Lcom/android/buildanalyzer/common/AndroidGradlePluginAttributionData$TaskCategoryInfo;.<clinit>()V> (0x000000008898a368) 
thrown [s\src\hotspot\share\prims\jni.cpp, line 1108]
Event: 21.496 Thread 0x0000020a3cd81560 Exception <a 'java/lang/NoSuchMethodError'{0x0000000087fbf1a0}: 'void java.lang.invoke.DirectMethodHandle$Holder.invokeStatic(java.lang.Object, java.lang.Object, java.lang.Object, java.lang.Object, int, java.lang.Object, java.lang.Object)'> (0x0000000087fbf1a0) 
thrown [s\src\hotspot\share\interpreter\linkResolver.cpp, line 771]
Event: 21.681 Thread 0x0000020a358ca080 Exception <a 'java/lang/NoSuchMethodError'{0x000000008cb53d48}: 'java.lang.Object java.lang.invoke.DirectMethodHandle$Holder.invokeSpecialIFC(java.lang.Object, java.lang.Object, java.lang.Object)'> (0x000000008cb53d48) 
thrown [s\src\hotspot\share\interpreter\linkResolver.cpp, line 771]
Event: 21.681 Thread 0x0000020a358cbd60 Exception <a 'java/lang/NoSuchMethodError'{0x000000008ca0e548}: 'java.lang.Object java.lang.invoke.DirectMethodHandle$Holder.invokeSpecialIFC(java.lang.Object, java.lang.Object, java.lang.Object)'> (0x000000008ca0e548) 
thrown [s\src\hotspot\share\interpreter\linkResolver.cpp, line 771]
Event: 21.682 Thread 0x0000020a3cd81560 Exception <a 'java/lang/NoSuchMethodError'{0x000000008cb1f808}: 'java.lang.Object java.lang.invoke.DirectMethodHandle$Holder.invokeSpecialIFC(java.lang.Object, java.lang.Object, java.lang.Object)'> (0x000000008cb1f808) 
thrown [s\src\hotspot\share\interpreter\linkResolver.cpp, line 771]

VM Operations (20 events):
Event: 20.201 Executing VM operation: HandshakeAllThreads
Event: 20.202 Executing VM operation: HandshakeAllThreads done
Event: 20.394 Executing VM operation: HandshakeAllThreads
Event: 20.394 Executing VM operation: HandshakeAllThreads done
Event: 20.440 Executing VM operation: HandshakeAllThreads
Event: 20.440 Executing VM operation: HandshakeAllThreads done
Event: 20.442 Executing VM operation: HandshakeAllThreads
Event: 20.442 Executing VM operation: HandshakeAllThreads done
Event: 20.552 Executing VM operation: HandshakeAllThreads
Event: 20.552 Executing VM operation: HandshakeAllThreads done
Event: 20.587 Executing VM operation: HandshakeAllThreads
Event: 20.587 Executing VM operation: HandshakeAllThreads done
Event: 20.603 Executing VM operation: ICBufferFull
Event: 20.604 Executing VM operation: ICBufferFull done
Event: 21.271 Executing VM operation: ICBufferFull
Event: 21.271 Executing VM operation: ICBufferFull done
Event: 21.534 Executing VM operation: G1CollectForAllocation
Event: 21.642 Executing VM operation: G1CollectForAllocation done
Event: 22.414 Executing VM operation: ICBufferFull
Event: 22.414 Executing VM operation: ICBufferFull done

Events (20 events):
Event: 20.254 Thread 0x0000020a3cd80bc0 Thread added: 0x0000020a3cd80bc0
Event: 20.301 Thread 0x0000020a3cd83be0 Thread added: 0x0000020a3cd83be0
Event: 20.316 Thread 0x0000020a3cd840b0 Thread added: 0x0000020a3cd840b0
Event: 20.317 Thread 0x0000020a3cd823d0 Thread added: 0x0000020a3cd823d0
Event: 20.317 Thread 0x0000020a3cd81560 Thread added: 0x0000020a3cd81560
Event: 20.417 Thread 0x0000020a3cd83240 Thread added: 0x0000020a3cd83240
Event: 20.453 loading class java/util/TreeMap$KeySpliterator
Event: 20.454 loading class java/util/TreeMap$KeySpliterator done
Event: 20.641 loading class java/io/ObjectStreamClass$ExceptionInfo
Event: 20.641 loading class java/io/ObjectStreamClass$ExceptionInfo done
Event: 21.764 loading class java/util/stream/ReferencePipeline$4
Event: 21.769 loading class java/util/stream/ReferencePipeline$4 done
Event: 21.769 loading class java/util/function/IntBinaryOperator
Event: 21.770 loading class java/util/function/IntBinaryOperator done
Event: 21.771 loading class java/util/stream/ReduceOps$6
Event: 21.772 loading class java/util/stream/ReduceOps$6 done
Event: 21.772 loading class java/util/stream/ReduceOps$5ReducingSink
Event: 21.772 loading class java/util/stream/ReduceOps$5ReducingSink done
Event: 21.772 loading class java/util/stream/ReferencePipeline$4$1
Event: 21.772 loading class java/util/stream/ReferencePipeline$4$1 done


Dynamic libraries:
0x00007ff6293d0000 - 0x00007ff6293da000 	C:\Program Files\Android\Android Studio\jbr\bin\java.exe
0x00007ffa8ed90000 - 0x00007ffa8efa7000 	C:\WINDOWS\SYSTEM32\ntdll.dll
0x00007ffa8e360000 - 0x00007ffa8e424000 	C:\WINDOWS\System32\KERNEL32.DLL
0x00007ffa8c3c0000 - 0x00007ffa8c76c000 	C:\WINDOWS\System32\KERNELBASE.dll
0x00007ffa8c2a0000 - 0x00007ffa8c3b1000 	C:\WINDOWS\System32\ucrtbase.dll
0x00007ffa7b9d0000 - 0x00007ffa7b9eb000 	C:\Program Files\Android\Android Studio\jbr\bin\VCRUNTIME140.dll
0x00007ffa7b9b0000 - 0x00007ffa7b9c7000 	C:\Program Files\Android\Android Studio\jbr\bin\jli.dll
0x00007ffa8d680000 - 0x00007ffa8d82e000 	C:\WINDOWS\System32\USER32.dll
0x00007ffa8c810000 - 0x00007ffa8c836000 	C:\WINDOWS\System32\win32u.dll
0x00007ffa8e4c0000 - 0x00007ffa8e4e9000 	C:\WINDOWS\System32\GDI32.dll
0x00007ffa8c9b0000 - 0x00007ffa8cac9000 	C:\WINDOWS\System32\gdi32full.dll
0x00007ffa8c770000 - 0x00007ffa8c80a000 	C:\WINDOWS\System32\msvcp_win.dll
0x00007ffa78600000 - 0x00007ffa78893000 	C:\WINDOWS\WinSxS\amd64_microsoft.windows.common-controls_6595b64144ccf1df_6.0.22621.3672_none_2713b9d173822955\COMCTL32.dll
0x00007ffa8ec90000 - 0x00007ffa8ed37000 	C:\WINDOWS\System32\msvcrt.dll
0x00007ffa8dab0000 - 0x00007ffa8dae1000 	C:\WINDOWS\System32\IMM32.DLL
0x00007ffa7ba00000 - 0x00007ffa7ba0c000 	C:\Program Files\Android\Android Studio\jbr\bin\vcruntime140_1.dll
0x00007ffa5e750000 - 0x00007ffa5e7dd000 	C:\Program Files\Android\Android Studio\jbr\bin\msvcp140.dll
0x00007ffa29530000 - 0x00007ffa2a19d000 	C:\Program Files\Android\Android Studio\jbr\bin\server\jvm.dll
0x00007ffa8d540000 - 0x00007ffa8d5f2000 	C:\WINDOWS\System32\ADVAPI32.dll
0x00007ffa8d490000 - 0x00007ffa8d53a000 	C:\WINDOWS\System32\sechost.dll
0x00007ffa8c270000 - 0x00007ffa8c298000 	C:\WINDOWS\System32\bcrypt.dll
0x00007ffa8d830000 - 0x00007ffa8d945000 	C:\WINDOWS\System32\RPCRT4.dll
0x00007ffa7d110000 - 0x00007ffa7d11a000 	C:\WINDOWS\SYSTEM32\VERSION.dll
0x00007ffa85dc0000 - 0x00007ffa85df4000 	C:\WINDOWS\SYSTEM32\WINMM.dll
0x00007ffa6dd20000 - 0x00007ffa6dd29000 	C:\WINDOWS\SYSTEM32\WSOCK32.dll
0x00007ffa8d600000 - 0x00007ffa8d671000 	C:\WINDOWS\System32\ws2_32.DLL
0x00007ffa8b0b0000 - 0x00007ffa8b0c8000 	C:\WINDOWS\SYSTEM32\kernel.appcore.dll
0x00007ffa869f0000 - 0x00007ffa869fa000 	C:\Program Files\Android\Android Studio\jbr\bin\jimage.dll
0x00007ffa89080000 - 0x00007ffa892b2000 	C:\WINDOWS\SYSTEM32\DBGHELP.DLL
0x00007ffa8cf80000 - 0x00007ffa8d308000 	C:\WINDOWS\System32\combase.dll
0x00007ffa8e9e0000 - 0x00007ffa8eab7000 	C:\WINDOWS\System32\OLEAUT32.dll
0x00007ffa70120000 - 0x00007ffa70152000 	C:\WINDOWS\SYSTEM32\dbgcore.DLL
0x00007ffa8c180000 - 0x00007ffa8c1fb000 	C:\WINDOWS\System32\bcryptPrimitives.dll
0x00007ffa613c0000 - 0x00007ffa613e5000 	C:\Program Files\Android\Android Studio\jbr\bin\java.dll
0x00007ffa7b8b0000 - 0x00007ffa7b8c8000 	C:\Program Files\Android\Android Studio\jbr\bin\zip.dll
0x00007ffa8daf0000 - 0x00007ffa8e34c000 	C:\WINDOWS\System32\SHELL32.dll
0x00007ffa89fc0000 - 0x00007ffa8a8b7000 	C:\WINDOWS\SYSTEM32\windows.storage.dll
0x00007ffa89e80000 - 0x00007ffa89fbf000 	C:\WINDOWS\SYSTEM32\wintypes.dll
0x00007ffa8e860000 - 0x00007ffa8e954000 	C:\WINDOWS\System32\SHCORE.dll
0x00007ffa8e550000 - 0x00007ffa8e5ae000 	C:\WINDOWS\System32\shlwapi.dll
0x00007ffa8bff0000 - 0x00007ffa8c011000 	C:\WINDOWS\SYSTEM32\profapi.dll
0x00007ffa6e430000 - 0x00007ffa6e449000 	C:\Program Files\Android\Android Studio\jbr\bin\net.dll
0x00007ffa85c80000 - 0x00007ffa85db6000 	C:\WINDOWS\SYSTEM32\WINHTTP.dll
0x00007ffa8b530000 - 0x00007ffa8b599000 	C:\WINDOWS\system32\mswsock.dll
0x00007ffa64040000 - 0x00007ffa64056000 	C:\Program Files\Android\Android Studio\jbr\bin\nio.dll
0x00007ffa7b970000 - 0x00007ffa7b980000 	C:\Program Files\Android\Android Studio\jbr\bin\verify.dll
0x00007ffa49850000 - 0x00007ffa49877000 	C:\Users\abd.goffar\.gradle\native\68d5fa5c4cc2d200863cafc0d521ce42e7d3e7ee720ec0a83991735586a16f82\windows-amd64\native-platform.dll
0x00007ffa3e580000 - 0x00007ffa3e6c4000 	C:\Users\abd.goffar\.gradle\native\e376f236ea51e6404a007f0833ffe2c6e607c4080706a723a18a27aeea778392\windows-amd64\native-platform-file-events.dll
0x00007ffa7ca70000 - 0x00007ffa7ca79000 	C:\Program Files\Android\Android Studio\jbr\bin\management.dll
0x00007ffa7bae0000 - 0x00007ffa7baeb000 	C:\Program Files\Android\Android Studio\jbr\bin\management_ext.dll
0x00007ffa8ed40000 - 0x00007ffa8ed48000 	C:\WINDOWS\System32\PSAPI.DLL
0x00007ffa8b7c0000 - 0x00007ffa8b7db000 	C:\WINDOWS\SYSTEM32\CRYPTSP.dll
0x00007ffa8b010000 - 0x00007ffa8b045000 	C:\WINDOWS\system32\rsaenh.dll
0x00007ffa8b640000 - 0x00007ffa8b668000 	C:\WINDOWS\SYSTEM32\USERENV.dll
0x00007ffa8b7e0000 - 0x00007ffa8b7ec000 	C:\WINDOWS\SYSTEM32\CRYPTBASE.dll
0x00007ffa8ab20000 - 0x00007ffa8ab4d000 	C:\WINDOWS\SYSTEM32\IPHLPAPI.DLL
0x00007ffa8e350000 - 0x00007ffa8e359000 	C:\WINDOWS\System32\NSI.dll
0x00007ffa85c60000 - 0x00007ffa85c79000 	C:\WINDOWS\SYSTEM32\dhcpcsvc6.DLL
0x00007ffa85c40000 - 0x00007ffa85c5f000 	C:\WINDOWS\SYSTEM32\dhcpcsvc.DLL
0x00007ffa8ab90000 - 0x00007ffa8ac88000 	C:\WINDOWS\SYSTEM32\DNSAPI.dll
0x00007ffa86250000 - 0x00007ffa86258000 	C:\WINDOWS\system32\wshunix.dll
0x00007ffa789d0000 - 0x00007ffa789da000 	C:\Windows\System32\rasadhlp.dll
0x00007ffa842b0000 - 0x00007ffa84333000 	C:\WINDOWS\System32\fwpuclnt.dll
0x00007ffa5e230000 - 0x00007ffa5e247000 	C:\WINDOWS\system32\napinsp.dll
0x00007ffa5fbd0000 - 0x00007ffa5fbeb000 	C:\WINDOWS\system32\pnrpnsp.dll
0x00007ffa61990000 - 0x00007ffa619a1000 	C:\WINDOWS\System32\winrnr.dll
0x00007ffa50d60000 - 0x00007ffa50d75000 	C:\WINDOWS\system32\wshbth.dll
0x00007ffa6aa40000 - 0x00007ffa6aa67000 	C:\WINDOWS\system32\nlansp_c.dll

dbghelp: loaded successfully - version: 4.0.5 - missing functions: none
symbol engine: initialized successfully - sym options: 0x614 - pdb path: .;C:\Program Files\Android\Android Studio\jbr\bin;C:\WINDOWS\SYSTEM32;C:\WINDOWS\WinSxS\amd64_microsoft.windows.common-controls_6595b64144ccf1df_6.0.22621.3672_none_2713b9d173822955;C:\Program Files\Android\Android Studio\jbr\bin\server;C:\Users\abd.goffar\.gradle\native\68d5fa5c4cc2d200863cafc0d521ce42e7d3e7ee720ec0a83991735586a16f82\windows-amd64;C:\Users\abd.goffar\.gradle\native\e376f236ea51e6404a007f0833ffe2c6e607c4080706a723a18a27aeea778392\windows-amd64

VM Arguments:
jvm_args: --add-opens=java.base/java.util=ALL-UNNAMED --add-opens=java.base/java.lang=ALL-UNNAMED --add-opens=java.base/java.lang.invoke=ALL-UNNAMED --add-opens=java.prefs/java.util.prefs=ALL-UNNAMED --add-opens=java.base/java.nio.charset=ALL-UNNAMED --add-opens=java.base/java.net=ALL-UNNAMED --add-opens=java.base/java.util.concurrent.atomic=ALL-UNNAMED -Xmx2048m -Dfile.encoding=UTF-8 -Duser.country=ID -Duser.language=en -Duser.variant 
java_command: org.gradle.launcher.daemon.bootstrap.GradleDaemon 8.0
java_class_path (initial): C:\Users\abd.goffar\.gradle\wrapper\dists\gradle-8.0-bin\ca5e32bp14vu59qr306oxotwh\gradle-8.0\lib\gradle-launcher-8.0.jar
Launcher Type: SUN_STANDARD

[Global flags]
     intx CICompilerCount                          = 3                                         {product} {ergonomic}
     uint ConcGCThreads                            = 1                                         {product} {ergonomic}
     uint G1ConcRefinementThreads                  = 4                                         {product} {ergonomic}
   size_t G1HeapRegionSize                         = 1048576                                   {product} {ergonomic}
    uintx GCDrainStackTargetSize                   = 64                                        {product} {ergonomic}
   size_t InitialHeapSize                          = 65011712                                  {product} {ergonomic}
   size_t MarkStackSize                            = 4194304                                   {product} {ergonomic}
   size_t MaxHeapSize                              = 2147483648                                {product} {command line}
   size_t MaxNewSize                               = 1287651328                                {product} {ergonomic}
   size_t MinHeapDeltaBytes                        = 1048576                                   {product} {ergonomic}
   size_t MinHeapSize                              = 8388608                                   {product} {ergonomic}
    uintx NonNMethodCodeHeapSize                   = 5832780                                {pd product} {ergonomic}
    uintx NonProfiledCodeHeapSize                  = 122912730                              {pd product} {ergonomic}
    uintx ProfiledCodeHeapSize                     = 122912730                              {pd product} {ergonomic}
    uintx ReservedCodeCacheSize                    = 251658240                              {pd product} {ergonomic}
     bool SegmentedCodeCache                       = true                                      {product} {ergonomic}
   size_t SoftMaxHeapSize                          = 2147483648                             {manageable} {ergonomic}
     bool UseCompressedClassPointers               = true                           {product lp64_product} {ergonomic}
     bool UseCompressedOops                        = true                           {product lp64_product} {ergonomic}
     bool UseG1GC                                  = true                                      {product} {ergonomic}
     bool UseLargePagesIndividualAllocation        = false                                  {pd product} {ergonomic}

Logging:
Log output configuration:
 #0: stdout all=warning uptime,level,tags
 #1: stderr all=off uptime,level,tags

Environment Variables:
JAVA_HOME=C:\Program Files\jdk-20.0.2
PATH=C:\Program Files (x86)\Common Files\Intel\Shared Files\cpp\bin\Intel64;C:\WINDOWS\system32;C:\WINDOWS;C:\WINDOWS\System32\Wbem;C:\WINDOWS\System32\WindowsPowerShell\v1.0\;C:\WINDOWS\System32\OpenSSH\;C:\WINDOWS\system32\config\systemprofile\AppData\Roaming\Composer\vendor\bin;C:\Program Files\jdk-20.0.2\bin;C:\xampp\php;C:\Program Files\Microsoft VS Code\bin;C:\composer;C:\Program Files\apache-maven-3.9.4\bin;C:\Program Files\PostgreSQL\15\bin;C:\Program Files\nodejs\;C:\Program Files\dart-sdk\bin;C:\Program Files\flutter\bin;C:\Program Files\gradle-8.3\bin;C:\xampp\mysql\bin;C:\Program Files\Git\cmd;C:\Users\abd.goffar\AppData\Local\Microsoft\WindowsApps;;D:\PhpStorm 2022.3.3\bin;;C:\Program Files\JetBrains\IntelliJ IDEA Community Edition 2023.2.3\bin;;C:\Users\abd.goffar\AppData\Roaming\npm
USERNAME=abd.goffar
OS=Windows_NT
PROCESSOR_IDENTIFIER=Intel64 Family 6 Model 142 Stepping 12, GenuineIntel
TMP=C:\Users\ABD~1.GOF\AppData\Local\Temp
TEMP=C:\Users\ABD~1.GOF\AppData\Local\Temp



---------------  S Y S T E M  ---------------

OS:
 Windows 11 , 64 bit Build 22621 (10.0.22621.3672)
OS uptime: 3 days 1:39 hours
Hyper-V role detected

CPU: total 4 (initial active 4) (2 cores per cpu, 2 threads per core) family 6 model 142 stepping 12 microcode 0xea, cx8, cmov, fxsr, ht, mmx, 3dnowpref, sse, sse2, sse3, ssse3, sse4.1, sse4.2, popcnt, lzcnt, tsc, tscinvbit, avx, avx2, aes, erms, clmul, bmi1, bmi2, adx, fma, vzeroupper, clflush, clflushopt, hv

Memory: 4k page, system-wide physical 3930M (264M free)
TotalPageFile size 16218M (AvailPageFile size 2M)
current process WorkingSet (physical memory assigned to process): 299M, peak: 357M
current process commit charge ("private bytes"): 489M, peak: 498M

vm_info: OpenJDK 64-Bit Server VM (17.0.6+0-b2043.56-9586694) for windows-amd64 JRE (17.0.6+0-b2043.56-9586694), built on Feb  9 2023 20:06:20 by "androidbuild" with MS VC++ 16.10 / 16.11 (VS2019)

END.
